<?xml version="1.0" encoding="UTF-8"?>
<testsuite xmlns:xsi="http://www.w3.org/2001/XMLSchema-instance" xsi:noNamespaceSchemaLocation="https://maven.apache.org/surefire/maven-surefire-plugin/xsd/surefire-test-report.xsd" version="3.0.2" name="uk.me.robcook.gcp.domain.SaturationDegreeStrategyTests" time="0.575" tests="1002" errors="0" skipped="0" failures="0">
  <properties>
    <property name="java.specification.version" value="21"/>
    <property name="sun.cpu.isalist" value="amd64"/>
    <property name="sun.jnu.encoding" value="Cp1252"/>
    <property name="java.class.path" value="C:\Users\messa\source\repos\public\java\gcp\target\test-classes;C:\Users\messa\source\repos\public\java\gcp\target\classes;C:\Users\messa\.m2\repository\org\junit\jupiter\junit-jupiter-api\5.9.1\junit-jupiter-api-5.9.1.jar;C:\Users\messa\.m2\repository\org\opentest4j\opentest4j\1.2.0\opentest4j-1.2.0.jar;C:\Users\messa\.m2\repository\org\junit\platform\junit-platform-commons\1.9.1\junit-platform-commons-1.9.1.jar;C:\Users\messa\.m2\repository\org\apiguardian\apiguardian-api\1.1.2\apiguardian-api-1.1.2.jar;C:\Users\messa\.m2\repository\org\junit\jupiter\junit-jupiter-engine\5.9.1\junit-jupiter-engine-5.9.1.jar;C:\Users\messa\.m2\repository\org\junit\platform\junit-platform-engine\1.9.1\junit-platform-engine-1.9.1.jar;C:\Users\messa\.m2\repository\org\junit\jupiter\junit-jupiter-params\5.9.1\junit-jupiter-params-5.9.1.jar;C:\Users\messa\.m2\repository\org\mockito\mockito-core\5.20.0\mockito-core-5.20.0.jar;C:\Users\messa\.m2\repository\net\bytebuddy\byte-buddy\1.17.7\byte-buddy-1.17.7.jar;C:\Users\messa\.m2\repository\net\bytebuddy\byte-buddy-agent\1.17.7\byte-buddy-agent-1.17.7.jar;C:\Users\messa\.m2\repository\org\objenesis\objenesis\3.3\objenesis-3.3.jar;C:\Users\messa\.m2\repository\org\mockito\mockito-junit-jupiter\5.20.0\mockito-junit-jupiter-5.20.0.jar;"/>
    <property name="java.vm.vendor" value="Eclipse Adoptium"/>
    <property name="sun.arch.data.model" value="64"/>
    <property name="user.variant" value=""/>
    <property name="java.vendor.url" value="https://adoptium.net/"/>
    <property name="user.timezone" value="Europe/London"/>
    <property name="os.name" value="Windows 11"/>
    <property name="java.vm.specification.version" value="21"/>
    <property name="sun.java.launcher" value="SUN_STANDARD"/>
    <property name="user.country" value="GB"/>
    <property name="sun.boot.library.path" value="C:\Program Files\Eclipse Adoptium\jdk-21.0.8.9-hotspot\bin"/>
    <property name="sun.java.command" value="C:\Users\messa\AppData\Local\Temp\surefire8985172514841198671\surefirebooter-20251006162518466_3.jar C:\Users\messa\AppData\Local\Temp\surefire8985172514841198671 2025-10-06T16-25-18_336-jvmRun1 surefire-20251006162518466_1tmp surefire_0-20251006162518466_2tmp"/>
    <property name="jdk.debug" value="release"/>
    <property name="surefire.test.class.path" value="C:\Users\messa\source\repos\public\java\gcp\target\test-classes;C:\Users\messa\source\repos\public\java\gcp\target\classes;C:\Users\messa\.m2\repository\org\junit\jupiter\junit-jupiter-api\5.9.1\junit-jupiter-api-5.9.1.jar;C:\Users\messa\.m2\repository\org\opentest4j\opentest4j\1.2.0\opentest4j-1.2.0.jar;C:\Users\messa\.m2\repository\org\junit\platform\junit-platform-commons\1.9.1\junit-platform-commons-1.9.1.jar;C:\Users\messa\.m2\repository\org\apiguardian\apiguardian-api\1.1.2\apiguardian-api-1.1.2.jar;C:\Users\messa\.m2\repository\org\junit\jupiter\junit-jupiter-engine\5.9.1\junit-jupiter-engine-5.9.1.jar;C:\Users\messa\.m2\repository\org\junit\platform\junit-platform-engine\1.9.1\junit-platform-engine-1.9.1.jar;C:\Users\messa\.m2\repository\org\junit\jupiter\junit-jupiter-params\5.9.1\junit-jupiter-params-5.9.1.jar;C:\Users\messa\.m2\repository\org\mockito\mockito-core\5.20.0\mockito-core-5.20.0.jar;C:\Users\messa\.m2\repository\net\bytebuddy\byte-buddy\1.17.7\byte-buddy-1.17.7.jar;C:\Users\messa\.m2\repository\net\bytebuddy\byte-buddy-agent\1.17.7\byte-buddy-agent-1.17.7.jar;C:\Users\messa\.m2\repository\org\objenesis\objenesis\3.3\objenesis-3.3.jar;C:\Users\messa\.m2\repository\org\mockito\mockito-junit-jupiter\5.20.0\mockito-junit-jupiter-5.20.0.jar;"/>
    <property name="sun.cpu.endian" value="little"/>
    <property name="user.home" value="C:\Users\messa"/>
    <property name="user.language" value="en"/>
    <property name="java.specification.vendor" value="Oracle Corporation"/>
    <property name="java.version.date" value="2025-07-15"/>
    <property name="java.home" value="C:\Program Files\Eclipse Adoptium\jdk-21.0.8.9-hotspot"/>
    <property name="file.separator" value="\"/>
    <property name="basedir" value="C:\Users\messa\source\repos\public\java\gcp"/>
    <property name="java.vm.compressedOopsMode" value="32-bit"/>
    <property name="line.separator" value="&#10;"/>
    <property name="java.vm.specification.vendor" value="Oracle Corporation"/>
    <property name="java.specification.name" value="Java Platform API Specification"/>
    <property name="surefire.real.class.path" value="C:\Users\messa\AppData\Local\Temp\surefire8985172514841198671\surefirebooter-20251006162518466_3.jar"/>
    <property name="user.script" value=""/>
    <property name="sun.management.compiler" value="HotSpot 64-Bit Tiered Compilers"/>
    <property name="java.runtime.version" value="21.0.8+9-LTS"/>
    <property name="user.name" value="messa"/>
    <property name="stdout.encoding" value="Cp1252"/>
    <property name="path.separator" value=";"/>
    <property name="os.version" value="10.0"/>
    <property name="java.runtime.name" value="OpenJDK Runtime Environment"/>
    <property name="file.encoding" value="UTF-8"/>
    <property name="java.vm.name" value="OpenJDK 64-Bit Server VM"/>
    <property name="java.vendor.version" value="Temurin-21.0.8+9"/>
    <property name="localRepository" value="C:\Users\messa\.m2\repository"/>
    <property name="java.vendor.url.bug" value="https://github.com/adoptium/adoptium-support/issues"/>
    <property name="java.io.tmpdir" value="C:\Users\messa\AppData\Local\Temp\"/>
    <property name="java.version" value="21.0.8"/>
    <property name="user.dir" value="C:\Users\messa\source\repos\public\java\gcp"/>
    <property name="os.arch" value="amd64"/>
    <property name="java.vm.specification.name" value="Java Virtual Machine Specification"/>
    <property name="sun.os.patch.level" value=""/>
    <property name="native.encoding" value="Cp1252"/>
    <property name="java.library.path" value="C:\Program Files\Eclipse Adoptium\jdk-21.0.8.9-hotspot\bin;C:\WINDOWS\Sun\Java\bin;C:\WINDOWS\system32;C:\WINDOWS;C:\Users\messa\bin;C:\Program Files\Git\mingw64\bin;C:\Program Files\Git\usr\local\bin;C:\Program Files\Git\usr\bin;C:\Program Files\Git\usr\bin;C:\Program Files\Git\mingw64\bin;C:\Program Files\Git\usr\bin;C:\Users\messa\bin;C:\Program Files\Eclipse Adoptium\jdk-21.0.8.9-hotspot\bin;C:\WINDOWS\system32;C:\WINDOWS;C:\WINDOWS\System32\Wbem;C:\WINDOWS\System32\WindowsPowerShell\v1.0;C:\WINDOWS\System32\OpenSSH;C:\Program Files\Git\cmd;C:\Program Files\Azure Data Studio\bin;C:\Program Files\LINQPad8;C:\Program Files\dotnet;C:\Program Files (x86)\Microsoft SQL Server\160\Tools\Binn;C:\Program Files\Microsoft SQL Server\160\Tools\Binn;C:\Program Files\Microsoft SQL Server\Client SDK\ODBC\170\Tools\Binn;C:\Program Files\Microsoft SQL Server\160\DTS\Binn;C:\Program Files\Microsoft SQL Server\150\Tools\Binn;C:\Program Files (x86)\Windows Kits\10\Windows Performance Toolkit;C:\Program Files\PowerShell\7;C:\Users\messa\AppData\Local\Programs\Python\Python313\Scripts;C:\Users\messa\AppData\Local\Programs\Python\Python313;C:\Ruby33-x64\bin;C:\Users\messa\AppData\Local\Microsoft\WindowsApps;C:\Users\messa\AppData\Local\Programs\Microsoft VS Code\bin;C:\Program Files\Azure Data Studio\bin;C:\Users\messa\.dotnet\tools;C:\cli_tools;C:\Users\messa\AppData\Local\Programs\Python\Python313\Scripts;C:\Users\messa\AppData\Local\Programs\Python\Python313;C:\msys64\ucrt64\bin;C:\lua5.4;C:\Program Files\LOVE;C:\apache-maven-3.9.11\bin;C:\Users\messa\.vscode\extensions\ms-python.debugpy-2025.10.0-win32-x64\bundled\scripts\noConfigScripts;C:\Program Files\Git\usr\bin\vendor_perl;C:\Program Files\Git\usr\bin\core_perl;."/>
    <property name="java.vm.info" value="mixed mode, sharing"/>
    <property name="stderr.encoding" value="Cp1252"/>
    <property name="java.vendor" value="Eclipse Adoptium"/>
    <property name="java.vm.version" value="21.0.8+9-LTS"/>
    <property name="sun.io.unicode.encoding" value="UnicodeLittle"/>
    <property name="java.class.version" value="65.0"/>
  </properties>
  <testcase name="shouldReturnMaximumSaturatedUncolouredVertexWhenVerticesPartiallyColoured" classname="uk.me.robcook.gcp.domain.SaturationDegreeStrategyTests" time="0.012"/>
  <testcase name="shouldReturnRandomUncolouredVertexWhenGraphUncoloured()[1]" classname="uk.me.robcook.gcp.domain.SaturationDegreeStrategyTests" time="0.002"/>
  <testcase name="shouldReturnRandomUncolouredVertexWhenGraphUncoloured()[2]" classname="uk.me.robcook.gcp.domain.SaturationDegreeStrategyTests" time="0.001"/>
  <testcase name="shouldReturnRandomUncolouredVertexWhenGraphUncoloured()[3]" classname="uk.me.robcook.gcp.domain.SaturationDegreeStrategyTests" time="0.001"/>
  <testcase name="shouldReturnRandomUncolouredVertexWhenGraphUncoloured()[4]" classname="uk.me.robcook.gcp.domain.SaturationDegreeStrategyTests" time="0.001"/>
  <testcase name="shouldReturnRandomUncolouredVertexWhenGraphUncoloured()[5]" classname="uk.me.robcook.gcp.domain.SaturationDegreeStrategyTests" time="0.001"/>
  <testcase name="shouldReturnRandomUncolouredVertexWhenGraphUncoloured()[6]" classname="uk.me.robcook.gcp.domain.SaturationDegreeStrategyTests" time="0.001"/>
  <testcase name="shouldReturnRandomUncolouredVertexWhenGraphUncoloured()[7]" classname="uk.me.robcook.gcp.domain.SaturationDegreeStrategyTests" time="0.001"/>
  <testcase name="shouldReturnRandomUncolouredVertexWhenGraphUncoloured()[8]" classname="uk.me.robcook.gcp.domain.SaturationDegreeStrategyTests" time="0.001"/>
  <testcase name="shouldReturnRandomUncolouredVertexWhenGraphUncoloured()[9]" classname="uk.me.robcook.gcp.domain.SaturationDegreeStrategyTests" time="0.001"/>
  <testcase name="shouldReturnRandomUncolouredVertexWhenGraphUncoloured()[10]" classname="uk.me.robcook.gcp.domain.SaturationDegreeStrategyTests" time="0.001"/>
  <testcase name="shouldReturnRandomUncolouredVertexWhenGraphUncoloured()[11]" classname="uk.me.robcook.gcp.domain.SaturationDegreeStrategyTests" time="0.0"/>
  <testcase name="shouldReturnRandomUncolouredVertexWhenGraphUncoloured()[12]" classname="uk.me.robcook.gcp.domain.SaturationDegreeStrategyTests" time="0.001"/>
  <testcase name="shouldReturnRandomUncolouredVertexWhenGraphUncoloured()[13]" classname="uk.me.robcook.gcp.domain.SaturationDegreeStrategyTests" time="0.002"/>
  <testcase name="shouldReturnRandomUncolouredVertexWhenGraphUncoloured()[14]" classname="uk.me.robcook.gcp.domain.SaturationDegreeStrategyTests" time="0.001"/>
  <testcase name="shouldReturnRandomUncolouredVertexWhenGraphUncoloured()[15]" classname="uk.me.robcook.gcp.domain.SaturationDegreeStrategyTests" time="0.0"/>
  <testcase name="shouldReturnRandomUncolouredVertexWhenGraphUncoloured()[16]" classname="uk.me.robcook.gcp.domain.SaturationDegreeStrategyTests" time="0.001"/>
  <testcase name="shouldReturnRandomUncolouredVertexWhenGraphUncoloured()[17]" classname="uk.me.robcook.gcp.domain.SaturationDegreeStrategyTests" time="0.001"/>
  <testcase name="shouldReturnRandomUncolouredVertexWhenGraphUncoloured()[18]" classname="uk.me.robcook.gcp.domain.SaturationDegreeStrategyTests" time="0.0"/>
  <testcase name="shouldReturnRandomUncolouredVertexWhenGraphUncoloured()[19]" classname="uk.me.robcook.gcp.domain.SaturationDegreeStrategyTests" time="0.0"/>
  <testcase name="shouldReturnRandomUncolouredVertexWhenGraphUncoloured()[20]" classname="uk.me.robcook.gcp.domain.SaturationDegreeStrategyTests" time="0.0"/>
  <testcase name="shouldReturnRandomUncolouredVertexWhenGraphUncoloured()[21]" classname="uk.me.robcook.gcp.domain.SaturationDegreeStrategyTests" time="0.001"/>
  <testcase name="shouldReturnRandomUncolouredVertexWhenGraphUncoloured()[22]" classname="uk.me.robcook.gcp.domain.SaturationDegreeStrategyTests" time="0.001"/>
  <testcase name="shouldReturnRandomUncolouredVertexWhenGraphUncoloured()[23]" classname="uk.me.robcook.gcp.domain.SaturationDegreeStrategyTests" time="0.0"/>
  <testcase name="shouldReturnRandomUncolouredVertexWhenGraphUncoloured()[24]" classname="uk.me.robcook.gcp.domain.SaturationDegreeStrategyTests" time="0.0"/>
  <testcase name="shouldReturnRandomUncolouredVertexWhenGraphUncoloured()[25]" classname="uk.me.robcook.gcp.domain.SaturationDegreeStrategyTests" time="0.001"/>
  <testcase name="shouldReturnRandomUncolouredVertexWhenGraphUncoloured()[26]" classname="uk.me.robcook.gcp.domain.SaturationDegreeStrategyTests" time="0.001"/>
  <testcase name="shouldReturnRandomUncolouredVertexWhenGraphUncoloured()[27]" classname="uk.me.robcook.gcp.domain.SaturationDegreeStrategyTests" time="0.001"/>
  <testcase name="shouldReturnRandomUncolouredVertexWhenGraphUncoloured()[28]" classname="uk.me.robcook.gcp.domain.SaturationDegreeStrategyTests" time="0.001"/>
  <testcase name="shouldReturnRandomUncolouredVertexWhenGraphUncoloured()[29]" classname="uk.me.robcook.gcp.domain.SaturationDegreeStrategyTests" time="0.001"/>
  <testcase name="shouldReturnRandomUncolouredVertexWhenGraphUncoloured()[30]" classname="uk.me.robcook.gcp.domain.SaturationDegreeStrategyTests" time="0.0"/>
  <testcase name="shouldReturnRandomUncolouredVertexWhenGraphUncoloured()[31]" classname="uk.me.robcook.gcp.domain.SaturationDegreeStrategyTests" time="0.0"/>
  <testcase name="shouldReturnRandomUncolouredVertexWhenGraphUncoloured()[32]" classname="uk.me.robcook.gcp.domain.SaturationDegreeStrategyTests" time="0.0"/>
  <testcase name="shouldReturnRandomUncolouredVertexWhenGraphUncoloured()[33]" classname="uk.me.robcook.gcp.domain.SaturationDegreeStrategyTests" time="0.0"/>
  <testcase name="shouldReturnRandomUncolouredVertexWhenGraphUncoloured()[34]" classname="uk.me.robcook.gcp.domain.SaturationDegreeStrategyTests" time="0.0"/>
  <testcase name="shouldReturnRandomUncolouredVertexWhenGraphUncoloured()[35]" classname="uk.me.robcook.gcp.domain.SaturationDegreeStrategyTests" time="0.0"/>
  <testcase name="shouldReturnRandomUncolouredVertexWhenGraphUncoloured()[36]" classname="uk.me.robcook.gcp.domain.SaturationDegreeStrategyTests" time="0.001"/>
  <testcase name="shouldReturnRandomUncolouredVertexWhenGraphUncoloured()[37]" classname="uk.me.robcook.gcp.domain.SaturationDegreeStrategyTests" time="0.001"/>
  <testcase name="shouldReturnRandomUncolouredVertexWhenGraphUncoloured()[38]" classname="uk.me.robcook.gcp.domain.SaturationDegreeStrategyTests" time="0.001"/>
  <testcase name="shouldReturnRandomUncolouredVertexWhenGraphUncoloured()[39]" classname="uk.me.robcook.gcp.domain.SaturationDegreeStrategyTests" time="0.001"/>
  <testcase name="shouldReturnRandomUncolouredVertexWhenGraphUncoloured()[40]" classname="uk.me.robcook.gcp.domain.SaturationDegreeStrategyTests" time="0.001"/>
  <testcase name="shouldReturnRandomUncolouredVertexWhenGraphUncoloured()[41]" classname="uk.me.robcook.gcp.domain.SaturationDegreeStrategyTests" time="0.0"/>
  <testcase name="shouldReturnRandomUncolouredVertexWhenGraphUncoloured()[42]" classname="uk.me.robcook.gcp.domain.SaturationDegreeStrategyTests" time="0.001"/>
  <testcase name="shouldReturnRandomUncolouredVertexWhenGraphUncoloured()[43]" classname="uk.me.robcook.gcp.domain.SaturationDegreeStrategyTests" time="0.001"/>
  <testcase name="shouldReturnRandomUncolouredVertexWhenGraphUncoloured()[44]" classname="uk.me.robcook.gcp.domain.SaturationDegreeStrategyTests" time="0.001"/>
  <testcase name="shouldReturnRandomUncolouredVertexWhenGraphUncoloured()[45]" classname="uk.me.robcook.gcp.domain.SaturationDegreeStrategyTests" time="0.001"/>
  <testcase name="shouldReturnRandomUncolouredVertexWhenGraphUncoloured()[46]" classname="uk.me.robcook.gcp.domain.SaturationDegreeStrategyTests" time="0.001"/>
  <testcase name="shouldReturnRandomUncolouredVertexWhenGraphUncoloured()[47]" classname="uk.me.robcook.gcp.domain.SaturationDegreeStrategyTests" time="0.0"/>
  <testcase name="shouldReturnRandomUncolouredVertexWhenGraphUncoloured()[48]" classname="uk.me.robcook.gcp.domain.SaturationDegreeStrategyTests" time="0.0"/>
  <testcase name="shouldReturnRandomUncolouredVertexWhenGraphUncoloured()[49]" classname="uk.me.robcook.gcp.domain.SaturationDegreeStrategyTests" time="0.001"/>
  <testcase name="shouldReturnRandomUncolouredVertexWhenGraphUncoloured()[50]" classname="uk.me.robcook.gcp.domain.SaturationDegreeStrategyTests" time="0.0"/>
  <testcase name="shouldReturnRandomUncolouredVertexWhenGraphUncoloured()[51]" classname="uk.me.robcook.gcp.domain.SaturationDegreeStrategyTests" time="0.0"/>
  <testcase name="shouldReturnRandomUncolouredVertexWhenGraphUncoloured()[52]" classname="uk.me.robcook.gcp.domain.SaturationDegreeStrategyTests" time="0.001"/>
  <testcase name="shouldReturnRandomUncolouredVertexWhenGraphUncoloured()[53]" classname="uk.me.robcook.gcp.domain.SaturationDegreeStrategyTests" time="0.001"/>
  <testcase name="shouldReturnRandomUncolouredVertexWhenGraphUncoloured()[54]" classname="uk.me.robcook.gcp.domain.SaturationDegreeStrategyTests" time="0.001"/>
  <testcase name="shouldReturnRandomUncolouredVertexWhenGraphUncoloured()[55]" classname="uk.me.robcook.gcp.domain.SaturationDegreeStrategyTests" time="0.001"/>
  <testcase name="shouldReturnRandomUncolouredVertexWhenGraphUncoloured()[56]" classname="uk.me.robcook.gcp.domain.SaturationDegreeStrategyTests" time="0.002"/>
  <testcase name="shouldReturnRandomUncolouredVertexWhenGraphUncoloured()[57]" classname="uk.me.robcook.gcp.domain.SaturationDegreeStrategyTests" time="0.0"/>
  <testcase name="shouldReturnRandomUncolouredVertexWhenGraphUncoloured()[58]" classname="uk.me.robcook.gcp.domain.SaturationDegreeStrategyTests" time="0.001"/>
  <testcase name="shouldReturnRandomUncolouredVertexWhenGraphUncoloured()[59]" classname="uk.me.robcook.gcp.domain.SaturationDegreeStrategyTests" time="0.001"/>
  <testcase name="shouldReturnRandomUncolouredVertexWhenGraphUncoloured()[60]" classname="uk.me.robcook.gcp.domain.SaturationDegreeStrategyTests" time="0.001"/>
  <testcase name="shouldReturnRandomUncolouredVertexWhenGraphUncoloured()[61]" classname="uk.me.robcook.gcp.domain.SaturationDegreeStrategyTests" time="0.001"/>
  <testcase name="shouldReturnRandomUncolouredVertexWhenGraphUncoloured()[62]" classname="uk.me.robcook.gcp.domain.SaturationDegreeStrategyTests" time="0.001"/>
  <testcase name="shouldReturnRandomUncolouredVertexWhenGraphUncoloured()[63]" classname="uk.me.robcook.gcp.domain.SaturationDegreeStrategyTests" time="0.001"/>
  <testcase name="shouldReturnRandomUncolouredVertexWhenGraphUncoloured()[64]" classname="uk.me.robcook.gcp.domain.SaturationDegreeStrategyTests" time="0.001"/>
  <testcase name="shouldReturnRandomUncolouredVertexWhenGraphUncoloured()[65]" classname="uk.me.robcook.gcp.domain.SaturationDegreeStrategyTests" time="0.001"/>
  <testcase name="shouldReturnRandomUncolouredVertexWhenGraphUncoloured()[66]" classname="uk.me.robcook.gcp.domain.SaturationDegreeStrategyTests" time="0.001"/>
  <testcase name="shouldReturnRandomUncolouredVertexWhenGraphUncoloured()[67]" classname="uk.me.robcook.gcp.domain.SaturationDegreeStrategyTests" time="0.001"/>
  <testcase name="shouldReturnRandomUncolouredVertexWhenGraphUncoloured()[68]" classname="uk.me.robcook.gcp.domain.SaturationDegreeStrategyTests" time="0.0"/>
  <testcase name="shouldReturnRandomUncolouredVertexWhenGraphUncoloured()[69]" classname="uk.me.robcook.gcp.domain.SaturationDegreeStrategyTests" time="0.0"/>
  <testcase name="shouldReturnRandomUncolouredVertexWhenGraphUncoloured()[70]" classname="uk.me.robcook.gcp.domain.SaturationDegreeStrategyTests" time="0.0"/>
  <testcase name="shouldReturnRandomUncolouredVertexWhenGraphUncoloured()[71]" classname="uk.me.robcook.gcp.domain.SaturationDegreeStrategyTests" time="0.0"/>
  <testcase name="shouldReturnRandomUncolouredVertexWhenGraphUncoloured()[72]" classname="uk.me.robcook.gcp.domain.SaturationDegreeStrategyTests" time="0.0"/>
  <testcase name="shouldReturnRandomUncolouredVertexWhenGraphUncoloured()[73]" classname="uk.me.robcook.gcp.domain.SaturationDegreeStrategyTests" time="0.001"/>
  <testcase name="shouldReturnRandomUncolouredVertexWhenGraphUncoloured()[74]" classname="uk.me.robcook.gcp.domain.SaturationDegreeStrategyTests" time="0.0"/>
  <testcase name="shouldReturnRandomUncolouredVertexWhenGraphUncoloured()[75]" classname="uk.me.robcook.gcp.domain.SaturationDegreeStrategyTests" time="0.0"/>
  <testcase name="shouldReturnRandomUncolouredVertexWhenGraphUncoloured()[76]" classname="uk.me.robcook.gcp.domain.SaturationDegreeStrategyTests" time="0.001"/>
  <testcase name="shouldReturnRandomUncolouredVertexWhenGraphUncoloured()[77]" classname="uk.me.robcook.gcp.domain.SaturationDegreeStrategyTests" time="0.001"/>
  <testcase name="shouldReturnRandomUncolouredVertexWhenGraphUncoloured()[78]" classname="uk.me.robcook.gcp.domain.SaturationDegreeStrategyTests" time="0.0"/>
  <testcase name="shouldReturnRandomUncolouredVertexWhenGraphUncoloured()[79]" classname="uk.me.robcook.gcp.domain.SaturationDegreeStrategyTests" time="0.0"/>
  <testcase name="shouldReturnRandomUncolouredVertexWhenGraphUncoloured()[80]" classname="uk.me.robcook.gcp.domain.SaturationDegreeStrategyTests" time="0.001"/>
  <testcase name="shouldReturnRandomUncolouredVertexWhenGraphUncoloured()[81]" classname="uk.me.robcook.gcp.domain.SaturationDegreeStrategyTests" time="0.001"/>
  <testcase name="shouldReturnRandomUncolouredVertexWhenGraphUncoloured()[82]" classname="uk.me.robcook.gcp.domain.SaturationDegreeStrategyTests" time="0.0"/>
  <testcase name="shouldReturnRandomUncolouredVertexWhenGraphUncoloured()[83]" classname="uk.me.robcook.gcp.domain.SaturationDegreeStrategyTests" time="0.001"/>
  <testcase name="shouldReturnRandomUncolouredVertexWhenGraphUncoloured()[84]" classname="uk.me.robcook.gcp.domain.SaturationDegreeStrategyTests" time="0.001"/>
  <testcase name="shouldReturnRandomUncolouredVertexWhenGraphUncoloured()[85]" classname="uk.me.robcook.gcp.domain.SaturationDegreeStrategyTests" time="0.0"/>
  <testcase name="shouldReturnRandomUncolouredVertexWhenGraphUncoloured()[86]" classname="uk.me.robcook.gcp.domain.SaturationDegreeStrategyTests" time="0.0"/>
  <testcase name="shouldReturnRandomUncolouredVertexWhenGraphUncoloured()[87]" classname="uk.me.robcook.gcp.domain.SaturationDegreeStrategyTests" time="0.001"/>
  <testcase name="shouldReturnRandomUncolouredVertexWhenGraphUncoloured()[88]" classname="uk.me.robcook.gcp.domain.SaturationDegreeStrategyTests" time="0.001"/>
  <testcase name="shouldReturnRandomUncolouredVertexWhenGraphUncoloured()[89]" classname="uk.me.robcook.gcp.domain.SaturationDegreeStrategyTests" time="0.001"/>
  <testcase name="shouldReturnRandomUncolouredVertexWhenGraphUncoloured()[90]" classname="uk.me.robcook.gcp.domain.SaturationDegreeStrategyTests" time="0.0"/>
  <testcase name="shouldReturnRandomUncolouredVertexWhenGraphUncoloured()[91]" classname="uk.me.robcook.gcp.domain.SaturationDegreeStrategyTests" time="0.001"/>
  <testcase name="shouldReturnRandomUncolouredVertexWhenGraphUncoloured()[92]" classname="uk.me.robcook.gcp.domain.SaturationDegreeStrategyTests" time="0.001"/>
  <testcase name="shouldReturnRandomUncolouredVertexWhenGraphUncoloured()[93]" classname="uk.me.robcook.gcp.domain.SaturationDegreeStrategyTests" time="0.0"/>
  <testcase name="shouldReturnRandomUncolouredVertexWhenGraphUncoloured()[94]" classname="uk.me.robcook.gcp.domain.SaturationDegreeStrategyTests" time="0.001"/>
  <testcase name="shouldReturnRandomUncolouredVertexWhenGraphUncoloured()[95]" classname="uk.me.robcook.gcp.domain.SaturationDegreeStrategyTests" time="0.001"/>
  <testcase name="shouldReturnRandomUncolouredVertexWhenGraphUncoloured()[96]" classname="uk.me.robcook.gcp.domain.SaturationDegreeStrategyTests" time="0.0"/>
  <testcase name="shouldReturnRandomUncolouredVertexWhenGraphUncoloured()[97]" classname="uk.me.robcook.gcp.domain.SaturationDegreeStrategyTests" time="0.0"/>
  <testcase name="shouldReturnRandomUncolouredVertexWhenGraphUncoloured()[98]" classname="uk.me.robcook.gcp.domain.SaturationDegreeStrategyTests" time="0.0"/>
  <testcase name="shouldReturnRandomUncolouredVertexWhenGraphUncoloured()[99]" classname="uk.me.robcook.gcp.domain.SaturationDegreeStrategyTests" time="0.0"/>
  <testcase name="shouldReturnRandomUncolouredVertexWhenGraphUncoloured()[100]" classname="uk.me.robcook.gcp.domain.SaturationDegreeStrategyTests" time="0.0"/>
  <testcase name="shouldReturnRandomUncolouredVertexWhenGraphUncoloured()[101]" classname="uk.me.robcook.gcp.domain.SaturationDegreeStrategyTests" time="0.001"/>
  <testcase name="shouldReturnRandomUncolouredVertexWhenGraphUncoloured()[102]" classname="uk.me.robcook.gcp.domain.SaturationDegreeStrategyTests" time="0.0"/>
  <testcase name="shouldReturnRandomUncolouredVertexWhenGraphUncoloured()[103]" classname="uk.me.robcook.gcp.domain.SaturationDegreeStrategyTests" time="0.0"/>
  <testcase name="shouldReturnRandomUncolouredVertexWhenGraphUncoloured()[104]" classname="uk.me.robcook.gcp.domain.SaturationDegreeStrategyTests" time="0.0"/>
  <testcase name="shouldReturnRandomUncolouredVertexWhenGraphUncoloured()[105]" classname="uk.me.robcook.gcp.domain.SaturationDegreeStrategyTests" time="0.0"/>
  <testcase name="shouldReturnRandomUncolouredVertexWhenGraphUncoloured()[106]" classname="uk.me.robcook.gcp.domain.SaturationDegreeStrategyTests" time="0.0"/>
  <testcase name="shouldReturnRandomUncolouredVertexWhenGraphUncoloured()[107]" classname="uk.me.robcook.gcp.domain.SaturationDegreeStrategyTests" time="0.001"/>
  <testcase name="shouldReturnRandomUncolouredVertexWhenGraphUncoloured()[108]" classname="uk.me.robcook.gcp.domain.SaturationDegreeStrategyTests" time="0.0"/>
  <testcase name="shouldReturnRandomUncolouredVertexWhenGraphUncoloured()[109]" classname="uk.me.robcook.gcp.domain.SaturationDegreeStrategyTests" time="0.0"/>
  <testcase name="shouldReturnRandomUncolouredVertexWhenGraphUncoloured()[110]" classname="uk.me.robcook.gcp.domain.SaturationDegreeStrategyTests" time="0.0"/>
  <testcase name="shouldReturnRandomUncolouredVertexWhenGraphUncoloured()[111]" classname="uk.me.robcook.gcp.domain.SaturationDegreeStrategyTests" time="0.0"/>
  <testcase name="shouldReturnRandomUncolouredVertexWhenGraphUncoloured()[112]" classname="uk.me.robcook.gcp.domain.SaturationDegreeStrategyTests" time="0.0"/>
  <testcase name="shouldReturnRandomUncolouredVertexWhenGraphUncoloured()[113]" classname="uk.me.robcook.gcp.domain.SaturationDegreeStrategyTests" time="0.0"/>
  <testcase name="shouldReturnRandomUncolouredVertexWhenGraphUncoloured()[114]" classname="uk.me.robcook.gcp.domain.SaturationDegreeStrategyTests" time="0.001"/>
  <testcase name="shouldReturnRandomUncolouredVertexWhenGraphUncoloured()[115]" classname="uk.me.robcook.gcp.domain.SaturationDegreeStrategyTests" time="0.0"/>
  <testcase name="shouldReturnRandomUncolouredVertexWhenGraphUncoloured()[116]" classname="uk.me.robcook.gcp.domain.SaturationDegreeStrategyTests" time="0.001"/>
  <testcase name="shouldReturnRandomUncolouredVertexWhenGraphUncoloured()[117]" classname="uk.me.robcook.gcp.domain.SaturationDegreeStrategyTests" time="0.001"/>
  <testcase name="shouldReturnRandomUncolouredVertexWhenGraphUncoloured()[118]" classname="uk.me.robcook.gcp.domain.SaturationDegreeStrategyTests" time="0.001"/>
  <testcase name="shouldReturnRandomUncolouredVertexWhenGraphUncoloured()[119]" classname="uk.me.robcook.gcp.domain.SaturationDegreeStrategyTests" time="0.001"/>
  <testcase name="shouldReturnRandomUncolouredVertexWhenGraphUncoloured()[120]" classname="uk.me.robcook.gcp.domain.SaturationDegreeStrategyTests" time="0.0"/>
  <testcase name="shouldReturnRandomUncolouredVertexWhenGraphUncoloured()[121]" classname="uk.me.robcook.gcp.domain.SaturationDegreeStrategyTests" time="0.001"/>
  <testcase name="shouldReturnRandomUncolouredVertexWhenGraphUncoloured()[122]" classname="uk.me.robcook.gcp.domain.SaturationDegreeStrategyTests" time="0.0"/>
  <testcase name="shouldReturnRandomUncolouredVertexWhenGraphUncoloured()[123]" classname="uk.me.robcook.gcp.domain.SaturationDegreeStrategyTests" time="0.0"/>
  <testcase name="shouldReturnRandomUncolouredVertexWhenGraphUncoloured()[124]" classname="uk.me.robcook.gcp.domain.SaturationDegreeStrategyTests" time="0.001"/>
  <testcase name="shouldReturnRandomUncolouredVertexWhenGraphUncoloured()[125]" classname="uk.me.robcook.gcp.domain.SaturationDegreeStrategyTests" time="0.0"/>
  <testcase name="shouldReturnRandomUncolouredVertexWhenGraphUncoloured()[126]" classname="uk.me.robcook.gcp.domain.SaturationDegreeStrategyTests" time="0.0"/>
  <testcase name="shouldReturnRandomUncolouredVertexWhenGraphUncoloured()[127]" classname="uk.me.robcook.gcp.domain.SaturationDegreeStrategyTests" time="0.001"/>
  <testcase name="shouldReturnRandomUncolouredVertexWhenGraphUncoloured()[128]" classname="uk.me.robcook.gcp.domain.SaturationDegreeStrategyTests" time="0.001"/>
  <testcase name="shouldReturnRandomUncolouredVertexWhenGraphUncoloured()[129]" classname="uk.me.robcook.gcp.domain.SaturationDegreeStrategyTests" time="0.0"/>
  <testcase name="shouldReturnRandomUncolouredVertexWhenGraphUncoloured()[130]" classname="uk.me.robcook.gcp.domain.SaturationDegreeStrategyTests" time="0.001"/>
  <testcase name="shouldReturnRandomUncolouredVertexWhenGraphUncoloured()[131]" classname="uk.me.robcook.gcp.domain.SaturationDegreeStrategyTests" time="0.0"/>
  <testcase name="shouldReturnRandomUncolouredVertexWhenGraphUncoloured()[132]" classname="uk.me.robcook.gcp.domain.SaturationDegreeStrategyTests" time="0.0"/>
  <testcase name="shouldReturnRandomUncolouredVertexWhenGraphUncoloured()[133]" classname="uk.me.robcook.gcp.domain.SaturationDegreeStrategyTests" time="0.0"/>
  <testcase name="shouldReturnRandomUncolouredVertexWhenGraphUncoloured()[134]" classname="uk.me.robcook.gcp.domain.SaturationDegreeStrategyTests" time="0.0"/>
  <testcase name="shouldReturnRandomUncolouredVertexWhenGraphUncoloured()[135]" classname="uk.me.robcook.gcp.domain.SaturationDegreeStrategyTests" time="0.0"/>
  <testcase name="shouldReturnRandomUncolouredVertexWhenGraphUncoloured()[136]" classname="uk.me.robcook.gcp.domain.SaturationDegreeStrategyTests" time="0.0"/>
  <testcase name="shouldReturnRandomUncolouredVertexWhenGraphUncoloured()[137]" classname="uk.me.robcook.gcp.domain.SaturationDegreeStrategyTests" time="0.0"/>
  <testcase name="shouldReturnRandomUncolouredVertexWhenGraphUncoloured()[138]" classname="uk.me.robcook.gcp.domain.SaturationDegreeStrategyTests" time="0.0"/>
  <testcase name="shouldReturnRandomUncolouredVertexWhenGraphUncoloured()[139]" classname="uk.me.robcook.gcp.domain.SaturationDegreeStrategyTests" time="0.0"/>
  <testcase name="shouldReturnRandomUncolouredVertexWhenGraphUncoloured()[140]" classname="uk.me.robcook.gcp.domain.SaturationDegreeStrategyTests" time="0.001"/>
  <testcase name="shouldReturnRandomUncolouredVertexWhenGraphUncoloured()[141]" classname="uk.me.robcook.gcp.domain.SaturationDegreeStrategyTests" time="0.001"/>
  <testcase name="shouldReturnRandomUncolouredVertexWhenGraphUncoloured()[142]" classname="uk.me.robcook.gcp.domain.SaturationDegreeStrategyTests" time="0.001"/>
  <testcase name="shouldReturnRandomUncolouredVertexWhenGraphUncoloured()[143]" classname="uk.me.robcook.gcp.domain.SaturationDegreeStrategyTests" time="0.001"/>
  <testcase name="shouldReturnRandomUncolouredVertexWhenGraphUncoloured()[144]" classname="uk.me.robcook.gcp.domain.SaturationDegreeStrategyTests" time="0.0"/>
  <testcase name="shouldReturnRandomUncolouredVertexWhenGraphUncoloured()[145]" classname="uk.me.robcook.gcp.domain.SaturationDegreeStrategyTests" time="0.0"/>
  <testcase name="shouldReturnRandomUncolouredVertexWhenGraphUncoloured()[146]" classname="uk.me.robcook.gcp.domain.SaturationDegreeStrategyTests" time="0.0"/>
  <testcase name="shouldReturnRandomUncolouredVertexWhenGraphUncoloured()[147]" classname="uk.me.robcook.gcp.domain.SaturationDegreeStrategyTests" time="0.001"/>
  <testcase name="shouldReturnRandomUncolouredVertexWhenGraphUncoloured()[148]" classname="uk.me.robcook.gcp.domain.SaturationDegreeStrategyTests" time="0.0"/>
  <testcase name="shouldReturnRandomUncolouredVertexWhenGraphUncoloured()[149]" classname="uk.me.robcook.gcp.domain.SaturationDegreeStrategyTests" time="0.001"/>
  <testcase name="shouldReturnRandomUncolouredVertexWhenGraphUncoloured()[150]" classname="uk.me.robcook.gcp.domain.SaturationDegreeStrategyTests" time="0.0"/>
  <testcase name="shouldReturnRandomUncolouredVertexWhenGraphUncoloured()[151]" classname="uk.me.robcook.gcp.domain.SaturationDegreeStrategyTests" time="0.001"/>
  <testcase name="shouldReturnRandomUncolouredVertexWhenGraphUncoloured()[152]" classname="uk.me.robcook.gcp.domain.SaturationDegreeStrategyTests" time="0.0"/>
  <testcase name="shouldReturnRandomUncolouredVertexWhenGraphUncoloured()[153]" classname="uk.me.robcook.gcp.domain.SaturationDegreeStrategyTests" time="0.001"/>
  <testcase name="shouldReturnRandomUncolouredVertexWhenGraphUncoloured()[154]" classname="uk.me.robcook.gcp.domain.SaturationDegreeStrategyTests" time="0.0"/>
  <testcase name="shouldReturnRandomUncolouredVertexWhenGraphUncoloured()[155]" classname="uk.me.robcook.gcp.domain.SaturationDegreeStrategyTests" time="0.001"/>
  <testcase name="shouldReturnRandomUncolouredVertexWhenGraphUncoloured()[156]" classname="uk.me.robcook.gcp.domain.SaturationDegreeStrategyTests" time="0.0"/>
  <testcase name="shouldReturnRandomUncolouredVertexWhenGraphUncoloured()[157]" classname="uk.me.robcook.gcp.domain.SaturationDegreeStrategyTests" time="0.001"/>
  <testcase name="shouldReturnRandomUncolouredVertexWhenGraphUncoloured()[158]" classname="uk.me.robcook.gcp.domain.SaturationDegreeStrategyTests" time="0.001"/>
  <testcase name="shouldReturnRandomUncolouredVertexWhenGraphUncoloured()[159]" classname="uk.me.robcook.gcp.domain.SaturationDegreeStrategyTests" time="0.001"/>
  <testcase name="shouldReturnRandomUncolouredVertexWhenGraphUncoloured()[160]" classname="uk.me.robcook.gcp.domain.SaturationDegreeStrategyTests" time="0.0"/>
  <testcase name="shouldReturnRandomUncolouredVertexWhenGraphUncoloured()[161]" classname="uk.me.robcook.gcp.domain.SaturationDegreeStrategyTests" time="0.0"/>
  <testcase name="shouldReturnRandomUncolouredVertexWhenGraphUncoloured()[162]" classname="uk.me.robcook.gcp.domain.SaturationDegreeStrategyTests" time="0.001"/>
  <testcase name="shouldReturnRandomUncolouredVertexWhenGraphUncoloured()[163]" classname="uk.me.robcook.gcp.domain.SaturationDegreeStrategyTests" time="0.001"/>
  <testcase name="shouldReturnRandomUncolouredVertexWhenGraphUncoloured()[164]" classname="uk.me.robcook.gcp.domain.SaturationDegreeStrategyTests" time="0.0"/>
  <testcase name="shouldReturnRandomUncolouredVertexWhenGraphUncoloured()[165]" classname="uk.me.robcook.gcp.domain.SaturationDegreeStrategyTests" time="0.001"/>
  <testcase name="shouldReturnRandomUncolouredVertexWhenGraphUncoloured()[166]" classname="uk.me.robcook.gcp.domain.SaturationDegreeStrategyTests" time="0.0"/>
  <testcase name="shouldReturnRandomUncolouredVertexWhenGraphUncoloured()[167]" classname="uk.me.robcook.gcp.domain.SaturationDegreeStrategyTests" time="0.001"/>
  <testcase name="shouldReturnRandomUncolouredVertexWhenGraphUncoloured()[168]" classname="uk.me.robcook.gcp.domain.SaturationDegreeStrategyTests" time="0.001"/>
  <testcase name="shouldReturnRandomUncolouredVertexWhenGraphUncoloured()[169]" classname="uk.me.robcook.gcp.domain.SaturationDegreeStrategyTests" time="0.0"/>
  <testcase name="shouldReturnRandomUncolouredVertexWhenGraphUncoloured()[170]" classname="uk.me.robcook.gcp.domain.SaturationDegreeStrategyTests" time="0.001"/>
  <testcase name="shouldReturnRandomUncolouredVertexWhenGraphUncoloured()[171]" classname="uk.me.robcook.gcp.domain.SaturationDegreeStrategyTests" time="0.0"/>
  <testcase name="shouldReturnRandomUncolouredVertexWhenGraphUncoloured()[172]" classname="uk.me.robcook.gcp.domain.SaturationDegreeStrategyTests" time="0.0"/>
  <testcase name="shouldReturnRandomUncolouredVertexWhenGraphUncoloured()[173]" classname="uk.me.robcook.gcp.domain.SaturationDegreeStrategyTests" time="0.0"/>
  <testcase name="shouldReturnRandomUncolouredVertexWhenGraphUncoloured()[174]" classname="uk.me.robcook.gcp.domain.SaturationDegreeStrategyTests" time="0.001"/>
  <testcase name="shouldReturnRandomUncolouredVertexWhenGraphUncoloured()[175]" classname="uk.me.robcook.gcp.domain.SaturationDegreeStrategyTests" time="0.001"/>
  <testcase name="shouldReturnRandomUncolouredVertexWhenGraphUncoloured()[176]" classname="uk.me.robcook.gcp.domain.SaturationDegreeStrategyTests" time="0.0"/>
  <testcase name="shouldReturnRandomUncolouredVertexWhenGraphUncoloured()[177]" classname="uk.me.robcook.gcp.domain.SaturationDegreeStrategyTests" time="0.0"/>
  <testcase name="shouldReturnRandomUncolouredVertexWhenGraphUncoloured()[178]" classname="uk.me.robcook.gcp.domain.SaturationDegreeStrategyTests" time="0.001"/>
  <testcase name="shouldReturnRandomUncolouredVertexWhenGraphUncoloured()[179]" classname="uk.me.robcook.gcp.domain.SaturationDegreeStrategyTests" time="0.001"/>
  <testcase name="shouldReturnRandomUncolouredVertexWhenGraphUncoloured()[180]" classname="uk.me.robcook.gcp.domain.SaturationDegreeStrategyTests" time="0.001"/>
  <testcase name="shouldReturnRandomUncolouredVertexWhenGraphUncoloured()[181]" classname="uk.me.robcook.gcp.domain.SaturationDegreeStrategyTests" time="0.001"/>
  <testcase name="shouldReturnRandomUncolouredVertexWhenGraphUncoloured()[182]" classname="uk.me.robcook.gcp.domain.SaturationDegreeStrategyTests" time="0.0"/>
  <testcase name="shouldReturnRandomUncolouredVertexWhenGraphUncoloured()[183]" classname="uk.me.robcook.gcp.domain.SaturationDegreeStrategyTests" time="0.0"/>
  <testcase name="shouldReturnRandomUncolouredVertexWhenGraphUncoloured()[184]" classname="uk.me.robcook.gcp.domain.SaturationDegreeStrategyTests" time="0.001"/>
  <testcase name="shouldReturnRandomUncolouredVertexWhenGraphUncoloured()[185]" classname="uk.me.robcook.gcp.domain.SaturationDegreeStrategyTests" time="0.0"/>
  <testcase name="shouldReturnRandomUncolouredVertexWhenGraphUncoloured()[186]" classname="uk.me.robcook.gcp.domain.SaturationDegreeStrategyTests" time="0.001"/>
  <testcase name="shouldReturnRandomUncolouredVertexWhenGraphUncoloured()[187]" classname="uk.me.robcook.gcp.domain.SaturationDegreeStrategyTests" time="0.0"/>
  <testcase name="shouldReturnRandomUncolouredVertexWhenGraphUncoloured()[188]" classname="uk.me.robcook.gcp.domain.SaturationDegreeStrategyTests" time="0.0"/>
  <testcase name="shouldReturnRandomUncolouredVertexWhenGraphUncoloured()[189]" classname="uk.me.robcook.gcp.domain.SaturationDegreeStrategyTests" time="0.001"/>
  <testcase name="shouldReturnRandomUncolouredVertexWhenGraphUncoloured()[190]" classname="uk.me.robcook.gcp.domain.SaturationDegreeStrategyTests" time="0.0"/>
  <testcase name="shouldReturnRandomUncolouredVertexWhenGraphUncoloured()[191]" classname="uk.me.robcook.gcp.domain.SaturationDegreeStrategyTests" time="0.0"/>
  <testcase name="shouldReturnRandomUncolouredVertexWhenGraphUncoloured()[192]" classname="uk.me.robcook.gcp.domain.SaturationDegreeStrategyTests" time="0.001"/>
  <testcase name="shouldReturnRandomUncolouredVertexWhenGraphUncoloured()[193]" classname="uk.me.robcook.gcp.domain.SaturationDegreeStrategyTests" time="0.0"/>
  <testcase name="shouldReturnRandomUncolouredVertexWhenGraphUncoloured()[194]" classname="uk.me.robcook.gcp.domain.SaturationDegreeStrategyTests" time="0.0"/>
  <testcase name="shouldReturnRandomUncolouredVertexWhenGraphUncoloured()[195]" classname="uk.me.robcook.gcp.domain.SaturationDegreeStrategyTests" time="0.0"/>
  <testcase name="shouldReturnRandomUncolouredVertexWhenGraphUncoloured()[196]" classname="uk.me.robcook.gcp.domain.SaturationDegreeStrategyTests" time="0.0"/>
  <testcase name="shouldReturnRandomUncolouredVertexWhenGraphUncoloured()[197]" classname="uk.me.robcook.gcp.domain.SaturationDegreeStrategyTests" time="0.001"/>
  <testcase name="shouldReturnRandomUncolouredVertexWhenGraphUncoloured()[198]" classname="uk.me.robcook.gcp.domain.SaturationDegreeStrategyTests" time="0.0"/>
  <testcase name="shouldReturnRandomUncolouredVertexWhenGraphUncoloured()[199]" classname="uk.me.robcook.gcp.domain.SaturationDegreeStrategyTests" time="0.0"/>
  <testcase name="shouldReturnRandomUncolouredVertexWhenGraphUncoloured()[200]" classname="uk.me.robcook.gcp.domain.SaturationDegreeStrategyTests" time="0.001"/>
  <testcase name="shouldReturnRandomUncolouredVertexWhenGraphUncoloured()[201]" classname="uk.me.robcook.gcp.domain.SaturationDegreeStrategyTests" time="0.0"/>
  <testcase name="shouldReturnRandomUncolouredVertexWhenGraphUncoloured()[202]" classname="uk.me.robcook.gcp.domain.SaturationDegreeStrategyTests" time="0.0"/>
  <testcase name="shouldReturnRandomUncolouredVertexWhenGraphUncoloured()[203]" classname="uk.me.robcook.gcp.domain.SaturationDegreeStrategyTests" time="0.0"/>
  <testcase name="shouldReturnRandomUncolouredVertexWhenGraphUncoloured()[204]" classname="uk.me.robcook.gcp.domain.SaturationDegreeStrategyTests" time="0.0"/>
  <testcase name="shouldReturnRandomUncolouredVertexWhenGraphUncoloured()[205]" classname="uk.me.robcook.gcp.domain.SaturationDegreeStrategyTests" time="0.0"/>
  <testcase name="shouldReturnRandomUncolouredVertexWhenGraphUncoloured()[206]" classname="uk.me.robcook.gcp.domain.SaturationDegreeStrategyTests" time="0.0"/>
  <testcase name="shouldReturnRandomUncolouredVertexWhenGraphUncoloured()[207]" classname="uk.me.robcook.gcp.domain.SaturationDegreeStrategyTests" time="0.001"/>
  <testcase name="shouldReturnRandomUncolouredVertexWhenGraphUncoloured()[208]" classname="uk.me.robcook.gcp.domain.SaturationDegreeStrategyTests" time="0.0"/>
  <testcase name="shouldReturnRandomUncolouredVertexWhenGraphUncoloured()[209]" classname="uk.me.robcook.gcp.domain.SaturationDegreeStrategyTests" time="0.001"/>
  <testcase name="shouldReturnRandomUncolouredVertexWhenGraphUncoloured()[210]" classname="uk.me.robcook.gcp.domain.SaturationDegreeStrategyTests" time="0.0"/>
  <testcase name="shouldReturnRandomUncolouredVertexWhenGraphUncoloured()[211]" classname="uk.me.robcook.gcp.domain.SaturationDegreeStrategyTests" time="0.001"/>
  <testcase name="shouldReturnRandomUncolouredVertexWhenGraphUncoloured()[212]" classname="uk.me.robcook.gcp.domain.SaturationDegreeStrategyTests" time="0.0"/>
  <testcase name="shouldReturnRandomUncolouredVertexWhenGraphUncoloured()[213]" classname="uk.me.robcook.gcp.domain.SaturationDegreeStrategyTests" time="0.0"/>
  <testcase name="shouldReturnRandomUncolouredVertexWhenGraphUncoloured()[214]" classname="uk.me.robcook.gcp.domain.SaturationDegreeStrategyTests" time="0.0"/>
  <testcase name="shouldReturnRandomUncolouredVertexWhenGraphUncoloured()[215]" classname="uk.me.robcook.gcp.domain.SaturationDegreeStrategyTests" time="0.0"/>
  <testcase name="shouldReturnRandomUncolouredVertexWhenGraphUncoloured()[216]" classname="uk.me.robcook.gcp.domain.SaturationDegreeStrategyTests" time="0.001"/>
  <testcase name="shouldReturnRandomUncolouredVertexWhenGraphUncoloured()[217]" classname="uk.me.robcook.gcp.domain.SaturationDegreeStrategyTests" time="0.0"/>
  <testcase name="shouldReturnRandomUncolouredVertexWhenGraphUncoloured()[218]" classname="uk.me.robcook.gcp.domain.SaturationDegreeStrategyTests" time="0.0"/>
  <testcase name="shouldReturnRandomUncolouredVertexWhenGraphUncoloured()[219]" classname="uk.me.robcook.gcp.domain.SaturationDegreeStrategyTests" time="0.0"/>
  <testcase name="shouldReturnRandomUncolouredVertexWhenGraphUncoloured()[220]" classname="uk.me.robcook.gcp.domain.SaturationDegreeStrategyTests" time="0.0"/>
  <testcase name="shouldReturnRandomUncolouredVertexWhenGraphUncoloured()[221]" classname="uk.me.robcook.gcp.domain.SaturationDegreeStrategyTests" time="0.0"/>
  <testcase name="shouldReturnRandomUncolouredVertexWhenGraphUncoloured()[222]" classname="uk.me.robcook.gcp.domain.SaturationDegreeStrategyTests" time="0.0"/>
  <testcase name="shouldReturnRandomUncolouredVertexWhenGraphUncoloured()[223]" classname="uk.me.robcook.gcp.domain.SaturationDegreeStrategyTests" time="0.001"/>
  <testcase name="shouldReturnRandomUncolouredVertexWhenGraphUncoloured()[224]" classname="uk.me.robcook.gcp.domain.SaturationDegreeStrategyTests" time="0.0"/>
  <testcase name="shouldReturnRandomUncolouredVertexWhenGraphUncoloured()[225]" classname="uk.me.robcook.gcp.domain.SaturationDegreeStrategyTests" time="0.0"/>
  <testcase name="shouldReturnRandomUncolouredVertexWhenGraphUncoloured()[226]" classname="uk.me.robcook.gcp.domain.SaturationDegreeStrategyTests" time="0.001"/>
  <testcase name="shouldReturnRandomUncolouredVertexWhenGraphUncoloured()[227]" classname="uk.me.robcook.gcp.domain.SaturationDegreeStrategyTests" time="0.0"/>
  <testcase name="shouldReturnRandomUncolouredVertexWhenGraphUncoloured()[228]" classname="uk.me.robcook.gcp.domain.SaturationDegreeStrategyTests" time="0.0"/>
  <testcase name="shouldReturnRandomUncolouredVertexWhenGraphUncoloured()[229]" classname="uk.me.robcook.gcp.domain.SaturationDegreeStrategyTests" time="0.0"/>
  <testcase name="shouldReturnRandomUncolouredVertexWhenGraphUncoloured()[230]" classname="uk.me.robcook.gcp.domain.SaturationDegreeStrategyTests" time="0.0"/>
  <testcase name="shouldReturnRandomUncolouredVertexWhenGraphUncoloured()[231]" classname="uk.me.robcook.gcp.domain.SaturationDegreeStrategyTests" time="0.001"/>
  <testcase name="shouldReturnRandomUncolouredVertexWhenGraphUncoloured()[232]" classname="uk.me.robcook.gcp.domain.SaturationDegreeStrategyTests" time="0.0"/>
  <testcase name="shouldReturnRandomUncolouredVertexWhenGraphUncoloured()[233]" classname="uk.me.robcook.gcp.domain.SaturationDegreeStrategyTests" time="0.0"/>
  <testcase name="shouldReturnRandomUncolouredVertexWhenGraphUncoloured()[234]" classname="uk.me.robcook.gcp.domain.SaturationDegreeStrategyTests" time="0.0"/>
  <testcase name="shouldReturnRandomUncolouredVertexWhenGraphUncoloured()[235]" classname="uk.me.robcook.gcp.domain.SaturationDegreeStrategyTests" time="0.0"/>
  <testcase name="shouldReturnRandomUncolouredVertexWhenGraphUncoloured()[236]" classname="uk.me.robcook.gcp.domain.SaturationDegreeStrategyTests" time="0.001"/>
  <testcase name="shouldReturnRandomUncolouredVertexWhenGraphUncoloured()[237]" classname="uk.me.robcook.gcp.domain.SaturationDegreeStrategyTests" time="0.0"/>
  <testcase name="shouldReturnRandomUncolouredVertexWhenGraphUncoloured()[238]" classname="uk.me.robcook.gcp.domain.SaturationDegreeStrategyTests" time="0.0"/>
  <testcase name="shouldReturnRandomUncolouredVertexWhenGraphUncoloured()[239]" classname="uk.me.robcook.gcp.domain.SaturationDegreeStrategyTests" time="0.001"/>
  <testcase name="shouldReturnRandomUncolouredVertexWhenGraphUncoloured()[240]" classname="uk.me.robcook.gcp.domain.SaturationDegreeStrategyTests" time="0.0"/>
  <testcase name="shouldReturnRandomUncolouredVertexWhenGraphUncoloured()[241]" classname="uk.me.robcook.gcp.domain.SaturationDegreeStrategyTests" time="0.0"/>
  <testcase name="shouldReturnRandomUncolouredVertexWhenGraphUncoloured()[242]" classname="uk.me.robcook.gcp.domain.SaturationDegreeStrategyTests" time="0.0"/>
  <testcase name="shouldReturnRandomUncolouredVertexWhenGraphUncoloured()[243]" classname="uk.me.robcook.gcp.domain.SaturationDegreeStrategyTests" time="0.0"/>
  <testcase name="shouldReturnRandomUncolouredVertexWhenGraphUncoloured()[244]" classname="uk.me.robcook.gcp.domain.SaturationDegreeStrategyTests" time="0.001"/>
  <testcase name="shouldReturnRandomUncolouredVertexWhenGraphUncoloured()[245]" classname="uk.me.robcook.gcp.domain.SaturationDegreeStrategyTests" time="0.0"/>
  <testcase name="shouldReturnRandomUncolouredVertexWhenGraphUncoloured()[246]" classname="uk.me.robcook.gcp.domain.SaturationDegreeStrategyTests" time="0.001"/>
  <testcase name="shouldReturnRandomUncolouredVertexWhenGraphUncoloured()[247]" classname="uk.me.robcook.gcp.domain.SaturationDegreeStrategyTests" time="0.0"/>
  <testcase name="shouldReturnRandomUncolouredVertexWhenGraphUncoloured()[248]" classname="uk.me.robcook.gcp.domain.SaturationDegreeStrategyTests" time="0.001"/>
  <testcase name="shouldReturnRandomUncolouredVertexWhenGraphUncoloured()[249]" classname="uk.me.robcook.gcp.domain.SaturationDegreeStrategyTests" time="0.0"/>
  <testcase name="shouldReturnRandomUncolouredVertexWhenGraphUncoloured()[250]" classname="uk.me.robcook.gcp.domain.SaturationDegreeStrategyTests" time="0.0"/>
  <testcase name="shouldReturnRandomUncolouredVertexWhenGraphUncoloured()[251]" classname="uk.me.robcook.gcp.domain.SaturationDegreeStrategyTests" time="0.0"/>
  <testcase name="shouldReturnRandomUncolouredVertexWhenGraphUncoloured()[252]" classname="uk.me.robcook.gcp.domain.SaturationDegreeStrategyTests" time="0.0"/>
  <testcase name="shouldReturnRandomUncolouredVertexWhenGraphUncoloured()[253]" classname="uk.me.robcook.gcp.domain.SaturationDegreeStrategyTests" time="0.0"/>
  <testcase name="shouldReturnRandomUncolouredVertexWhenGraphUncoloured()[254]" classname="uk.me.robcook.gcp.domain.SaturationDegreeStrategyTests" time="0.0"/>
  <testcase name="shouldReturnRandomUncolouredVertexWhenGraphUncoloured()[255]" classname="uk.me.robcook.gcp.domain.SaturationDegreeStrategyTests" time="0.0"/>
  <testcase name="shouldReturnRandomUncolouredVertexWhenGraphUncoloured()[256]" classname="uk.me.robcook.gcp.domain.SaturationDegreeStrategyTests" time="0.001"/>
  <testcase name="shouldReturnRandomUncolouredVertexWhenGraphUncoloured()[257]" classname="uk.me.robcook.gcp.domain.SaturationDegreeStrategyTests" time="0.0"/>
  <testcase name="shouldReturnRandomUncolouredVertexWhenGraphUncoloured()[258]" classname="uk.me.robcook.gcp.domain.SaturationDegreeStrategyTests" time="0.0"/>
  <testcase name="shouldReturnRandomUncolouredVertexWhenGraphUncoloured()[259]" classname="uk.me.robcook.gcp.domain.SaturationDegreeStrategyTests" time="0.0"/>
  <testcase name="shouldReturnRandomUncolouredVertexWhenGraphUncoloured()[260]" classname="uk.me.robcook.gcp.domain.SaturationDegreeStrategyTests" time="0.0"/>
  <testcase name="shouldReturnRandomUncolouredVertexWhenGraphUncoloured()[261]" classname="uk.me.robcook.gcp.domain.SaturationDegreeStrategyTests" time="0.0"/>
  <testcase name="shouldReturnRandomUncolouredVertexWhenGraphUncoloured()[262]" classname="uk.me.robcook.gcp.domain.SaturationDegreeStrategyTests" time="0.0"/>
  <testcase name="shouldReturnRandomUncolouredVertexWhenGraphUncoloured()[263]" classname="uk.me.robcook.gcp.domain.SaturationDegreeStrategyTests" time="0.001"/>
  <testcase name="shouldReturnRandomUncolouredVertexWhenGraphUncoloured()[264]" classname="uk.me.robcook.gcp.domain.SaturationDegreeStrategyTests" time="0.0"/>
  <testcase name="shouldReturnRandomUncolouredVertexWhenGraphUncoloured()[265]" classname="uk.me.robcook.gcp.domain.SaturationDegreeStrategyTests" time="0.0"/>
  <testcase name="shouldReturnRandomUncolouredVertexWhenGraphUncoloured()[266]" classname="uk.me.robcook.gcp.domain.SaturationDegreeStrategyTests" time="0.0"/>
  <testcase name="shouldReturnRandomUncolouredVertexWhenGraphUncoloured()[267]" classname="uk.me.robcook.gcp.domain.SaturationDegreeStrategyTests" time="0.0"/>
  <testcase name="shouldReturnRandomUncolouredVertexWhenGraphUncoloured()[268]" classname="uk.me.robcook.gcp.domain.SaturationDegreeStrategyTests" time="0.001"/>
  <testcase name="shouldReturnRandomUncolouredVertexWhenGraphUncoloured()[269]" classname="uk.me.robcook.gcp.domain.SaturationDegreeStrategyTests" time="0.0"/>
  <testcase name="shouldReturnRandomUncolouredVertexWhenGraphUncoloured()[270]" classname="uk.me.robcook.gcp.domain.SaturationDegreeStrategyTests" time="0.0"/>
  <testcase name="shouldReturnRandomUncolouredVertexWhenGraphUncoloured()[271]" classname="uk.me.robcook.gcp.domain.SaturationDegreeStrategyTests" time="0.0"/>
  <testcase name="shouldReturnRandomUncolouredVertexWhenGraphUncoloured()[272]" classname="uk.me.robcook.gcp.domain.SaturationDegreeStrategyTests" time="0.0"/>
  <testcase name="shouldReturnRandomUncolouredVertexWhenGraphUncoloured()[273]" classname="uk.me.robcook.gcp.domain.SaturationDegreeStrategyTests" time="0.001"/>
  <testcase name="shouldReturnRandomUncolouredVertexWhenGraphUncoloured()[274]" classname="uk.me.robcook.gcp.domain.SaturationDegreeStrategyTests" time="0.0"/>
  <testcase name="shouldReturnRandomUncolouredVertexWhenGraphUncoloured()[275]" classname="uk.me.robcook.gcp.domain.SaturationDegreeStrategyTests" time="0.0"/>
  <testcase name="shouldReturnRandomUncolouredVertexWhenGraphUncoloured()[276]" classname="uk.me.robcook.gcp.domain.SaturationDegreeStrategyTests" time="0.0"/>
  <testcase name="shouldReturnRandomUncolouredVertexWhenGraphUncoloured()[277]" classname="uk.me.robcook.gcp.domain.SaturationDegreeStrategyTests" time="0.0"/>
  <testcase name="shouldReturnRandomUncolouredVertexWhenGraphUncoloured()[278]" classname="uk.me.robcook.gcp.domain.SaturationDegreeStrategyTests" time="0.0"/>
  <testcase name="shouldReturnRandomUncolouredVertexWhenGraphUncoloured()[279]" classname="uk.me.robcook.gcp.domain.SaturationDegreeStrategyTests" time="0.0"/>
  <testcase name="shouldReturnRandomUncolouredVertexWhenGraphUncoloured()[280]" classname="uk.me.robcook.gcp.domain.SaturationDegreeStrategyTests" time="0.0"/>
  <testcase name="shouldReturnRandomUncolouredVertexWhenGraphUncoloured()[281]" classname="uk.me.robcook.gcp.domain.SaturationDegreeStrategyTests" time="0.006"/>
  <testcase name="shouldReturnRandomUncolouredVertexWhenGraphUncoloured()[282]" classname="uk.me.robcook.gcp.domain.SaturationDegreeStrategyTests" time="0.001"/>
  <testcase name="shouldReturnRandomUncolouredVertexWhenGraphUncoloured()[283]" classname="uk.me.robcook.gcp.domain.SaturationDegreeStrategyTests" time="0.001"/>
  <testcase name="shouldReturnRandomUncolouredVertexWhenGraphUncoloured()[284]" classname="uk.me.robcook.gcp.domain.SaturationDegreeStrategyTests" time="0.0"/>
  <testcase name="shouldReturnRandomUncolouredVertexWhenGraphUncoloured()[285]" classname="uk.me.robcook.gcp.domain.SaturationDegreeStrategyTests" time="0.0"/>
  <testcase name="shouldReturnRandomUncolouredVertexWhenGraphUncoloured()[286]" classname="uk.me.robcook.gcp.domain.SaturationDegreeStrategyTests" time="0.0"/>
  <testcase name="shouldReturnRandomUncolouredVertexWhenGraphUncoloured()[287]" classname="uk.me.robcook.gcp.domain.SaturationDegreeStrategyTests" time="0.0"/>
  <testcase name="shouldReturnRandomUncolouredVertexWhenGraphUncoloured()[288]" classname="uk.me.robcook.gcp.domain.SaturationDegreeStrategyTests" time="0.001"/>
  <testcase name="shouldReturnRandomUncolouredVertexWhenGraphUncoloured()[289]" classname="uk.me.robcook.gcp.domain.SaturationDegreeStrategyTests" time="0.0"/>
  <testcase name="shouldReturnRandomUncolouredVertexWhenGraphUncoloured()[290]" classname="uk.me.robcook.gcp.domain.SaturationDegreeStrategyTests" time="0.0"/>
  <testcase name="shouldReturnRandomUncolouredVertexWhenGraphUncoloured()[291]" classname="uk.me.robcook.gcp.domain.SaturationDegreeStrategyTests" time="0.0"/>
  <testcase name="shouldReturnRandomUncolouredVertexWhenGraphUncoloured()[292]" classname="uk.me.robcook.gcp.domain.SaturationDegreeStrategyTests" time="0.0"/>
  <testcase name="shouldReturnRandomUncolouredVertexWhenGraphUncoloured()[293]" classname="uk.me.robcook.gcp.domain.SaturationDegreeStrategyTests" time="0.0"/>
  <testcase name="shouldReturnRandomUncolouredVertexWhenGraphUncoloured()[294]" classname="uk.me.robcook.gcp.domain.SaturationDegreeStrategyTests" time="0.0"/>
  <testcase name="shouldReturnRandomUncolouredVertexWhenGraphUncoloured()[295]" classname="uk.me.robcook.gcp.domain.SaturationDegreeStrategyTests" time="0.0"/>
  <testcase name="shouldReturnRandomUncolouredVertexWhenGraphUncoloured()[296]" classname="uk.me.robcook.gcp.domain.SaturationDegreeStrategyTests" time="0.0"/>
  <testcase name="shouldReturnRandomUncolouredVertexWhenGraphUncoloured()[297]" classname="uk.me.robcook.gcp.domain.SaturationDegreeStrategyTests" time="0.001"/>
  <testcase name="shouldReturnRandomUncolouredVertexWhenGraphUncoloured()[298]" classname="uk.me.robcook.gcp.domain.SaturationDegreeStrategyTests" time="0.0"/>
  <testcase name="shouldReturnRandomUncolouredVertexWhenGraphUncoloured()[299]" classname="uk.me.robcook.gcp.domain.SaturationDegreeStrategyTests" time="0.0"/>
  <testcase name="shouldReturnRandomUncolouredVertexWhenGraphUncoloured()[300]" classname="uk.me.robcook.gcp.domain.SaturationDegreeStrategyTests" time="0.0"/>
  <testcase name="shouldReturnRandomUncolouredVertexWhenGraphUncoloured()[301]" classname="uk.me.robcook.gcp.domain.SaturationDegreeStrategyTests" time="0.0"/>
  <testcase name="shouldReturnRandomUncolouredVertexWhenGraphUncoloured()[302]" classname="uk.me.robcook.gcp.domain.SaturationDegreeStrategyTests" time="0.0"/>
  <testcase name="shouldReturnRandomUncolouredVertexWhenGraphUncoloured()[303]" classname="uk.me.robcook.gcp.domain.SaturationDegreeStrategyTests" time="0.001"/>
  <testcase name="shouldReturnRandomUncolouredVertexWhenGraphUncoloured()[304]" classname="uk.me.robcook.gcp.domain.SaturationDegreeStrategyTests" time="0.0"/>
  <testcase name="shouldReturnRandomUncolouredVertexWhenGraphUncoloured()[305]" classname="uk.me.robcook.gcp.domain.SaturationDegreeStrategyTests" time="0.0"/>
  <testcase name="shouldReturnRandomUncolouredVertexWhenGraphUncoloured()[306]" classname="uk.me.robcook.gcp.domain.SaturationDegreeStrategyTests" time="0.001"/>
  <testcase name="shouldReturnRandomUncolouredVertexWhenGraphUncoloured()[307]" classname="uk.me.robcook.gcp.domain.SaturationDegreeStrategyTests" time="0.0"/>
  <testcase name="shouldReturnRandomUncolouredVertexWhenGraphUncoloured()[308]" classname="uk.me.robcook.gcp.domain.SaturationDegreeStrategyTests" time="0.0"/>
  <testcase name="shouldReturnRandomUncolouredVertexWhenGraphUncoloured()[309]" classname="uk.me.robcook.gcp.domain.SaturationDegreeStrategyTests" time="0.0"/>
  <testcase name="shouldReturnRandomUncolouredVertexWhenGraphUncoloured()[310]" classname="uk.me.robcook.gcp.domain.SaturationDegreeStrategyTests" time="0.0"/>
  <testcase name="shouldReturnRandomUncolouredVertexWhenGraphUncoloured()[311]" classname="uk.me.robcook.gcp.domain.SaturationDegreeStrategyTests" time="0.0"/>
  <testcase name="shouldReturnRandomUncolouredVertexWhenGraphUncoloured()[312]" classname="uk.me.robcook.gcp.domain.SaturationDegreeStrategyTests" time="0.0"/>
  <testcase name="shouldReturnRandomUncolouredVertexWhenGraphUncoloured()[313]" classname="uk.me.robcook.gcp.domain.SaturationDegreeStrategyTests" time="0.0"/>
  <testcase name="shouldReturnRandomUncolouredVertexWhenGraphUncoloured()[314]" classname="uk.me.robcook.gcp.domain.SaturationDegreeStrategyTests" time="0.0"/>
  <testcase name="shouldReturnRandomUncolouredVertexWhenGraphUncoloured()[315]" classname="uk.me.robcook.gcp.domain.SaturationDegreeStrategyTests" time="0.001"/>
  <testcase name="shouldReturnRandomUncolouredVertexWhenGraphUncoloured()[316]" classname="uk.me.robcook.gcp.domain.SaturationDegreeStrategyTests" time="0.0"/>
  <testcase name="shouldReturnRandomUncolouredVertexWhenGraphUncoloured()[317]" classname="uk.me.robcook.gcp.domain.SaturationDegreeStrategyTests" time="0.0"/>
  <testcase name="shouldReturnRandomUncolouredVertexWhenGraphUncoloured()[318]" classname="uk.me.robcook.gcp.domain.SaturationDegreeStrategyTests" time="0.001"/>
  <testcase name="shouldReturnRandomUncolouredVertexWhenGraphUncoloured()[319]" classname="uk.me.robcook.gcp.domain.SaturationDegreeStrategyTests" time="0.0"/>
  <testcase name="shouldReturnRandomUncolouredVertexWhenGraphUncoloured()[320]" classname="uk.me.robcook.gcp.domain.SaturationDegreeStrategyTests" time="0.0"/>
  <testcase name="shouldReturnRandomUncolouredVertexWhenGraphUncoloured()[321]" classname="uk.me.robcook.gcp.domain.SaturationDegreeStrategyTests" time="0.0"/>
  <testcase name="shouldReturnRandomUncolouredVertexWhenGraphUncoloured()[322]" classname="uk.me.robcook.gcp.domain.SaturationDegreeStrategyTests" time="0.0"/>
  <testcase name="shouldReturnRandomUncolouredVertexWhenGraphUncoloured()[323]" classname="uk.me.robcook.gcp.domain.SaturationDegreeStrategyTests" time="0.0"/>
  <testcase name="shouldReturnRandomUncolouredVertexWhenGraphUncoloured()[324]" classname="uk.me.robcook.gcp.domain.SaturationDegreeStrategyTests" time="0.0"/>
  <testcase name="shouldReturnRandomUncolouredVertexWhenGraphUncoloured()[325]" classname="uk.me.robcook.gcp.domain.SaturationDegreeStrategyTests" time="0.0"/>
  <testcase name="shouldReturnRandomUncolouredVertexWhenGraphUncoloured()[326]" classname="uk.me.robcook.gcp.domain.SaturationDegreeStrategyTests" time="0.001"/>
  <testcase name="shouldReturnRandomUncolouredVertexWhenGraphUncoloured()[327]" classname="uk.me.robcook.gcp.domain.SaturationDegreeStrategyTests" time="0.0"/>
  <testcase name="shouldReturnRandomUncolouredVertexWhenGraphUncoloured()[328]" classname="uk.me.robcook.gcp.domain.SaturationDegreeStrategyTests" time="0.0"/>
  <testcase name="shouldReturnRandomUncolouredVertexWhenGraphUncoloured()[329]" classname="uk.me.robcook.gcp.domain.SaturationDegreeStrategyTests" time="0.001"/>
  <testcase name="shouldReturnRandomUncolouredVertexWhenGraphUncoloured()[330]" classname="uk.me.robcook.gcp.domain.SaturationDegreeStrategyTests" time="0.0"/>
  <testcase name="shouldReturnRandomUncolouredVertexWhenGraphUncoloured()[331]" classname="uk.me.robcook.gcp.domain.SaturationDegreeStrategyTests" time="0.0"/>
  <testcase name="shouldReturnRandomUncolouredVertexWhenGraphUncoloured()[332]" classname="uk.me.robcook.gcp.domain.SaturationDegreeStrategyTests" time="0.0"/>
  <testcase name="shouldReturnRandomUncolouredVertexWhenGraphUncoloured()[333]" classname="uk.me.robcook.gcp.domain.SaturationDegreeStrategyTests" time="0.0"/>
  <testcase name="shouldReturnRandomUncolouredVertexWhenGraphUncoloured()[334]" classname="uk.me.robcook.gcp.domain.SaturationDegreeStrategyTests" time="0.0"/>
  <testcase name="shouldReturnRandomUncolouredVertexWhenGraphUncoloured()[335]" classname="uk.me.robcook.gcp.domain.SaturationDegreeStrategyTests" time="0.001"/>
  <testcase name="shouldReturnRandomUncolouredVertexWhenGraphUncoloured()[336]" classname="uk.me.robcook.gcp.domain.SaturationDegreeStrategyTests" time="0.0"/>
  <testcase name="shouldReturnRandomUncolouredVertexWhenGraphUncoloured()[337]" classname="uk.me.robcook.gcp.domain.SaturationDegreeStrategyTests" time="0.0"/>
  <testcase name="shouldReturnRandomUncolouredVertexWhenGraphUncoloured()[338]" classname="uk.me.robcook.gcp.domain.SaturationDegreeStrategyTests" time="0.0"/>
  <testcase name="shouldReturnRandomUncolouredVertexWhenGraphUncoloured()[339]" classname="uk.me.robcook.gcp.domain.SaturationDegreeStrategyTests" time="0.0"/>
  <testcase name="shouldReturnRandomUncolouredVertexWhenGraphUncoloured()[340]" classname="uk.me.robcook.gcp.domain.SaturationDegreeStrategyTests" time="0.0"/>
  <testcase name="shouldReturnRandomUncolouredVertexWhenGraphUncoloured()[341]" classname="uk.me.robcook.gcp.domain.SaturationDegreeStrategyTests" time="0.0"/>
  <testcase name="shouldReturnRandomUncolouredVertexWhenGraphUncoloured()[342]" classname="uk.me.robcook.gcp.domain.SaturationDegreeStrategyTests" time="0.0"/>
  <testcase name="shouldReturnRandomUncolouredVertexWhenGraphUncoloured()[343]" classname="uk.me.robcook.gcp.domain.SaturationDegreeStrategyTests" time="0.001"/>
  <testcase name="shouldReturnRandomUncolouredVertexWhenGraphUncoloured()[344]" classname="uk.me.robcook.gcp.domain.SaturationDegreeStrategyTests" time="0.0"/>
  <testcase name="shouldReturnRandomUncolouredVertexWhenGraphUncoloured()[345]" classname="uk.me.robcook.gcp.domain.SaturationDegreeStrategyTests" time="0.0"/>
  <testcase name="shouldReturnRandomUncolouredVertexWhenGraphUncoloured()[346]" classname="uk.me.robcook.gcp.domain.SaturationDegreeStrategyTests" time="0.001"/>
  <testcase name="shouldReturnRandomUncolouredVertexWhenGraphUncoloured()[347]" classname="uk.me.robcook.gcp.domain.SaturationDegreeStrategyTests" time="0.0"/>
  <testcase name="shouldReturnRandomUncolouredVertexWhenGraphUncoloured()[348]" classname="uk.me.robcook.gcp.domain.SaturationDegreeStrategyTests" time="0.0"/>
  <testcase name="shouldReturnRandomUncolouredVertexWhenGraphUncoloured()[349]" classname="uk.me.robcook.gcp.domain.SaturationDegreeStrategyTests" time="0.0"/>
  <testcase name="shouldReturnRandomUncolouredVertexWhenGraphUncoloured()[350]" classname="uk.me.robcook.gcp.domain.SaturationDegreeStrategyTests" time="0.0"/>
  <testcase name="shouldReturnRandomUncolouredVertexWhenGraphUncoloured()[351]" classname="uk.me.robcook.gcp.domain.SaturationDegreeStrategyTests" time="0.0"/>
  <testcase name="shouldReturnRandomUncolouredVertexWhenGraphUncoloured()[352]" classname="uk.me.robcook.gcp.domain.SaturationDegreeStrategyTests" time="0.0"/>
  <testcase name="shouldReturnRandomUncolouredVertexWhenGraphUncoloured()[353]" classname="uk.me.robcook.gcp.domain.SaturationDegreeStrategyTests" time="0.0"/>
  <testcase name="shouldReturnRandomUncolouredVertexWhenGraphUncoloured()[354]" classname="uk.me.robcook.gcp.domain.SaturationDegreeStrategyTests" time="0.0"/>
  <testcase name="shouldReturnRandomUncolouredVertexWhenGraphUncoloured()[355]" classname="uk.me.robcook.gcp.domain.SaturationDegreeStrategyTests" time="0.001"/>
  <testcase name="shouldReturnRandomUncolouredVertexWhenGraphUncoloured()[356]" classname="uk.me.robcook.gcp.domain.SaturationDegreeStrategyTests" time="0.0"/>
  <testcase name="shouldReturnRandomUncolouredVertexWhenGraphUncoloured()[357]" classname="uk.me.robcook.gcp.domain.SaturationDegreeStrategyTests" time="0.0"/>
  <testcase name="shouldReturnRandomUncolouredVertexWhenGraphUncoloured()[358]" classname="uk.me.robcook.gcp.domain.SaturationDegreeStrategyTests" time="0.001"/>
  <testcase name="shouldReturnRandomUncolouredVertexWhenGraphUncoloured()[359]" classname="uk.me.robcook.gcp.domain.SaturationDegreeStrategyTests" time="0.0"/>
  <testcase name="shouldReturnRandomUncolouredVertexWhenGraphUncoloured()[360]" classname="uk.me.robcook.gcp.domain.SaturationDegreeStrategyTests" time="0.0"/>
  <testcase name="shouldReturnRandomUncolouredVertexWhenGraphUncoloured()[361]" classname="uk.me.robcook.gcp.domain.SaturationDegreeStrategyTests" time="0.0"/>
  <testcase name="shouldReturnRandomUncolouredVertexWhenGraphUncoloured()[362]" classname="uk.me.robcook.gcp.domain.SaturationDegreeStrategyTests" time="0.0"/>
  <testcase name="shouldReturnRandomUncolouredVertexWhenGraphUncoloured()[363]" classname="uk.me.robcook.gcp.domain.SaturationDegreeStrategyTests" time="0.001"/>
  <testcase name="shouldReturnRandomUncolouredVertexWhenGraphUncoloured()[364]" classname="uk.me.robcook.gcp.domain.SaturationDegreeStrategyTests" time="0.0"/>
  <testcase name="shouldReturnRandomUncolouredVertexWhenGraphUncoloured()[365]" classname="uk.me.robcook.gcp.domain.SaturationDegreeStrategyTests" time="0.001"/>
  <testcase name="shouldReturnRandomUncolouredVertexWhenGraphUncoloured()[366]" classname="uk.me.robcook.gcp.domain.SaturationDegreeStrategyTests" time="0.001"/>
  <testcase name="shouldReturnRandomUncolouredVertexWhenGraphUncoloured()[367]" classname="uk.me.robcook.gcp.domain.SaturationDegreeStrategyTests" time="0.0"/>
  <testcase name="shouldReturnRandomUncolouredVertexWhenGraphUncoloured()[368]" classname="uk.me.robcook.gcp.domain.SaturationDegreeStrategyTests" time="0.0"/>
  <testcase name="shouldReturnRandomUncolouredVertexWhenGraphUncoloured()[369]" classname="uk.me.robcook.gcp.domain.SaturationDegreeStrategyTests" time="0.001"/>
  <testcase name="shouldReturnRandomUncolouredVertexWhenGraphUncoloured()[370]" classname="uk.me.robcook.gcp.domain.SaturationDegreeStrategyTests" time="0.0"/>
  <testcase name="shouldReturnRandomUncolouredVertexWhenGraphUncoloured()[371]" classname="uk.me.robcook.gcp.domain.SaturationDegreeStrategyTests" time="0.0"/>
  <testcase name="shouldReturnRandomUncolouredVertexWhenGraphUncoloured()[372]" classname="uk.me.robcook.gcp.domain.SaturationDegreeStrategyTests" time="0.001"/>
  <testcase name="shouldReturnRandomUncolouredVertexWhenGraphUncoloured()[373]" classname="uk.me.robcook.gcp.domain.SaturationDegreeStrategyTests" time="0.0"/>
  <testcase name="shouldReturnRandomUncolouredVertexWhenGraphUncoloured()[374]" classname="uk.me.robcook.gcp.domain.SaturationDegreeStrategyTests" time="0.0"/>
  <testcase name="shouldReturnRandomUncolouredVertexWhenGraphUncoloured()[375]" classname="uk.me.robcook.gcp.domain.SaturationDegreeStrategyTests" time="0.0"/>
  <testcase name="shouldReturnRandomUncolouredVertexWhenGraphUncoloured()[376]" classname="uk.me.robcook.gcp.domain.SaturationDegreeStrategyTests" time="0.001"/>
  <testcase name="shouldReturnRandomUncolouredVertexWhenGraphUncoloured()[377]" classname="uk.me.robcook.gcp.domain.SaturationDegreeStrategyTests" time="0.0"/>
  <testcase name="shouldReturnRandomUncolouredVertexWhenGraphUncoloured()[378]" classname="uk.me.robcook.gcp.domain.SaturationDegreeStrategyTests" time="0.001"/>
  <testcase name="shouldReturnRandomUncolouredVertexWhenGraphUncoloured()[379]" classname="uk.me.robcook.gcp.domain.SaturationDegreeStrategyTests" time="0.0"/>
  <testcase name="shouldReturnRandomUncolouredVertexWhenGraphUncoloured()[380]" classname="uk.me.robcook.gcp.domain.SaturationDegreeStrategyTests" time="0.0"/>
  <testcase name="shouldReturnRandomUncolouredVertexWhenGraphUncoloured()[381]" classname="uk.me.robcook.gcp.domain.SaturationDegreeStrategyTests" time="0.0"/>
  <testcase name="shouldReturnRandomUncolouredVertexWhenGraphUncoloured()[382]" classname="uk.me.robcook.gcp.domain.SaturationDegreeStrategyTests" time="0.0"/>
  <testcase name="shouldReturnRandomUncolouredVertexWhenGraphUncoloured()[383]" classname="uk.me.robcook.gcp.domain.SaturationDegreeStrategyTests" time="0.001"/>
  <testcase name="shouldReturnRandomUncolouredVertexWhenGraphUncoloured()[384]" classname="uk.me.robcook.gcp.domain.SaturationDegreeStrategyTests" time="0.0"/>
  <testcase name="shouldReturnRandomUncolouredVertexWhenGraphUncoloured()[385]" classname="uk.me.robcook.gcp.domain.SaturationDegreeStrategyTests" time="0.0"/>
  <testcase name="shouldReturnRandomUncolouredVertexWhenGraphUncoloured()[386]" classname="uk.me.robcook.gcp.domain.SaturationDegreeStrategyTests" time="0.001"/>
  <testcase name="shouldReturnRandomUncolouredVertexWhenGraphUncoloured()[387]" classname="uk.me.robcook.gcp.domain.SaturationDegreeStrategyTests" time="0.0"/>
  <testcase name="shouldReturnRandomUncolouredVertexWhenGraphUncoloured()[388]" classname="uk.me.robcook.gcp.domain.SaturationDegreeStrategyTests" time="0.001"/>
  <testcase name="shouldReturnRandomUncolouredVertexWhenGraphUncoloured()[389]" classname="uk.me.robcook.gcp.domain.SaturationDegreeStrategyTests" time="0.0"/>
  <testcase name="shouldReturnRandomUncolouredVertexWhenGraphUncoloured()[390]" classname="uk.me.robcook.gcp.domain.SaturationDegreeStrategyTests" time="0.001"/>
  <testcase name="shouldReturnRandomUncolouredVertexWhenGraphUncoloured()[391]" classname="uk.me.robcook.gcp.domain.SaturationDegreeStrategyTests" time="0.0"/>
  <testcase name="shouldReturnRandomUncolouredVertexWhenGraphUncoloured()[392]" classname="uk.me.robcook.gcp.domain.SaturationDegreeStrategyTests" time="0.0"/>
  <testcase name="shouldReturnRandomUncolouredVertexWhenGraphUncoloured()[393]" classname="uk.me.robcook.gcp.domain.SaturationDegreeStrategyTests" time="0.0"/>
  <testcase name="shouldReturnRandomUncolouredVertexWhenGraphUncoloured()[394]" classname="uk.me.robcook.gcp.domain.SaturationDegreeStrategyTests" time="0.0"/>
  <testcase name="shouldReturnRandomUncolouredVertexWhenGraphUncoloured()[395]" classname="uk.me.robcook.gcp.domain.SaturationDegreeStrategyTests" time="0.0"/>
  <testcase name="shouldReturnRandomUncolouredVertexWhenGraphUncoloured()[396]" classname="uk.me.robcook.gcp.domain.SaturationDegreeStrategyTests" time="0.0"/>
  <testcase name="shouldReturnRandomUncolouredVertexWhenGraphUncoloured()[397]" classname="uk.me.robcook.gcp.domain.SaturationDegreeStrategyTests" time="0.0"/>
  <testcase name="shouldReturnRandomUncolouredVertexWhenGraphUncoloured()[398]" classname="uk.me.robcook.gcp.domain.SaturationDegreeStrategyTests" time="0.0"/>
  <testcase name="shouldReturnRandomUncolouredVertexWhenGraphUncoloured()[399]" classname="uk.me.robcook.gcp.domain.SaturationDegreeStrategyTests" time="0.0"/>
  <testcase name="shouldReturnRandomUncolouredVertexWhenGraphUncoloured()[400]" classname="uk.me.robcook.gcp.domain.SaturationDegreeStrategyTests" time="0.0"/>
  <testcase name="shouldReturnRandomUncolouredVertexWhenGraphUncoloured()[401]" classname="uk.me.robcook.gcp.domain.SaturationDegreeStrategyTests" time="0.0"/>
  <testcase name="shouldReturnRandomUncolouredVertexWhenGraphUncoloured()[402]" classname="uk.me.robcook.gcp.domain.SaturationDegreeStrategyTests" time="0.001"/>
  <testcase name="shouldReturnRandomUncolouredVertexWhenGraphUncoloured()[403]" classname="uk.me.robcook.gcp.domain.SaturationDegreeStrategyTests" time="0.0"/>
  <testcase name="shouldReturnRandomUncolouredVertexWhenGraphUncoloured()[404]" classname="uk.me.robcook.gcp.domain.SaturationDegreeStrategyTests" time="0.0"/>
  <testcase name="shouldReturnRandomUncolouredVertexWhenGraphUncoloured()[405]" classname="uk.me.robcook.gcp.domain.SaturationDegreeStrategyTests" time="0.0"/>
  <testcase name="shouldReturnRandomUncolouredVertexWhenGraphUncoloured()[406]" classname="uk.me.robcook.gcp.domain.SaturationDegreeStrategyTests" time="0.0"/>
  <testcase name="shouldReturnRandomUncolouredVertexWhenGraphUncoloured()[407]" classname="uk.me.robcook.gcp.domain.SaturationDegreeStrategyTests" time="0.0"/>
  <testcase name="shouldReturnRandomUncolouredVertexWhenGraphUncoloured()[408]" classname="uk.me.robcook.gcp.domain.SaturationDegreeStrategyTests" time="0.0"/>
  <testcase name="shouldReturnRandomUncolouredVertexWhenGraphUncoloured()[409]" classname="uk.me.robcook.gcp.domain.SaturationDegreeStrategyTests" time="0.001"/>
  <testcase name="shouldReturnRandomUncolouredVertexWhenGraphUncoloured()[410]" classname="uk.me.robcook.gcp.domain.SaturationDegreeStrategyTests" time="0.0"/>
  <testcase name="shouldReturnRandomUncolouredVertexWhenGraphUncoloured()[411]" classname="uk.me.robcook.gcp.domain.SaturationDegreeStrategyTests" time="0.0"/>
  <testcase name="shouldReturnRandomUncolouredVertexWhenGraphUncoloured()[412]" classname="uk.me.robcook.gcp.domain.SaturationDegreeStrategyTests" time="0.0"/>
  <testcase name="shouldReturnRandomUncolouredVertexWhenGraphUncoloured()[413]" classname="uk.me.robcook.gcp.domain.SaturationDegreeStrategyTests" time="0.0"/>
  <testcase name="shouldReturnRandomUncolouredVertexWhenGraphUncoloured()[414]" classname="uk.me.robcook.gcp.domain.SaturationDegreeStrategyTests" time="0.0"/>
  <testcase name="shouldReturnRandomUncolouredVertexWhenGraphUncoloured()[415]" classname="uk.me.robcook.gcp.domain.SaturationDegreeStrategyTests" time="0.0"/>
  <testcase name="shouldReturnRandomUncolouredVertexWhenGraphUncoloured()[416]" classname="uk.me.robcook.gcp.domain.SaturationDegreeStrategyTests" time="0.001"/>
  <testcase name="shouldReturnRandomUncolouredVertexWhenGraphUncoloured()[417]" classname="uk.me.robcook.gcp.domain.SaturationDegreeStrategyTests" time="0.0"/>
  <testcase name="shouldReturnRandomUncolouredVertexWhenGraphUncoloured()[418]" classname="uk.me.robcook.gcp.domain.SaturationDegreeStrategyTests" time="0.0"/>
  <testcase name="shouldReturnRandomUncolouredVertexWhenGraphUncoloured()[419]" classname="uk.me.robcook.gcp.domain.SaturationDegreeStrategyTests" time="0.0"/>
  <testcase name="shouldReturnRandomUncolouredVertexWhenGraphUncoloured()[420]" classname="uk.me.robcook.gcp.domain.SaturationDegreeStrategyTests" time="0.0"/>
  <testcase name="shouldReturnRandomUncolouredVertexWhenGraphUncoloured()[421]" classname="uk.me.robcook.gcp.domain.SaturationDegreeStrategyTests" time="0.0"/>
  <testcase name="shouldReturnRandomUncolouredVertexWhenGraphUncoloured()[422]" classname="uk.me.robcook.gcp.domain.SaturationDegreeStrategyTests" time="0.0"/>
  <testcase name="shouldReturnRandomUncolouredVertexWhenGraphUncoloured()[423]" classname="uk.me.robcook.gcp.domain.SaturationDegreeStrategyTests" time="0.001"/>
  <testcase name="shouldReturnRandomUncolouredVertexWhenGraphUncoloured()[424]" classname="uk.me.robcook.gcp.domain.SaturationDegreeStrategyTests" time="0.0"/>
  <testcase name="shouldReturnRandomUncolouredVertexWhenGraphUncoloured()[425]" classname="uk.me.robcook.gcp.domain.SaturationDegreeStrategyTests" time="0.0"/>
  <testcase name="shouldReturnRandomUncolouredVertexWhenGraphUncoloured()[426]" classname="uk.me.robcook.gcp.domain.SaturationDegreeStrategyTests" time="0.001"/>
  <testcase name="shouldReturnRandomUncolouredVertexWhenGraphUncoloured()[427]" classname="uk.me.robcook.gcp.domain.SaturationDegreeStrategyTests" time="0.0"/>
  <testcase name="shouldReturnRandomUncolouredVertexWhenGraphUncoloured()[428]" classname="uk.me.robcook.gcp.domain.SaturationDegreeStrategyTests" time="0.0"/>
  <testcase name="shouldReturnRandomUncolouredVertexWhenGraphUncoloured()[429]" classname="uk.me.robcook.gcp.domain.SaturationDegreeStrategyTests" time="0.0"/>
  <testcase name="shouldReturnRandomUncolouredVertexWhenGraphUncoloured()[430]" classname="uk.me.robcook.gcp.domain.SaturationDegreeStrategyTests" time="0.001"/>
  <testcase name="shouldReturnRandomUncolouredVertexWhenGraphUncoloured()[431]" classname="uk.me.robcook.gcp.domain.SaturationDegreeStrategyTests" time="0.001"/>
  <testcase name="shouldReturnRandomUncolouredVertexWhenGraphUncoloured()[432]" classname="uk.me.robcook.gcp.domain.SaturationDegreeStrategyTests" time="0.0"/>
  <testcase name="shouldReturnRandomUncolouredVertexWhenGraphUncoloured()[433]" classname="uk.me.robcook.gcp.domain.SaturationDegreeStrategyTests" time="0.0"/>
  <testcase name="shouldReturnRandomUncolouredVertexWhenGraphUncoloured()[434]" classname="uk.me.robcook.gcp.domain.SaturationDegreeStrategyTests" time="0.001"/>
  <testcase name="shouldReturnRandomUncolouredVertexWhenGraphUncoloured()[435]" classname="uk.me.robcook.gcp.domain.SaturationDegreeStrategyTests" time="0.001"/>
  <testcase name="shouldReturnRandomUncolouredVertexWhenGraphUncoloured()[436]" classname="uk.me.robcook.gcp.domain.SaturationDegreeStrategyTests" time="0.0"/>
  <testcase name="shouldReturnRandomUncolouredVertexWhenGraphUncoloured()[437]" classname="uk.me.robcook.gcp.domain.SaturationDegreeStrategyTests" time="0.0"/>
  <testcase name="shouldReturnRandomUncolouredVertexWhenGraphUncoloured()[438]" classname="uk.me.robcook.gcp.domain.SaturationDegreeStrategyTests" time="0.0"/>
  <testcase name="shouldReturnRandomUncolouredVertexWhenGraphUncoloured()[439]" classname="uk.me.robcook.gcp.domain.SaturationDegreeStrategyTests" time="0.0"/>
  <testcase name="shouldReturnRandomUncolouredVertexWhenGraphUncoloured()[440]" classname="uk.me.robcook.gcp.domain.SaturationDegreeStrategyTests" time="0.0"/>
  <testcase name="shouldReturnRandomUncolouredVertexWhenGraphUncoloured()[441]" classname="uk.me.robcook.gcp.domain.SaturationDegreeStrategyTests" time="0.0"/>
  <testcase name="shouldReturnRandomUncolouredVertexWhenGraphUncoloured()[442]" classname="uk.me.robcook.gcp.domain.SaturationDegreeStrategyTests" time="0.0"/>
  <testcase name="shouldReturnRandomUncolouredVertexWhenGraphUncoloured()[443]" classname="uk.me.robcook.gcp.domain.SaturationDegreeStrategyTests" time="0.0"/>
  <testcase name="shouldReturnRandomUncolouredVertexWhenGraphUncoloured()[444]" classname="uk.me.robcook.gcp.domain.SaturationDegreeStrategyTests" time="0.0"/>
  <testcase name="shouldReturnRandomUncolouredVertexWhenGraphUncoloured()[445]" classname="uk.me.robcook.gcp.domain.SaturationDegreeStrategyTests" time="0.0"/>
  <testcase name="shouldReturnRandomUncolouredVertexWhenGraphUncoloured()[446]" classname="uk.me.robcook.gcp.domain.SaturationDegreeStrategyTests" time="0.0"/>
  <testcase name="shouldReturnRandomUncolouredVertexWhenGraphUncoloured()[447]" classname="uk.me.robcook.gcp.domain.SaturationDegreeStrategyTests" time="0.001"/>
  <testcase name="shouldReturnRandomUncolouredVertexWhenGraphUncoloured()[448]" classname="uk.me.robcook.gcp.domain.SaturationDegreeStrategyTests" time="0.0"/>
  <testcase name="shouldReturnRandomUncolouredVertexWhenGraphUncoloured()[449]" classname="uk.me.robcook.gcp.domain.SaturationDegreeStrategyTests" time="0.0"/>
  <testcase name="shouldReturnRandomUncolouredVertexWhenGraphUncoloured()[450]" classname="uk.me.robcook.gcp.domain.SaturationDegreeStrategyTests" time="0.0"/>
  <testcase name="shouldReturnRandomUncolouredVertexWhenGraphUncoloured()[451]" classname="uk.me.robcook.gcp.domain.SaturationDegreeStrategyTests" time="0.0"/>
  <testcase name="shouldReturnRandomUncolouredVertexWhenGraphUncoloured()[452]" classname="uk.me.robcook.gcp.domain.SaturationDegreeStrategyTests" time="0.0"/>
  <testcase name="shouldReturnRandomUncolouredVertexWhenGraphUncoloured()[453]" classname="uk.me.robcook.gcp.domain.SaturationDegreeStrategyTests" time="0.0"/>
  <testcase name="shouldReturnRandomUncolouredVertexWhenGraphUncoloured()[454]" classname="uk.me.robcook.gcp.domain.SaturationDegreeStrategyTests" time="0.0"/>
  <testcase name="shouldReturnRandomUncolouredVertexWhenGraphUncoloured()[455]" classname="uk.me.robcook.gcp.domain.SaturationDegreeStrategyTests" time="0.0"/>
  <testcase name="shouldReturnRandomUncolouredVertexWhenGraphUncoloured()[456]" classname="uk.me.robcook.gcp.domain.SaturationDegreeStrategyTests" time="0.0"/>
  <testcase name="shouldReturnRandomUncolouredVertexWhenGraphUncoloured()[457]" classname="uk.me.robcook.gcp.domain.SaturationDegreeStrategyTests" time="0.0"/>
  <testcase name="shouldReturnRandomUncolouredVertexWhenGraphUncoloured()[458]" classname="uk.me.robcook.gcp.domain.SaturationDegreeStrategyTests" time="0.001"/>
  <testcase name="shouldReturnRandomUncolouredVertexWhenGraphUncoloured()[459]" classname="uk.me.robcook.gcp.domain.SaturationDegreeStrategyTests" time="0.0"/>
  <testcase name="shouldReturnRandomUncolouredVertexWhenGraphUncoloured()[460]" classname="uk.me.robcook.gcp.domain.SaturationDegreeStrategyTests" time="0.0"/>
  <testcase name="shouldReturnRandomUncolouredVertexWhenGraphUncoloured()[461]" classname="uk.me.robcook.gcp.domain.SaturationDegreeStrategyTests" time="0.0"/>
  <testcase name="shouldReturnRandomUncolouredVertexWhenGraphUncoloured()[462]" classname="uk.me.robcook.gcp.domain.SaturationDegreeStrategyTests" time="0.0"/>
  <testcase name="shouldReturnRandomUncolouredVertexWhenGraphUncoloured()[463]" classname="uk.me.robcook.gcp.domain.SaturationDegreeStrategyTests" time="0.0"/>
  <testcase name="shouldReturnRandomUncolouredVertexWhenGraphUncoloured()[464]" classname="uk.me.robcook.gcp.domain.SaturationDegreeStrategyTests" time="0.0"/>
  <testcase name="shouldReturnRandomUncolouredVertexWhenGraphUncoloured()[465]" classname="uk.me.robcook.gcp.domain.SaturationDegreeStrategyTests" time="0.0"/>
  <testcase name="shouldReturnRandomUncolouredVertexWhenGraphUncoloured()[466]" classname="uk.me.robcook.gcp.domain.SaturationDegreeStrategyTests" time="0.0"/>
  <testcase name="shouldReturnRandomUncolouredVertexWhenGraphUncoloured()[467]" classname="uk.me.robcook.gcp.domain.SaturationDegreeStrategyTests" time="0.0"/>
  <testcase name="shouldReturnRandomUncolouredVertexWhenGraphUncoloured()[468]" classname="uk.me.robcook.gcp.domain.SaturationDegreeStrategyTests" time="0.0"/>
  <testcase name="shouldReturnRandomUncolouredVertexWhenGraphUncoloured()[469]" classname="uk.me.robcook.gcp.domain.SaturationDegreeStrategyTests" time="0.001"/>
  <testcase name="shouldReturnRandomUncolouredVertexWhenGraphUncoloured()[470]" classname="uk.me.robcook.gcp.domain.SaturationDegreeStrategyTests" time="0.0"/>
  <testcase name="shouldReturnRandomUncolouredVertexWhenGraphUncoloured()[471]" classname="uk.me.robcook.gcp.domain.SaturationDegreeStrategyTests" time="0.0"/>
  <testcase name="shouldReturnRandomUncolouredVertexWhenGraphUncoloured()[472]" classname="uk.me.robcook.gcp.domain.SaturationDegreeStrategyTests" time="0.0"/>
  <testcase name="shouldReturnRandomUncolouredVertexWhenGraphUncoloured()[473]" classname="uk.me.robcook.gcp.domain.SaturationDegreeStrategyTests" time="0.0"/>
  <testcase name="shouldReturnRandomUncolouredVertexWhenGraphUncoloured()[474]" classname="uk.me.robcook.gcp.domain.SaturationDegreeStrategyTests" time="0.0"/>
  <testcase name="shouldReturnRandomUncolouredVertexWhenGraphUncoloured()[475]" classname="uk.me.robcook.gcp.domain.SaturationDegreeStrategyTests" time="0.0"/>
  <testcase name="shouldReturnRandomUncolouredVertexWhenGraphUncoloured()[476]" classname="uk.me.robcook.gcp.domain.SaturationDegreeStrategyTests" time="0.001"/>
  <testcase name="shouldReturnRandomUncolouredVertexWhenGraphUncoloured()[477]" classname="uk.me.robcook.gcp.domain.SaturationDegreeStrategyTests" time="0.0"/>
  <testcase name="shouldReturnRandomUncolouredVertexWhenGraphUncoloured()[478]" classname="uk.me.robcook.gcp.domain.SaturationDegreeStrategyTests" time="0.0"/>
  <testcase name="shouldReturnRandomUncolouredVertexWhenGraphUncoloured()[479]" classname="uk.me.robcook.gcp.domain.SaturationDegreeStrategyTests" time="0.0"/>
  <testcase name="shouldReturnRandomUncolouredVertexWhenGraphUncoloured()[480]" classname="uk.me.robcook.gcp.domain.SaturationDegreeStrategyTests" time="0.001"/>
  <testcase name="shouldReturnRandomUncolouredVertexWhenGraphUncoloured()[481]" classname="uk.me.robcook.gcp.domain.SaturationDegreeStrategyTests" time="0.0"/>
  <testcase name="shouldReturnRandomUncolouredVertexWhenGraphUncoloured()[482]" classname="uk.me.robcook.gcp.domain.SaturationDegreeStrategyTests" time="0.0"/>
  <testcase name="shouldReturnRandomUncolouredVertexWhenGraphUncoloured()[483]" classname="uk.me.robcook.gcp.domain.SaturationDegreeStrategyTests" time="0.0"/>
  <testcase name="shouldReturnRandomUncolouredVertexWhenGraphUncoloured()[484]" classname="uk.me.robcook.gcp.domain.SaturationDegreeStrategyTests" time="0.0"/>
  <testcase name="shouldReturnRandomUncolouredVertexWhenGraphUncoloured()[485]" classname="uk.me.robcook.gcp.domain.SaturationDegreeStrategyTests" time="0.0"/>
  <testcase name="shouldReturnRandomUncolouredVertexWhenGraphUncoloured()[486]" classname="uk.me.robcook.gcp.domain.SaturationDegreeStrategyTests" time="0.0"/>
  <testcase name="shouldReturnRandomUncolouredVertexWhenGraphUncoloured()[487]" classname="uk.me.robcook.gcp.domain.SaturationDegreeStrategyTests" time="0.0"/>
  <testcase name="shouldReturnRandomUncolouredVertexWhenGraphUncoloured()[488]" classname="uk.me.robcook.gcp.domain.SaturationDegreeStrategyTests" time="0.0"/>
  <testcase name="shouldReturnRandomUncolouredVertexWhenGraphUncoloured()[489]" classname="uk.me.robcook.gcp.domain.SaturationDegreeStrategyTests" time="0.0"/>
  <testcase name="shouldReturnRandomUncolouredVertexWhenGraphUncoloured()[490]" classname="uk.me.robcook.gcp.domain.SaturationDegreeStrategyTests" time="0.0"/>
  <testcase name="shouldReturnRandomUncolouredVertexWhenGraphUncoloured()[491]" classname="uk.me.robcook.gcp.domain.SaturationDegreeStrategyTests" time="0.0"/>
  <testcase name="shouldReturnRandomUncolouredVertexWhenGraphUncoloured()[492]" classname="uk.me.robcook.gcp.domain.SaturationDegreeStrategyTests" time="0.0"/>
  <testcase name="shouldReturnRandomUncolouredVertexWhenGraphUncoloured()[493]" classname="uk.me.robcook.gcp.domain.SaturationDegreeStrategyTests" time="0.0"/>
  <testcase name="shouldReturnRandomUncolouredVertexWhenGraphUncoloured()[494]" classname="uk.me.robcook.gcp.domain.SaturationDegreeStrategyTests" time="0.0"/>
  <testcase name="shouldReturnRandomUncolouredVertexWhenGraphUncoloured()[495]" classname="uk.me.robcook.gcp.domain.SaturationDegreeStrategyTests" time="0.0"/>
  <testcase name="shouldReturnRandomUncolouredVertexWhenGraphUncoloured()[496]" classname="uk.me.robcook.gcp.domain.SaturationDegreeStrategyTests" time="0.0"/>
  <testcase name="shouldReturnRandomUncolouredVertexWhenGraphUncoloured()[497]" classname="uk.me.robcook.gcp.domain.SaturationDegreeStrategyTests" time="0.001"/>
  <testcase name="shouldReturnRandomUncolouredVertexWhenGraphUncoloured()[498]" classname="uk.me.robcook.gcp.domain.SaturationDegreeStrategyTests" time="0.0"/>
  <testcase name="shouldReturnRandomUncolouredVertexWhenGraphUncoloured()[499]" classname="uk.me.robcook.gcp.domain.SaturationDegreeStrategyTests" time="0.0"/>
  <testcase name="shouldReturnRandomUncolouredVertexWhenGraphUncoloured()[500]" classname="uk.me.robcook.gcp.domain.SaturationDegreeStrategyTests" time="0.0"/>
  <testcase name="shouldReturnRandomUncolouredVertexWhenGraphUncoloured()[501]" classname="uk.me.robcook.gcp.domain.SaturationDegreeStrategyTests" time="0.0"/>
  <testcase name="shouldReturnRandomUncolouredVertexWhenGraphUncoloured()[502]" classname="uk.me.robcook.gcp.domain.SaturationDegreeStrategyTests" time="0.001"/>
  <testcase name="shouldReturnRandomUncolouredVertexWhenGraphUncoloured()[503]" classname="uk.me.robcook.gcp.domain.SaturationDegreeStrategyTests" time="0.001"/>
  <testcase name="shouldReturnRandomUncolouredVertexWhenGraphUncoloured()[504]" classname="uk.me.robcook.gcp.domain.SaturationDegreeStrategyTests" time="0.001"/>
  <testcase name="shouldReturnRandomUncolouredVertexWhenGraphUncoloured()[505]" classname="uk.me.robcook.gcp.domain.SaturationDegreeStrategyTests" time="0.0"/>
  <testcase name="shouldReturnRandomUncolouredVertexWhenGraphUncoloured()[506]" classname="uk.me.robcook.gcp.domain.SaturationDegreeStrategyTests" time="0.001"/>
  <testcase name="shouldReturnRandomUncolouredVertexWhenGraphUncoloured()[507]" classname="uk.me.robcook.gcp.domain.SaturationDegreeStrategyTests" time="0.0"/>
  <testcase name="shouldReturnRandomUncolouredVertexWhenGraphUncoloured()[508]" classname="uk.me.robcook.gcp.domain.SaturationDegreeStrategyTests" time="0.0"/>
  <testcase name="shouldReturnRandomUncolouredVertexWhenGraphUncoloured()[509]" classname="uk.me.robcook.gcp.domain.SaturationDegreeStrategyTests" time="0.0"/>
  <testcase name="shouldReturnRandomUncolouredVertexWhenGraphUncoloured()[510]" classname="uk.me.robcook.gcp.domain.SaturationDegreeStrategyTests" time="0.0"/>
  <testcase name="shouldReturnRandomUncolouredVertexWhenGraphUncoloured()[511]" classname="uk.me.robcook.gcp.domain.SaturationDegreeStrategyTests" time="0.001"/>
  <testcase name="shouldReturnRandomUncolouredVertexWhenGraphUncoloured()[512]" classname="uk.me.robcook.gcp.domain.SaturationDegreeStrategyTests" time="0.001"/>
  <testcase name="shouldReturnRandomUncolouredVertexWhenGraphUncoloured()[513]" classname="uk.me.robcook.gcp.domain.SaturationDegreeStrategyTests" time="0.0"/>
  <testcase name="shouldReturnRandomUncolouredVertexWhenGraphUncoloured()[514]" classname="uk.me.robcook.gcp.domain.SaturationDegreeStrategyTests" time="0.001"/>
  <testcase name="shouldReturnRandomUncolouredVertexWhenGraphUncoloured()[515]" classname="uk.me.robcook.gcp.domain.SaturationDegreeStrategyTests" time="0.0"/>
  <testcase name="shouldReturnRandomUncolouredVertexWhenGraphUncoloured()[516]" classname="uk.me.robcook.gcp.domain.SaturationDegreeStrategyTests" time="0.0"/>
  <testcase name="shouldReturnRandomUncolouredVertexWhenGraphUncoloured()[517]" classname="uk.me.robcook.gcp.domain.SaturationDegreeStrategyTests" time="0.001"/>
  <testcase name="shouldReturnRandomUncolouredVertexWhenGraphUncoloured()[518]" classname="uk.me.robcook.gcp.domain.SaturationDegreeStrategyTests" time="0.0"/>
  <testcase name="shouldReturnRandomUncolouredVertexWhenGraphUncoloured()[519]" classname="uk.me.robcook.gcp.domain.SaturationDegreeStrategyTests" time="0.001"/>
  <testcase name="shouldReturnRandomUncolouredVertexWhenGraphUncoloured()[520]" classname="uk.me.robcook.gcp.domain.SaturationDegreeStrategyTests" time="0.0"/>
  <testcase name="shouldReturnRandomUncolouredVertexWhenGraphUncoloured()[521]" classname="uk.me.robcook.gcp.domain.SaturationDegreeStrategyTests" time="0.0"/>
  <testcase name="shouldReturnRandomUncolouredVertexWhenGraphUncoloured()[522]" classname="uk.me.robcook.gcp.domain.SaturationDegreeStrategyTests" time="0.0"/>
  <testcase name="shouldReturnRandomUncolouredVertexWhenGraphUncoloured()[523]" classname="uk.me.robcook.gcp.domain.SaturationDegreeStrategyTests" time="0.0"/>
  <testcase name="shouldReturnRandomUncolouredVertexWhenGraphUncoloured()[524]" classname="uk.me.robcook.gcp.domain.SaturationDegreeStrategyTests" time="0.0"/>
  <testcase name="shouldReturnRandomUncolouredVertexWhenGraphUncoloured()[525]" classname="uk.me.robcook.gcp.domain.SaturationDegreeStrategyTests" time="0.0"/>
  <testcase name="shouldReturnRandomUncolouredVertexWhenGraphUncoloured()[526]" classname="uk.me.robcook.gcp.domain.SaturationDegreeStrategyTests" time="0.0"/>
  <testcase name="shouldReturnRandomUncolouredVertexWhenGraphUncoloured()[527]" classname="uk.me.robcook.gcp.domain.SaturationDegreeStrategyTests" time="0.0"/>
  <testcase name="shouldReturnRandomUncolouredVertexWhenGraphUncoloured()[528]" classname="uk.me.robcook.gcp.domain.SaturationDegreeStrategyTests" time="0.0"/>
  <testcase name="shouldReturnRandomUncolouredVertexWhenGraphUncoloured()[529]" classname="uk.me.robcook.gcp.domain.SaturationDegreeStrategyTests" time="0.0"/>
  <testcase name="shouldReturnRandomUncolouredVertexWhenGraphUncoloured()[530]" classname="uk.me.robcook.gcp.domain.SaturationDegreeStrategyTests" time="0.0"/>
  <testcase name="shouldReturnRandomUncolouredVertexWhenGraphUncoloured()[531]" classname="uk.me.robcook.gcp.domain.SaturationDegreeStrategyTests" time="0.0"/>
  <testcase name="shouldReturnRandomUncolouredVertexWhenGraphUncoloured()[532]" classname="uk.me.robcook.gcp.domain.SaturationDegreeStrategyTests" time="0.0"/>
  <testcase name="shouldReturnRandomUncolouredVertexWhenGraphUncoloured()[533]" classname="uk.me.robcook.gcp.domain.SaturationDegreeStrategyTests" time="0.0"/>
  <testcase name="shouldReturnRandomUncolouredVertexWhenGraphUncoloured()[534]" classname="uk.me.robcook.gcp.domain.SaturationDegreeStrategyTests" time="0.0"/>
  <testcase name="shouldReturnRandomUncolouredVertexWhenGraphUncoloured()[535]" classname="uk.me.robcook.gcp.domain.SaturationDegreeStrategyTests" time="0.0"/>
  <testcase name="shouldReturnRandomUncolouredVertexWhenGraphUncoloured()[536]" classname="uk.me.robcook.gcp.domain.SaturationDegreeStrategyTests" time="0.0"/>
  <testcase name="shouldReturnRandomUncolouredVertexWhenGraphUncoloured()[537]" classname="uk.me.robcook.gcp.domain.SaturationDegreeStrategyTests" time="0.0"/>
  <testcase name="shouldReturnRandomUncolouredVertexWhenGraphUncoloured()[538]" classname="uk.me.robcook.gcp.domain.SaturationDegreeStrategyTests" time="0.001"/>
  <testcase name="shouldReturnRandomUncolouredVertexWhenGraphUncoloured()[539]" classname="uk.me.robcook.gcp.domain.SaturationDegreeStrategyTests" time="0.0"/>
  <testcase name="shouldReturnRandomUncolouredVertexWhenGraphUncoloured()[540]" classname="uk.me.robcook.gcp.domain.SaturationDegreeStrategyTests" time="0.0"/>
  <testcase name="shouldReturnRandomUncolouredVertexWhenGraphUncoloured()[541]" classname="uk.me.robcook.gcp.domain.SaturationDegreeStrategyTests" time="0.0"/>
  <testcase name="shouldReturnRandomUncolouredVertexWhenGraphUncoloured()[542]" classname="uk.me.robcook.gcp.domain.SaturationDegreeStrategyTests" time="0.001"/>
  <testcase name="shouldReturnRandomUncolouredVertexWhenGraphUncoloured()[543]" classname="uk.me.robcook.gcp.domain.SaturationDegreeStrategyTests" time="0.0"/>
  <testcase name="shouldReturnRandomUncolouredVertexWhenGraphUncoloured()[544]" classname="uk.me.robcook.gcp.domain.SaturationDegreeStrategyTests" time="0.0"/>
  <testcase name="shouldReturnRandomUncolouredVertexWhenGraphUncoloured()[545]" classname="uk.me.robcook.gcp.domain.SaturationDegreeStrategyTests" time="0.0"/>
  <testcase name="shouldReturnRandomUncolouredVertexWhenGraphUncoloured()[546]" classname="uk.me.robcook.gcp.domain.SaturationDegreeStrategyTests" time="0.001"/>
  <testcase name="shouldReturnRandomUncolouredVertexWhenGraphUncoloured()[547]" classname="uk.me.robcook.gcp.domain.SaturationDegreeStrategyTests" time="0.0"/>
  <testcase name="shouldReturnRandomUncolouredVertexWhenGraphUncoloured()[548]" classname="uk.me.robcook.gcp.domain.SaturationDegreeStrategyTests" time="0.0"/>
  <testcase name="shouldReturnRandomUncolouredVertexWhenGraphUncoloured()[549]" classname="uk.me.robcook.gcp.domain.SaturationDegreeStrategyTests" time="0.0"/>
  <testcase name="shouldReturnRandomUncolouredVertexWhenGraphUncoloured()[550]" classname="uk.me.robcook.gcp.domain.SaturationDegreeStrategyTests" time="0.0"/>
  <testcase name="shouldReturnRandomUncolouredVertexWhenGraphUncoloured()[551]" classname="uk.me.robcook.gcp.domain.SaturationDegreeStrategyTests" time="0.0"/>
  <testcase name="shouldReturnRandomUncolouredVertexWhenGraphUncoloured()[552]" classname="uk.me.robcook.gcp.domain.SaturationDegreeStrategyTests" time="0.0"/>
  <testcase name="shouldReturnRandomUncolouredVertexWhenGraphUncoloured()[553]" classname="uk.me.robcook.gcp.domain.SaturationDegreeStrategyTests" time="0.0"/>
  <testcase name="shouldReturnRandomUncolouredVertexWhenGraphUncoloured()[554]" classname="uk.me.robcook.gcp.domain.SaturationDegreeStrategyTests" time="0.0"/>
  <testcase name="shouldReturnRandomUncolouredVertexWhenGraphUncoloured()[555]" classname="uk.me.robcook.gcp.domain.SaturationDegreeStrategyTests" time="0.0"/>
  <testcase name="shouldReturnRandomUncolouredVertexWhenGraphUncoloured()[556]" classname="uk.me.robcook.gcp.domain.SaturationDegreeStrategyTests" time="0.001"/>
  <testcase name="shouldReturnRandomUncolouredVertexWhenGraphUncoloured()[557]" classname="uk.me.robcook.gcp.domain.SaturationDegreeStrategyTests" time="0.001"/>
  <testcase name="shouldReturnRandomUncolouredVertexWhenGraphUncoloured()[558]" classname="uk.me.robcook.gcp.domain.SaturationDegreeStrategyTests" time="0.0"/>
  <testcase name="shouldReturnRandomUncolouredVertexWhenGraphUncoloured()[559]" classname="uk.me.robcook.gcp.domain.SaturationDegreeStrategyTests" time="0.001"/>
  <testcase name="shouldReturnRandomUncolouredVertexWhenGraphUncoloured()[560]" classname="uk.me.robcook.gcp.domain.SaturationDegreeStrategyTests" time="0.0"/>
  <testcase name="shouldReturnRandomUncolouredVertexWhenGraphUncoloured()[561]" classname="uk.me.robcook.gcp.domain.SaturationDegreeStrategyTests" time="0.0"/>
  <testcase name="shouldReturnRandomUncolouredVertexWhenGraphUncoloured()[562]" classname="uk.me.robcook.gcp.domain.SaturationDegreeStrategyTests" time="0.0"/>
  <testcase name="shouldReturnRandomUncolouredVertexWhenGraphUncoloured()[563]" classname="uk.me.robcook.gcp.domain.SaturationDegreeStrategyTests" time="0.001"/>
  <testcase name="shouldReturnRandomUncolouredVertexWhenGraphUncoloured()[564]" classname="uk.me.robcook.gcp.domain.SaturationDegreeStrategyTests" time="0.0"/>
  <testcase name="shouldReturnRandomUncolouredVertexWhenGraphUncoloured()[565]" classname="uk.me.robcook.gcp.domain.SaturationDegreeStrategyTests" time="0.0"/>
  <testcase name="shouldReturnRandomUncolouredVertexWhenGraphUncoloured()[566]" classname="uk.me.robcook.gcp.domain.SaturationDegreeStrategyTests" time="0.0"/>
  <testcase name="shouldReturnRandomUncolouredVertexWhenGraphUncoloured()[567]" classname="uk.me.robcook.gcp.domain.SaturationDegreeStrategyTests" time="0.001"/>
  <testcase name="shouldReturnRandomUncolouredVertexWhenGraphUncoloured()[568]" classname="uk.me.robcook.gcp.domain.SaturationDegreeStrategyTests" time="0.0"/>
  <testcase name="shouldReturnRandomUncolouredVertexWhenGraphUncoloured()[569]" classname="uk.me.robcook.gcp.domain.SaturationDegreeStrategyTests" time="0.0"/>
  <testcase name="shouldReturnRandomUncolouredVertexWhenGraphUncoloured()[570]" classname="uk.me.robcook.gcp.domain.SaturationDegreeStrategyTests" time="0.0"/>
  <testcase name="shouldReturnRandomUncolouredVertexWhenGraphUncoloured()[571]" classname="uk.me.robcook.gcp.domain.SaturationDegreeStrategyTests" time="0.001"/>
  <testcase name="shouldReturnRandomUncolouredVertexWhenGraphUncoloured()[572]" classname="uk.me.robcook.gcp.domain.SaturationDegreeStrategyTests" time="0.0"/>
  <testcase name="shouldReturnRandomUncolouredVertexWhenGraphUncoloured()[573]" classname="uk.me.robcook.gcp.domain.SaturationDegreeStrategyTests" time="0.0"/>
  <testcase name="shouldReturnRandomUncolouredVertexWhenGraphUncoloured()[574]" classname="uk.me.robcook.gcp.domain.SaturationDegreeStrategyTests" time="0.0"/>
  <testcase name="shouldReturnRandomUncolouredVertexWhenGraphUncoloured()[575]" classname="uk.me.robcook.gcp.domain.SaturationDegreeStrategyTests" time="0.0"/>
  <testcase name="shouldReturnRandomUncolouredVertexWhenGraphUncoloured()[576]" classname="uk.me.robcook.gcp.domain.SaturationDegreeStrategyTests" time="0.0"/>
  <testcase name="shouldReturnRandomUncolouredVertexWhenGraphUncoloured()[577]" classname="uk.me.robcook.gcp.domain.SaturationDegreeStrategyTests" time="0.0"/>
  <testcase name="shouldReturnRandomUncolouredVertexWhenGraphUncoloured()[578]" classname="uk.me.robcook.gcp.domain.SaturationDegreeStrategyTests" time="0.0"/>
  <testcase name="shouldReturnRandomUncolouredVertexWhenGraphUncoloured()[579]" classname="uk.me.robcook.gcp.domain.SaturationDegreeStrategyTests" time="0.0"/>
  <testcase name="shouldReturnRandomUncolouredVertexWhenGraphUncoloured()[580]" classname="uk.me.robcook.gcp.domain.SaturationDegreeStrategyTests" time="0.0"/>
  <testcase name="shouldReturnRandomUncolouredVertexWhenGraphUncoloured()[581]" classname="uk.me.robcook.gcp.domain.SaturationDegreeStrategyTests" time="0.0"/>
  <testcase name="shouldReturnRandomUncolouredVertexWhenGraphUncoloured()[582]" classname="uk.me.robcook.gcp.domain.SaturationDegreeStrategyTests" time="0.0"/>
  <testcase name="shouldReturnRandomUncolouredVertexWhenGraphUncoloured()[583]" classname="uk.me.robcook.gcp.domain.SaturationDegreeStrategyTests" time="0.0"/>
  <testcase name="shouldReturnRandomUncolouredVertexWhenGraphUncoloured()[584]" classname="uk.me.robcook.gcp.domain.SaturationDegreeStrategyTests" time="0.0"/>
  <testcase name="shouldReturnRandomUncolouredVertexWhenGraphUncoloured()[585]" classname="uk.me.robcook.gcp.domain.SaturationDegreeStrategyTests" time="0.0"/>
  <testcase name="shouldReturnRandomUncolouredVertexWhenGraphUncoloured()[586]" classname="uk.me.robcook.gcp.domain.SaturationDegreeStrategyTests" time="0.001"/>
  <testcase name="shouldReturnRandomUncolouredVertexWhenGraphUncoloured()[587]" classname="uk.me.robcook.gcp.domain.SaturationDegreeStrategyTests" time="0.0"/>
  <testcase name="shouldReturnRandomUncolouredVertexWhenGraphUncoloured()[588]" classname="uk.me.robcook.gcp.domain.SaturationDegreeStrategyTests" time="0.0"/>
  <testcase name="shouldReturnRandomUncolouredVertexWhenGraphUncoloured()[589]" classname="uk.me.robcook.gcp.domain.SaturationDegreeStrategyTests" time="0.0"/>
  <testcase name="shouldReturnRandomUncolouredVertexWhenGraphUncoloured()[590]" classname="uk.me.robcook.gcp.domain.SaturationDegreeStrategyTests" time="0.0"/>
  <testcase name="shouldReturnRandomUncolouredVertexWhenGraphUncoloured()[591]" classname="uk.me.robcook.gcp.domain.SaturationDegreeStrategyTests" time="0.0"/>
  <testcase name="shouldReturnRandomUncolouredVertexWhenGraphUncoloured()[592]" classname="uk.me.robcook.gcp.domain.SaturationDegreeStrategyTests" time="0.0"/>
  <testcase name="shouldReturnRandomUncolouredVertexWhenGraphUncoloured()[593]" classname="uk.me.robcook.gcp.domain.SaturationDegreeStrategyTests" time="0.001"/>
  <testcase name="shouldReturnRandomUncolouredVertexWhenGraphUncoloured()[594]" classname="uk.me.robcook.gcp.domain.SaturationDegreeStrategyTests" time="0.0"/>
  <testcase name="shouldReturnRandomUncolouredVertexWhenGraphUncoloured()[595]" classname="uk.me.robcook.gcp.domain.SaturationDegreeStrategyTests" time="0.0"/>
  <testcase name="shouldReturnRandomUncolouredVertexWhenGraphUncoloured()[596]" classname="uk.me.robcook.gcp.domain.SaturationDegreeStrategyTests" time="0.001"/>
  <testcase name="shouldReturnRandomUncolouredVertexWhenGraphUncoloured()[597]" classname="uk.me.robcook.gcp.domain.SaturationDegreeStrategyTests" time="0.0"/>
  <testcase name="shouldReturnRandomUncolouredVertexWhenGraphUncoloured()[598]" classname="uk.me.robcook.gcp.domain.SaturationDegreeStrategyTests" time="0.0"/>
  <testcase name="shouldReturnRandomUncolouredVertexWhenGraphUncoloured()[599]" classname="uk.me.robcook.gcp.domain.SaturationDegreeStrategyTests" time="0.0"/>
  <testcase name="shouldReturnRandomUncolouredVertexWhenGraphUncoloured()[600]" classname="uk.me.robcook.gcp.domain.SaturationDegreeStrategyTests" time="0.0"/>
  <testcase name="shouldReturnRandomUncolouredVertexWhenGraphUncoloured()[601]" classname="uk.me.robcook.gcp.domain.SaturationDegreeStrategyTests" time="0.0"/>
  <testcase name="shouldReturnRandomUncolouredVertexWhenGraphUncoloured()[602]" classname="uk.me.robcook.gcp.domain.SaturationDegreeStrategyTests" time="0.0"/>
  <testcase name="shouldReturnRandomUncolouredVertexWhenGraphUncoloured()[603]" classname="uk.me.robcook.gcp.domain.SaturationDegreeStrategyTests" time="0.0"/>
  <testcase name="shouldReturnRandomUncolouredVertexWhenGraphUncoloured()[604]" classname="uk.me.robcook.gcp.domain.SaturationDegreeStrategyTests" time="0.0"/>
  <testcase name="shouldReturnRandomUncolouredVertexWhenGraphUncoloured()[605]" classname="uk.me.robcook.gcp.domain.SaturationDegreeStrategyTests" time="0.0"/>
  <testcase name="shouldReturnRandomUncolouredVertexWhenGraphUncoloured()[606]" classname="uk.me.robcook.gcp.domain.SaturationDegreeStrategyTests" time="0.0"/>
  <testcase name="shouldReturnRandomUncolouredVertexWhenGraphUncoloured()[607]" classname="uk.me.robcook.gcp.domain.SaturationDegreeStrategyTests" time="0.0"/>
  <testcase name="shouldReturnRandomUncolouredVertexWhenGraphUncoloured()[608]" classname="uk.me.robcook.gcp.domain.SaturationDegreeStrategyTests" time="0.0"/>
  <testcase name="shouldReturnRandomUncolouredVertexWhenGraphUncoloured()[609]" classname="uk.me.robcook.gcp.domain.SaturationDegreeStrategyTests" time="0.0"/>
  <testcase name="shouldReturnRandomUncolouredVertexWhenGraphUncoloured()[610]" classname="uk.me.robcook.gcp.domain.SaturationDegreeStrategyTests" time="0.0"/>
  <testcase name="shouldReturnRandomUncolouredVertexWhenGraphUncoloured()[611]" classname="uk.me.robcook.gcp.domain.SaturationDegreeStrategyTests" time="0.0"/>
  <testcase name="shouldReturnRandomUncolouredVertexWhenGraphUncoloured()[612]" classname="uk.me.robcook.gcp.domain.SaturationDegreeStrategyTests" time="0.0"/>
  <testcase name="shouldReturnRandomUncolouredVertexWhenGraphUncoloured()[613]" classname="uk.me.robcook.gcp.domain.SaturationDegreeStrategyTests" time="0.0"/>
  <testcase name="shouldReturnRandomUncolouredVertexWhenGraphUncoloured()[614]" classname="uk.me.robcook.gcp.domain.SaturationDegreeStrategyTests" time="0.0"/>
  <testcase name="shouldReturnRandomUncolouredVertexWhenGraphUncoloured()[615]" classname="uk.me.robcook.gcp.domain.SaturationDegreeStrategyTests" time="0.0"/>
  <testcase name="shouldReturnRandomUncolouredVertexWhenGraphUncoloured()[616]" classname="uk.me.robcook.gcp.domain.SaturationDegreeStrategyTests" time="0.0"/>
  <testcase name="shouldReturnRandomUncolouredVertexWhenGraphUncoloured()[617]" classname="uk.me.robcook.gcp.domain.SaturationDegreeStrategyTests" time="0.0"/>
  <testcase name="shouldReturnRandomUncolouredVertexWhenGraphUncoloured()[618]" classname="uk.me.robcook.gcp.domain.SaturationDegreeStrategyTests" time="0.0"/>
  <testcase name="shouldReturnRandomUncolouredVertexWhenGraphUncoloured()[619]" classname="uk.me.robcook.gcp.domain.SaturationDegreeStrategyTests" time="0.001"/>
  <testcase name="shouldReturnRandomUncolouredVertexWhenGraphUncoloured()[620]" classname="uk.me.robcook.gcp.domain.SaturationDegreeStrategyTests" time="0.0"/>
  <testcase name="shouldReturnRandomUncolouredVertexWhenGraphUncoloured()[621]" classname="uk.me.robcook.gcp.domain.SaturationDegreeStrategyTests" time="0.001"/>
  <testcase name="shouldReturnRandomUncolouredVertexWhenGraphUncoloured()[622]" classname="uk.me.robcook.gcp.domain.SaturationDegreeStrategyTests" time="0.0"/>
  <testcase name="shouldReturnRandomUncolouredVertexWhenGraphUncoloured()[623]" classname="uk.me.robcook.gcp.domain.SaturationDegreeStrategyTests" time="0.0"/>
  <testcase name="shouldReturnRandomUncolouredVertexWhenGraphUncoloured()[624]" classname="uk.me.robcook.gcp.domain.SaturationDegreeStrategyTests" time="0.0"/>
  <testcase name="shouldReturnRandomUncolouredVertexWhenGraphUncoloured()[625]" classname="uk.me.robcook.gcp.domain.SaturationDegreeStrategyTests" time="0.0"/>
  <testcase name="shouldReturnRandomUncolouredVertexWhenGraphUncoloured()[626]" classname="uk.me.robcook.gcp.domain.SaturationDegreeStrategyTests" time="0.0"/>
  <testcase name="shouldReturnRandomUncolouredVertexWhenGraphUncoloured()[627]" classname="uk.me.robcook.gcp.domain.SaturationDegreeStrategyTests" time="0.0"/>
  <testcase name="shouldReturnRandomUncolouredVertexWhenGraphUncoloured()[628]" classname="uk.me.robcook.gcp.domain.SaturationDegreeStrategyTests" time="0.0"/>
  <testcase name="shouldReturnRandomUncolouredVertexWhenGraphUncoloured()[629]" classname="uk.me.robcook.gcp.domain.SaturationDegreeStrategyTests" time="0.0"/>
  <testcase name="shouldReturnRandomUncolouredVertexWhenGraphUncoloured()[630]" classname="uk.me.robcook.gcp.domain.SaturationDegreeStrategyTests" time="0.0"/>
  <testcase name="shouldReturnRandomUncolouredVertexWhenGraphUncoloured()[631]" classname="uk.me.robcook.gcp.domain.SaturationDegreeStrategyTests" time="0.001"/>
  <testcase name="shouldReturnRandomUncolouredVertexWhenGraphUncoloured()[632]" classname="uk.me.robcook.gcp.domain.SaturationDegreeStrategyTests" time="0.0"/>
  <testcase name="shouldReturnRandomUncolouredVertexWhenGraphUncoloured()[633]" classname="uk.me.robcook.gcp.domain.SaturationDegreeStrategyTests" time="0.001"/>
  <testcase name="shouldReturnRandomUncolouredVertexWhenGraphUncoloured()[634]" classname="uk.me.robcook.gcp.domain.SaturationDegreeStrategyTests" time="0.001"/>
  <testcase name="shouldReturnRandomUncolouredVertexWhenGraphUncoloured()[635]" classname="uk.me.robcook.gcp.domain.SaturationDegreeStrategyTests" time="0.0"/>
  <testcase name="shouldReturnRandomUncolouredVertexWhenGraphUncoloured()[636]" classname="uk.me.robcook.gcp.domain.SaturationDegreeStrategyTests" time="0.0"/>
  <testcase name="shouldReturnRandomUncolouredVertexWhenGraphUncoloured()[637]" classname="uk.me.robcook.gcp.domain.SaturationDegreeStrategyTests" time="0.0"/>
  <testcase name="shouldReturnRandomUncolouredVertexWhenGraphUncoloured()[638]" classname="uk.me.robcook.gcp.domain.SaturationDegreeStrategyTests" time="0.001"/>
  <testcase name="shouldReturnRandomUncolouredVertexWhenGraphUncoloured()[639]" classname="uk.me.robcook.gcp.domain.SaturationDegreeStrategyTests" time="0.001"/>
  <testcase name="shouldReturnRandomUncolouredVertexWhenGraphUncoloured()[640]" classname="uk.me.robcook.gcp.domain.SaturationDegreeStrategyTests" time="0.001"/>
  <testcase name="shouldReturnRandomUncolouredVertexWhenGraphUncoloured()[641]" classname="uk.me.robcook.gcp.domain.SaturationDegreeStrategyTests" time="0.001"/>
  <testcase name="shouldReturnRandomUncolouredVertexWhenGraphUncoloured()[642]" classname="uk.me.robcook.gcp.domain.SaturationDegreeStrategyTests" time="0.0"/>
  <testcase name="shouldReturnRandomUncolouredVertexWhenGraphUncoloured()[643]" classname="uk.me.robcook.gcp.domain.SaturationDegreeStrategyTests" time="0.001"/>
  <testcase name="shouldReturnRandomUncolouredVertexWhenGraphUncoloured()[644]" classname="uk.me.robcook.gcp.domain.SaturationDegreeStrategyTests" time="0.001"/>
  <testcase name="shouldReturnRandomUncolouredVertexWhenGraphUncoloured()[645]" classname="uk.me.robcook.gcp.domain.SaturationDegreeStrategyTests" time="0.0"/>
  <testcase name="shouldReturnRandomUncolouredVertexWhenGraphUncoloured()[646]" classname="uk.me.robcook.gcp.domain.SaturationDegreeStrategyTests" time="0.0"/>
  <testcase name="shouldReturnRandomUncolouredVertexWhenGraphUncoloured()[647]" classname="uk.me.robcook.gcp.domain.SaturationDegreeStrategyTests" time="0.0"/>
  <testcase name="shouldReturnRandomUncolouredVertexWhenGraphUncoloured()[648]" classname="uk.me.robcook.gcp.domain.SaturationDegreeStrategyTests" time="0.0"/>
  <testcase name="shouldReturnRandomUncolouredVertexWhenGraphUncoloured()[649]" classname="uk.me.robcook.gcp.domain.SaturationDegreeStrategyTests" time="0.001"/>
  <testcase name="shouldReturnRandomUncolouredVertexWhenGraphUncoloured()[650]" classname="uk.me.robcook.gcp.domain.SaturationDegreeStrategyTests" time="0.0"/>
  <testcase name="shouldReturnRandomUncolouredVertexWhenGraphUncoloured()[651]" classname="uk.me.robcook.gcp.domain.SaturationDegreeStrategyTests" time="0.0"/>
  <testcase name="shouldReturnRandomUncolouredVertexWhenGraphUncoloured()[652]" classname="uk.me.robcook.gcp.domain.SaturationDegreeStrategyTests" time="0.0"/>
  <testcase name="shouldReturnRandomUncolouredVertexWhenGraphUncoloured()[653]" classname="uk.me.robcook.gcp.domain.SaturationDegreeStrategyTests" time="0.0"/>
  <testcase name="shouldReturnRandomUncolouredVertexWhenGraphUncoloured()[654]" classname="uk.me.robcook.gcp.domain.SaturationDegreeStrategyTests" time="0.0"/>
  <testcase name="shouldReturnRandomUncolouredVertexWhenGraphUncoloured()[655]" classname="uk.me.robcook.gcp.domain.SaturationDegreeStrategyTests" time="0.0"/>
  <testcase name="shouldReturnRandomUncolouredVertexWhenGraphUncoloured()[656]" classname="uk.me.robcook.gcp.domain.SaturationDegreeStrategyTests" time="0.0"/>
  <testcase name="shouldReturnRandomUncolouredVertexWhenGraphUncoloured()[657]" classname="uk.me.robcook.gcp.domain.SaturationDegreeStrategyTests" time="0.0"/>
  <testcase name="shouldReturnRandomUncolouredVertexWhenGraphUncoloured()[658]" classname="uk.me.robcook.gcp.domain.SaturationDegreeStrategyTests" time="0.001"/>
  <testcase name="shouldReturnRandomUncolouredVertexWhenGraphUncoloured()[659]" classname="uk.me.robcook.gcp.domain.SaturationDegreeStrategyTests" time="0.0"/>
  <testcase name="shouldReturnRandomUncolouredVertexWhenGraphUncoloured()[660]" classname="uk.me.robcook.gcp.domain.SaturationDegreeStrategyTests" time="0.0"/>
  <testcase name="shouldReturnRandomUncolouredVertexWhenGraphUncoloured()[661]" classname="uk.me.robcook.gcp.domain.SaturationDegreeStrategyTests" time="0.001"/>
  <testcase name="shouldReturnRandomUncolouredVertexWhenGraphUncoloured()[662]" classname="uk.me.robcook.gcp.domain.SaturationDegreeStrategyTests" time="0.0"/>
  <testcase name="shouldReturnRandomUncolouredVertexWhenGraphUncoloured()[663]" classname="uk.me.robcook.gcp.domain.SaturationDegreeStrategyTests" time="0.0"/>
  <testcase name="shouldReturnRandomUncolouredVertexWhenGraphUncoloured()[664]" classname="uk.me.robcook.gcp.domain.SaturationDegreeStrategyTests" time="0.0"/>
  <testcase name="shouldReturnRandomUncolouredVertexWhenGraphUncoloured()[665]" classname="uk.me.robcook.gcp.domain.SaturationDegreeStrategyTests" time="0.0"/>
  <testcase name="shouldReturnRandomUncolouredVertexWhenGraphUncoloured()[666]" classname="uk.me.robcook.gcp.domain.SaturationDegreeStrategyTests" time="0.0"/>
  <testcase name="shouldReturnRandomUncolouredVertexWhenGraphUncoloured()[667]" classname="uk.me.robcook.gcp.domain.SaturationDegreeStrategyTests" time="0.0"/>
  <testcase name="shouldReturnRandomUncolouredVertexWhenGraphUncoloured()[668]" classname="uk.me.robcook.gcp.domain.SaturationDegreeStrategyTests" time="0.0"/>
  <testcase name="shouldReturnRandomUncolouredVertexWhenGraphUncoloured()[669]" classname="uk.me.robcook.gcp.domain.SaturationDegreeStrategyTests" time="0.0"/>
  <testcase name="shouldReturnRandomUncolouredVertexWhenGraphUncoloured()[670]" classname="uk.me.robcook.gcp.domain.SaturationDegreeStrategyTests" time="0.0"/>
  <testcase name="shouldReturnRandomUncolouredVertexWhenGraphUncoloured()[671]" classname="uk.me.robcook.gcp.domain.SaturationDegreeStrategyTests" time="0.0"/>
  <testcase name="shouldReturnRandomUncolouredVertexWhenGraphUncoloured()[672]" classname="uk.me.robcook.gcp.domain.SaturationDegreeStrategyTests" time="0.0"/>
  <testcase name="shouldReturnRandomUncolouredVertexWhenGraphUncoloured()[673]" classname="uk.me.robcook.gcp.domain.SaturationDegreeStrategyTests" time="0.0"/>
  <testcase name="shouldReturnRandomUncolouredVertexWhenGraphUncoloured()[674]" classname="uk.me.robcook.gcp.domain.SaturationDegreeStrategyTests" time="0.0"/>
  <testcase name="shouldReturnRandomUncolouredVertexWhenGraphUncoloured()[675]" classname="uk.me.robcook.gcp.domain.SaturationDegreeStrategyTests" time="0.0"/>
  <testcase name="shouldReturnRandomUncolouredVertexWhenGraphUncoloured()[676]" classname="uk.me.robcook.gcp.domain.SaturationDegreeStrategyTests" time="0.0"/>
  <testcase name="shouldReturnRandomUncolouredVertexWhenGraphUncoloured()[677]" classname="uk.me.robcook.gcp.domain.SaturationDegreeStrategyTests" time="0.0"/>
  <testcase name="shouldReturnRandomUncolouredVertexWhenGraphUncoloured()[678]" classname="uk.me.robcook.gcp.domain.SaturationDegreeStrategyTests" time="0.0"/>
  <testcase name="shouldReturnRandomUncolouredVertexWhenGraphUncoloured()[679]" classname="uk.me.robcook.gcp.domain.SaturationDegreeStrategyTests" time="0.001"/>
  <testcase name="shouldReturnRandomUncolouredVertexWhenGraphUncoloured()[680]" classname="uk.me.robcook.gcp.domain.SaturationDegreeStrategyTests" time="0.0"/>
  <testcase name="shouldReturnRandomUncolouredVertexWhenGraphUncoloured()[681]" classname="uk.me.robcook.gcp.domain.SaturationDegreeStrategyTests" time="0.0"/>
  <testcase name="shouldReturnRandomUncolouredVertexWhenGraphUncoloured()[682]" classname="uk.me.robcook.gcp.domain.SaturationDegreeStrategyTests" time="0.001"/>
  <testcase name="shouldReturnRandomUncolouredVertexWhenGraphUncoloured()[683]" classname="uk.me.robcook.gcp.domain.SaturationDegreeStrategyTests" time="0.0"/>
  <testcase name="shouldReturnRandomUncolouredVertexWhenGraphUncoloured()[684]" classname="uk.me.robcook.gcp.domain.SaturationDegreeStrategyTests" time="0.0"/>
  <testcase name="shouldReturnRandomUncolouredVertexWhenGraphUncoloured()[685]" classname="uk.me.robcook.gcp.domain.SaturationDegreeStrategyTests" time="0.0"/>
  <testcase name="shouldReturnRandomUncolouredVertexWhenGraphUncoloured()[686]" classname="uk.me.robcook.gcp.domain.SaturationDegreeStrategyTests" time="0.0"/>
  <testcase name="shouldReturnRandomUncolouredVertexWhenGraphUncoloured()[687]" classname="uk.me.robcook.gcp.domain.SaturationDegreeStrategyTests" time="0.0"/>
  <testcase name="shouldReturnRandomUncolouredVertexWhenGraphUncoloured()[688]" classname="uk.me.robcook.gcp.domain.SaturationDegreeStrategyTests" time="0.0"/>
  <testcase name="shouldReturnRandomUncolouredVertexWhenGraphUncoloured()[689]" classname="uk.me.robcook.gcp.domain.SaturationDegreeStrategyTests" time="0.0"/>
  <testcase name="shouldReturnRandomUncolouredVertexWhenGraphUncoloured()[690]" classname="uk.me.robcook.gcp.domain.SaturationDegreeStrategyTests" time="0.0"/>
  <testcase name="shouldReturnRandomUncolouredVertexWhenGraphUncoloured()[691]" classname="uk.me.robcook.gcp.domain.SaturationDegreeStrategyTests" time="0.0"/>
  <testcase name="shouldReturnRandomUncolouredVertexWhenGraphUncoloured()[692]" classname="uk.me.robcook.gcp.domain.SaturationDegreeStrategyTests" time="0.0"/>
  <testcase name="shouldReturnRandomUncolouredVertexWhenGraphUncoloured()[693]" classname="uk.me.robcook.gcp.domain.SaturationDegreeStrategyTests" time="0.001"/>
  <testcase name="shouldReturnRandomUncolouredVertexWhenGraphUncoloured()[694]" classname="uk.me.robcook.gcp.domain.SaturationDegreeStrategyTests" time="0.001"/>
  <testcase name="shouldReturnRandomUncolouredVertexWhenGraphUncoloured()[695]" classname="uk.me.robcook.gcp.domain.SaturationDegreeStrategyTests" time="0.0"/>
  <testcase name="shouldReturnRandomUncolouredVertexWhenGraphUncoloured()[696]" classname="uk.me.robcook.gcp.domain.SaturationDegreeStrategyTests" time="0.001"/>
  <testcase name="shouldReturnRandomUncolouredVertexWhenGraphUncoloured()[697]" classname="uk.me.robcook.gcp.domain.SaturationDegreeStrategyTests" time="0.0"/>
  <testcase name="shouldReturnRandomUncolouredVertexWhenGraphUncoloured()[698]" classname="uk.me.robcook.gcp.domain.SaturationDegreeStrategyTests" time="0.0"/>
  <testcase name="shouldReturnRandomUncolouredVertexWhenGraphUncoloured()[699]" classname="uk.me.robcook.gcp.domain.SaturationDegreeStrategyTests" time="0.0"/>
  <testcase name="shouldReturnRandomUncolouredVertexWhenGraphUncoloured()[700]" classname="uk.me.robcook.gcp.domain.SaturationDegreeStrategyTests" time="0.001"/>
  <testcase name="shouldReturnRandomUncolouredVertexWhenGraphUncoloured()[701]" classname="uk.me.robcook.gcp.domain.SaturationDegreeStrategyTests" time="0.0"/>
  <testcase name="shouldReturnRandomUncolouredVertexWhenGraphUncoloured()[702]" classname="uk.me.robcook.gcp.domain.SaturationDegreeStrategyTests" time="0.0"/>
  <testcase name="shouldReturnRandomUncolouredVertexWhenGraphUncoloured()[703]" classname="uk.me.robcook.gcp.domain.SaturationDegreeStrategyTests" time="0.0"/>
  <testcase name="shouldReturnRandomUncolouredVertexWhenGraphUncoloured()[704]" classname="uk.me.robcook.gcp.domain.SaturationDegreeStrategyTests" time="0.001"/>
  <testcase name="shouldReturnRandomUncolouredVertexWhenGraphUncoloured()[705]" classname="uk.me.robcook.gcp.domain.SaturationDegreeStrategyTests" time="0.0"/>
  <testcase name="shouldReturnRandomUncolouredVertexWhenGraphUncoloured()[706]" classname="uk.me.robcook.gcp.domain.SaturationDegreeStrategyTests" time="0.0"/>
  <testcase name="shouldReturnRandomUncolouredVertexWhenGraphUncoloured()[707]" classname="uk.me.robcook.gcp.domain.SaturationDegreeStrategyTests" time="0.0"/>
  <testcase name="shouldReturnRandomUncolouredVertexWhenGraphUncoloured()[708]" classname="uk.me.robcook.gcp.domain.SaturationDegreeStrategyTests" time="0.0"/>
  <testcase name="shouldReturnRandomUncolouredVertexWhenGraphUncoloured()[709]" classname="uk.me.robcook.gcp.domain.SaturationDegreeStrategyTests" time="0.0"/>
  <testcase name="shouldReturnRandomUncolouredVertexWhenGraphUncoloured()[710]" classname="uk.me.robcook.gcp.domain.SaturationDegreeStrategyTests" time="0.0"/>
  <testcase name="shouldReturnRandomUncolouredVertexWhenGraphUncoloured()[711]" classname="uk.me.robcook.gcp.domain.SaturationDegreeStrategyTests" time="0.0"/>
  <testcase name="shouldReturnRandomUncolouredVertexWhenGraphUncoloured()[712]" classname="uk.me.robcook.gcp.domain.SaturationDegreeStrategyTests" time="0.0"/>
  <testcase name="shouldReturnRandomUncolouredVertexWhenGraphUncoloured()[713]" classname="uk.me.robcook.gcp.domain.SaturationDegreeStrategyTests" time="0.0"/>
  <testcase name="shouldReturnRandomUncolouredVertexWhenGraphUncoloured()[714]" classname="uk.me.robcook.gcp.domain.SaturationDegreeStrategyTests" time="0.0"/>
  <testcase name="shouldReturnRandomUncolouredVertexWhenGraphUncoloured()[715]" classname="uk.me.robcook.gcp.domain.SaturationDegreeStrategyTests" time="0.0"/>
  <testcase name="shouldReturnRandomUncolouredVertexWhenGraphUncoloured()[716]" classname="uk.me.robcook.gcp.domain.SaturationDegreeStrategyTests" time="0.0"/>
  <testcase name="shouldReturnRandomUncolouredVertexWhenGraphUncoloured()[717]" classname="uk.me.robcook.gcp.domain.SaturationDegreeStrategyTests" time="0.0"/>
  <testcase name="shouldReturnRandomUncolouredVertexWhenGraphUncoloured()[718]" classname="uk.me.robcook.gcp.domain.SaturationDegreeStrategyTests" time="0.0"/>
  <testcase name="shouldReturnRandomUncolouredVertexWhenGraphUncoloured()[719]" classname="uk.me.robcook.gcp.domain.SaturationDegreeStrategyTests" time="0.0"/>
  <testcase name="shouldReturnRandomUncolouredVertexWhenGraphUncoloured()[720]" classname="uk.me.robcook.gcp.domain.SaturationDegreeStrategyTests" time="0.0"/>
  <testcase name="shouldReturnRandomUncolouredVertexWhenGraphUncoloured()[721]" classname="uk.me.robcook.gcp.domain.SaturationDegreeStrategyTests" time="0.0"/>
  <testcase name="shouldReturnRandomUncolouredVertexWhenGraphUncoloured()[722]" classname="uk.me.robcook.gcp.domain.SaturationDegreeStrategyTests" time="0.0"/>
  <testcase name="shouldReturnRandomUncolouredVertexWhenGraphUncoloured()[723]" classname="uk.me.robcook.gcp.domain.SaturationDegreeStrategyTests" time="0.0"/>
  <testcase name="shouldReturnRandomUncolouredVertexWhenGraphUncoloured()[724]" classname="uk.me.robcook.gcp.domain.SaturationDegreeStrategyTests" time="0.0"/>
  <testcase name="shouldReturnRandomUncolouredVertexWhenGraphUncoloured()[725]" classname="uk.me.robcook.gcp.domain.SaturationDegreeStrategyTests" time="0.0"/>
  <testcase name="shouldReturnRandomUncolouredVertexWhenGraphUncoloured()[726]" classname="uk.me.robcook.gcp.domain.SaturationDegreeStrategyTests" time="0.0"/>
  <testcase name="shouldReturnRandomUncolouredVertexWhenGraphUncoloured()[727]" classname="uk.me.robcook.gcp.domain.SaturationDegreeStrategyTests" time="0.0"/>
  <testcase name="shouldReturnRandomUncolouredVertexWhenGraphUncoloured()[728]" classname="uk.me.robcook.gcp.domain.SaturationDegreeStrategyTests" time="0.0"/>
  <testcase name="shouldReturnRandomUncolouredVertexWhenGraphUncoloured()[729]" classname="uk.me.robcook.gcp.domain.SaturationDegreeStrategyTests" time="0.0"/>
  <testcase name="shouldReturnRandomUncolouredVertexWhenGraphUncoloured()[730]" classname="uk.me.robcook.gcp.domain.SaturationDegreeStrategyTests" time="0.0"/>
  <testcase name="shouldReturnRandomUncolouredVertexWhenGraphUncoloured()[731]" classname="uk.me.robcook.gcp.domain.SaturationDegreeStrategyTests" time="0.0"/>
  <testcase name="shouldReturnRandomUncolouredVertexWhenGraphUncoloured()[732]" classname="uk.me.robcook.gcp.domain.SaturationDegreeStrategyTests" time="0.0"/>
  <testcase name="shouldReturnRandomUncolouredVertexWhenGraphUncoloured()[733]" classname="uk.me.robcook.gcp.domain.SaturationDegreeStrategyTests" time="0.0"/>
  <testcase name="shouldReturnRandomUncolouredVertexWhenGraphUncoloured()[734]" classname="uk.me.robcook.gcp.domain.SaturationDegreeStrategyTests" time="0.0"/>
  <testcase name="shouldReturnRandomUncolouredVertexWhenGraphUncoloured()[735]" classname="uk.me.robcook.gcp.domain.SaturationDegreeStrategyTests" time="0.0"/>
  <testcase name="shouldReturnRandomUncolouredVertexWhenGraphUncoloured()[736]" classname="uk.me.robcook.gcp.domain.SaturationDegreeStrategyTests" time="0.0"/>
  <testcase name="shouldReturnRandomUncolouredVertexWhenGraphUncoloured()[737]" classname="uk.me.robcook.gcp.domain.SaturationDegreeStrategyTests" time="0.0"/>
  <testcase name="shouldReturnRandomUncolouredVertexWhenGraphUncoloured()[738]" classname="uk.me.robcook.gcp.domain.SaturationDegreeStrategyTests" time="0.0"/>
  <testcase name="shouldReturnRandomUncolouredVertexWhenGraphUncoloured()[739]" classname="uk.me.robcook.gcp.domain.SaturationDegreeStrategyTests" time="0.0"/>
  <testcase name="shouldReturnRandomUncolouredVertexWhenGraphUncoloured()[740]" classname="uk.me.robcook.gcp.domain.SaturationDegreeStrategyTests" time="0.0"/>
  <testcase name="shouldReturnRandomUncolouredVertexWhenGraphUncoloured()[741]" classname="uk.me.robcook.gcp.domain.SaturationDegreeStrategyTests" time="0.0"/>
  <testcase name="shouldReturnRandomUncolouredVertexWhenGraphUncoloured()[742]" classname="uk.me.robcook.gcp.domain.SaturationDegreeStrategyTests" time="0.0"/>
  <testcase name="shouldReturnRandomUncolouredVertexWhenGraphUncoloured()[743]" classname="uk.me.robcook.gcp.domain.SaturationDegreeStrategyTests" time="0.001"/>
  <testcase name="shouldReturnRandomUncolouredVertexWhenGraphUncoloured()[744]" classname="uk.me.robcook.gcp.domain.SaturationDegreeStrategyTests" time="0.0"/>
  <testcase name="shouldReturnRandomUncolouredVertexWhenGraphUncoloured()[745]" classname="uk.me.robcook.gcp.domain.SaturationDegreeStrategyTests" time="0.0"/>
  <testcase name="shouldReturnRandomUncolouredVertexWhenGraphUncoloured()[746]" classname="uk.me.robcook.gcp.domain.SaturationDegreeStrategyTests" time="0.001"/>
  <testcase name="shouldReturnRandomUncolouredVertexWhenGraphUncoloured()[747]" classname="uk.me.robcook.gcp.domain.SaturationDegreeStrategyTests" time="0.0"/>
  <testcase name="shouldReturnRandomUncolouredVertexWhenGraphUncoloured()[748]" classname="uk.me.robcook.gcp.domain.SaturationDegreeStrategyTests" time="0.0"/>
  <testcase name="shouldReturnRandomUncolouredVertexWhenGraphUncoloured()[749]" classname="uk.me.robcook.gcp.domain.SaturationDegreeStrategyTests" time="0.0"/>
  <testcase name="shouldReturnRandomUncolouredVertexWhenGraphUncoloured()[750]" classname="uk.me.robcook.gcp.domain.SaturationDegreeStrategyTests" time="0.0"/>
  <testcase name="shouldReturnRandomUncolouredVertexWhenGraphUncoloured()[751]" classname="uk.me.robcook.gcp.domain.SaturationDegreeStrategyTests" time="0.0"/>
  <testcase name="shouldReturnRandomUncolouredVertexWhenGraphUncoloured()[752]" classname="uk.me.robcook.gcp.domain.SaturationDegreeStrategyTests" time="0.001"/>
  <testcase name="shouldReturnRandomUncolouredVertexWhenGraphUncoloured()[753]" classname="uk.me.robcook.gcp.domain.SaturationDegreeStrategyTests" time="0.001"/>
  <testcase name="shouldReturnRandomUncolouredVertexWhenGraphUncoloured()[754]" classname="uk.me.robcook.gcp.domain.SaturationDegreeStrategyTests" time="0.001"/>
  <testcase name="shouldReturnRandomUncolouredVertexWhenGraphUncoloured()[755]" classname="uk.me.robcook.gcp.domain.SaturationDegreeStrategyTests" time="0.0"/>
  <testcase name="shouldReturnRandomUncolouredVertexWhenGraphUncoloured()[756]" classname="uk.me.robcook.gcp.domain.SaturationDegreeStrategyTests" time="0.001"/>
  <testcase name="shouldReturnRandomUncolouredVertexWhenGraphUncoloured()[757]" classname="uk.me.robcook.gcp.domain.SaturationDegreeStrategyTests" time="0.0"/>
  <testcase name="shouldReturnRandomUncolouredVertexWhenGraphUncoloured()[758]" classname="uk.me.robcook.gcp.domain.SaturationDegreeStrategyTests" time="0.0"/>
  <testcase name="shouldReturnRandomUncolouredVertexWhenGraphUncoloured()[759]" classname="uk.me.robcook.gcp.domain.SaturationDegreeStrategyTests" time="0.001"/>
  <testcase name="shouldReturnRandomUncolouredVertexWhenGraphUncoloured()[760]" classname="uk.me.robcook.gcp.domain.SaturationDegreeStrategyTests" time="0.0"/>
  <testcase name="shouldReturnRandomUncolouredVertexWhenGraphUncoloured()[761]" classname="uk.me.robcook.gcp.domain.SaturationDegreeStrategyTests" time="0.0"/>
  <testcase name="shouldReturnRandomUncolouredVertexWhenGraphUncoloured()[762]" classname="uk.me.robcook.gcp.domain.SaturationDegreeStrategyTests" time="0.0"/>
  <testcase name="shouldReturnRandomUncolouredVertexWhenGraphUncoloured()[763]" classname="uk.me.robcook.gcp.domain.SaturationDegreeStrategyTests" time="0.0"/>
  <testcase name="shouldReturnRandomUncolouredVertexWhenGraphUncoloured()[764]" classname="uk.me.robcook.gcp.domain.SaturationDegreeStrategyTests" time="0.0"/>
  <testcase name="shouldReturnRandomUncolouredVertexWhenGraphUncoloured()[765]" classname="uk.me.robcook.gcp.domain.SaturationDegreeStrategyTests" time="0.001"/>
  <testcase name="shouldReturnRandomUncolouredVertexWhenGraphUncoloured()[766]" classname="uk.me.robcook.gcp.domain.SaturationDegreeStrategyTests" time="0.001"/>
  <testcase name="shouldReturnRandomUncolouredVertexWhenGraphUncoloured()[767]" classname="uk.me.robcook.gcp.domain.SaturationDegreeStrategyTests" time="0.0"/>
  <testcase name="shouldReturnRandomUncolouredVertexWhenGraphUncoloured()[768]" classname="uk.me.robcook.gcp.domain.SaturationDegreeStrategyTests" time="0.001"/>
  <testcase name="shouldReturnRandomUncolouredVertexWhenGraphUncoloured()[769]" classname="uk.me.robcook.gcp.domain.SaturationDegreeStrategyTests" time="0.0"/>
  <testcase name="shouldReturnRandomUncolouredVertexWhenGraphUncoloured()[770]" classname="uk.me.robcook.gcp.domain.SaturationDegreeStrategyTests" time="0.0"/>
  <testcase name="shouldReturnRandomUncolouredVertexWhenGraphUncoloured()[771]" classname="uk.me.robcook.gcp.domain.SaturationDegreeStrategyTests" time="0.001"/>
  <testcase name="shouldReturnRandomUncolouredVertexWhenGraphUncoloured()[772]" classname="uk.me.robcook.gcp.domain.SaturationDegreeStrategyTests" time="0.0"/>
  <testcase name="shouldReturnRandomUncolouredVertexWhenGraphUncoloured()[773]" classname="uk.me.robcook.gcp.domain.SaturationDegreeStrategyTests" time="0.0"/>
  <testcase name="shouldReturnRandomUncolouredVertexWhenGraphUncoloured()[774]" classname="uk.me.robcook.gcp.domain.SaturationDegreeStrategyTests" time="0.0"/>
  <testcase name="shouldReturnRandomUncolouredVertexWhenGraphUncoloured()[775]" classname="uk.me.robcook.gcp.domain.SaturationDegreeStrategyTests" time="0.0"/>
  <testcase name="shouldReturnRandomUncolouredVertexWhenGraphUncoloured()[776]" classname="uk.me.robcook.gcp.domain.SaturationDegreeStrategyTests" time="0.001"/>
  <testcase name="shouldReturnRandomUncolouredVertexWhenGraphUncoloured()[777]" classname="uk.me.robcook.gcp.domain.SaturationDegreeStrategyTests" time="0.0"/>
  <testcase name="shouldReturnRandomUncolouredVertexWhenGraphUncoloured()[778]" classname="uk.me.robcook.gcp.domain.SaturationDegreeStrategyTests" time="0.0"/>
  <testcase name="shouldReturnRandomUncolouredVertexWhenGraphUncoloured()[779]" classname="uk.me.robcook.gcp.domain.SaturationDegreeStrategyTests" time="0.0"/>
  <testcase name="shouldReturnRandomUncolouredVertexWhenGraphUncoloured()[780]" classname="uk.me.robcook.gcp.domain.SaturationDegreeStrategyTests" time="0.0"/>
  <testcase name="shouldReturnRandomUncolouredVertexWhenGraphUncoloured()[781]" classname="uk.me.robcook.gcp.domain.SaturationDegreeStrategyTests" time="0.0"/>
  <testcase name="shouldReturnRandomUncolouredVertexWhenGraphUncoloured()[782]" classname="uk.me.robcook.gcp.domain.SaturationDegreeStrategyTests" time="0.0"/>
  <testcase name="shouldReturnRandomUncolouredVertexWhenGraphUncoloured()[783]" classname="uk.me.robcook.gcp.domain.SaturationDegreeStrategyTests" time="0.0"/>
  <testcase name="shouldReturnRandomUncolouredVertexWhenGraphUncoloured()[784]" classname="uk.me.robcook.gcp.domain.SaturationDegreeStrategyTests" time="0.0"/>
  <testcase name="shouldReturnRandomUncolouredVertexWhenGraphUncoloured()[785]" classname="uk.me.robcook.gcp.domain.SaturationDegreeStrategyTests" time="0.0"/>
  <testcase name="shouldReturnRandomUncolouredVertexWhenGraphUncoloured()[786]" classname="uk.me.robcook.gcp.domain.SaturationDegreeStrategyTests" time="0.001"/>
  <testcase name="shouldReturnRandomUncolouredVertexWhenGraphUncoloured()[787]" classname="uk.me.robcook.gcp.domain.SaturationDegreeStrategyTests" time="0.0"/>
  <testcase name="shouldReturnRandomUncolouredVertexWhenGraphUncoloured()[788]" classname="uk.me.robcook.gcp.domain.SaturationDegreeStrategyTests" time="0.0"/>
  <testcase name="shouldReturnRandomUncolouredVertexWhenGraphUncoloured()[789]" classname="uk.me.robcook.gcp.domain.SaturationDegreeStrategyTests" time="0.0"/>
  <testcase name="shouldReturnRandomUncolouredVertexWhenGraphUncoloured()[790]" classname="uk.me.robcook.gcp.domain.SaturationDegreeStrategyTests" time="0.0"/>
  <testcase name="shouldReturnRandomUncolouredVertexWhenGraphUncoloured()[791]" classname="uk.me.robcook.gcp.domain.SaturationDegreeStrategyTests" time="0.0"/>
  <testcase name="shouldReturnRandomUncolouredVertexWhenGraphUncoloured()[792]" classname="uk.me.robcook.gcp.domain.SaturationDegreeStrategyTests" time="0.0"/>
  <testcase name="shouldReturnRandomUncolouredVertexWhenGraphUncoloured()[793]" classname="uk.me.robcook.gcp.domain.SaturationDegreeStrategyTests" time="0.0"/>
  <testcase name="shouldReturnRandomUncolouredVertexWhenGraphUncoloured()[794]" classname="uk.me.robcook.gcp.domain.SaturationDegreeStrategyTests" time="0.0"/>
  <testcase name="shouldReturnRandomUncolouredVertexWhenGraphUncoloured()[795]" classname="uk.me.robcook.gcp.domain.SaturationDegreeStrategyTests" time="0.001"/>
  <testcase name="shouldReturnRandomUncolouredVertexWhenGraphUncoloured()[796]" classname="uk.me.robcook.gcp.domain.SaturationDegreeStrategyTests" time="0.0"/>
  <testcase name="shouldReturnRandomUncolouredVertexWhenGraphUncoloured()[797]" classname="uk.me.robcook.gcp.domain.SaturationDegreeStrategyTests" time="0.0"/>
  <testcase name="shouldReturnRandomUncolouredVertexWhenGraphUncoloured()[798]" classname="uk.me.robcook.gcp.domain.SaturationDegreeStrategyTests" time="0.0"/>
  <testcase name="shouldReturnRandomUncolouredVertexWhenGraphUncoloured()[799]" classname="uk.me.robcook.gcp.domain.SaturationDegreeStrategyTests" time="0.0"/>
  <testcase name="shouldReturnRandomUncolouredVertexWhenGraphUncoloured()[800]" classname="uk.me.robcook.gcp.domain.SaturationDegreeStrategyTests" time="0.0"/>
  <testcase name="shouldReturnRandomUncolouredVertexWhenGraphUncoloured()[801]" classname="uk.me.robcook.gcp.domain.SaturationDegreeStrategyTests" time="0.0"/>
  <testcase name="shouldReturnRandomUncolouredVertexWhenGraphUncoloured()[802]" classname="uk.me.robcook.gcp.domain.SaturationDegreeStrategyTests" time="0.0"/>
  <testcase name="shouldReturnRandomUncolouredVertexWhenGraphUncoloured()[803]" classname="uk.me.robcook.gcp.domain.SaturationDegreeStrategyTests" time="0.0"/>
  <testcase name="shouldReturnRandomUncolouredVertexWhenGraphUncoloured()[804]" classname="uk.me.robcook.gcp.domain.SaturationDegreeStrategyTests" time="0.0"/>
  <testcase name="shouldReturnRandomUncolouredVertexWhenGraphUncoloured()[805]" classname="uk.me.robcook.gcp.domain.SaturationDegreeStrategyTests" time="0.0"/>
  <testcase name="shouldReturnRandomUncolouredVertexWhenGraphUncoloured()[806]" classname="uk.me.robcook.gcp.domain.SaturationDegreeStrategyTests" time="0.0"/>
  <testcase name="shouldReturnRandomUncolouredVertexWhenGraphUncoloured()[807]" classname="uk.me.robcook.gcp.domain.SaturationDegreeStrategyTests" time="0.0"/>
  <testcase name="shouldReturnRandomUncolouredVertexWhenGraphUncoloured()[808]" classname="uk.me.robcook.gcp.domain.SaturationDegreeStrategyTests" time="0.0"/>
  <testcase name="shouldReturnRandomUncolouredVertexWhenGraphUncoloured()[809]" classname="uk.me.robcook.gcp.domain.SaturationDegreeStrategyTests" time="0.0"/>
  <testcase name="shouldReturnRandomUncolouredVertexWhenGraphUncoloured()[810]" classname="uk.me.robcook.gcp.domain.SaturationDegreeStrategyTests" time="0.0"/>
  <testcase name="shouldReturnRandomUncolouredVertexWhenGraphUncoloured()[811]" classname="uk.me.robcook.gcp.domain.SaturationDegreeStrategyTests" time="0.0"/>
  <testcase name="shouldReturnRandomUncolouredVertexWhenGraphUncoloured()[812]" classname="uk.me.robcook.gcp.domain.SaturationDegreeStrategyTests" time="0.001"/>
  <testcase name="shouldReturnRandomUncolouredVertexWhenGraphUncoloured()[813]" classname="uk.me.robcook.gcp.domain.SaturationDegreeStrategyTests" time="0.0"/>
  <testcase name="shouldReturnRandomUncolouredVertexWhenGraphUncoloured()[814]" classname="uk.me.robcook.gcp.domain.SaturationDegreeStrategyTests" time="0.001"/>
  <testcase name="shouldReturnRandomUncolouredVertexWhenGraphUncoloured()[815]" classname="uk.me.robcook.gcp.domain.SaturationDegreeStrategyTests" time="0.0"/>
  <testcase name="shouldReturnRandomUncolouredVertexWhenGraphUncoloured()[816]" classname="uk.me.robcook.gcp.domain.SaturationDegreeStrategyTests" time="0.0"/>
  <testcase name="shouldReturnRandomUncolouredVertexWhenGraphUncoloured()[817]" classname="uk.me.robcook.gcp.domain.SaturationDegreeStrategyTests" time="0.0"/>
  <testcase name="shouldReturnRandomUncolouredVertexWhenGraphUncoloured()[818]" classname="uk.me.robcook.gcp.domain.SaturationDegreeStrategyTests" time="0.0"/>
  <testcase name="shouldReturnRandomUncolouredVertexWhenGraphUncoloured()[819]" classname="uk.me.robcook.gcp.domain.SaturationDegreeStrategyTests" time="0.0"/>
  <testcase name="shouldReturnRandomUncolouredVertexWhenGraphUncoloured()[820]" classname="uk.me.robcook.gcp.domain.SaturationDegreeStrategyTests" time="0.001"/>
  <testcase name="shouldReturnRandomUncolouredVertexWhenGraphUncoloured()[821]" classname="uk.me.robcook.gcp.domain.SaturationDegreeStrategyTests" time="0.001"/>
  <testcase name="shouldReturnRandomUncolouredVertexWhenGraphUncoloured()[822]" classname="uk.me.robcook.gcp.domain.SaturationDegreeStrategyTests" time="0.0"/>
  <testcase name="shouldReturnRandomUncolouredVertexWhenGraphUncoloured()[823]" classname="uk.me.robcook.gcp.domain.SaturationDegreeStrategyTests" time="0.0"/>
  <testcase name="shouldReturnRandomUncolouredVertexWhenGraphUncoloured()[824]" classname="uk.me.robcook.gcp.domain.SaturationDegreeStrategyTests" time="0.001"/>
  <testcase name="shouldReturnRandomUncolouredVertexWhenGraphUncoloured()[825]" classname="uk.me.robcook.gcp.domain.SaturationDegreeStrategyTests" time="0.0"/>
  <testcase name="shouldReturnRandomUncolouredVertexWhenGraphUncoloured()[826]" classname="uk.me.robcook.gcp.domain.SaturationDegreeStrategyTests" time="0.0"/>
  <testcase name="shouldReturnRandomUncolouredVertexWhenGraphUncoloured()[827]" classname="uk.me.robcook.gcp.domain.SaturationDegreeStrategyTests" time="0.001"/>
  <testcase name="shouldReturnRandomUncolouredVertexWhenGraphUncoloured()[828]" classname="uk.me.robcook.gcp.domain.SaturationDegreeStrategyTests" time="0.0"/>
  <testcase name="shouldReturnRandomUncolouredVertexWhenGraphUncoloured()[829]" classname="uk.me.robcook.gcp.domain.SaturationDegreeStrategyTests" time="0.0"/>
  <testcase name="shouldReturnRandomUncolouredVertexWhenGraphUncoloured()[830]" classname="uk.me.robcook.gcp.domain.SaturationDegreeStrategyTests" time="0.0"/>
  <testcase name="shouldReturnRandomUncolouredVertexWhenGraphUncoloured()[831]" classname="uk.me.robcook.gcp.domain.SaturationDegreeStrategyTests" time="0.0"/>
  <testcase name="shouldReturnRandomUncolouredVertexWhenGraphUncoloured()[832]" classname="uk.me.robcook.gcp.domain.SaturationDegreeStrategyTests" time="0.0"/>
  <testcase name="shouldReturnRandomUncolouredVertexWhenGraphUncoloured()[833]" classname="uk.me.robcook.gcp.domain.SaturationDegreeStrategyTests" time="0.0"/>
  <testcase name="shouldReturnRandomUncolouredVertexWhenGraphUncoloured()[834]" classname="uk.me.robcook.gcp.domain.SaturationDegreeStrategyTests" time="0.0"/>
  <testcase name="shouldReturnRandomUncolouredVertexWhenGraphUncoloured()[835]" classname="uk.me.robcook.gcp.domain.SaturationDegreeStrategyTests" time="0.0"/>
  <testcase name="shouldReturnRandomUncolouredVertexWhenGraphUncoloured()[836]" classname="uk.me.robcook.gcp.domain.SaturationDegreeStrategyTests" time="0.001"/>
  <testcase name="shouldReturnRandomUncolouredVertexWhenGraphUncoloured()[837]" classname="uk.me.robcook.gcp.domain.SaturationDegreeStrategyTests" time="0.0"/>
  <testcase name="shouldReturnRandomUncolouredVertexWhenGraphUncoloured()[838]" classname="uk.me.robcook.gcp.domain.SaturationDegreeStrategyTests" time="0.0"/>
  <testcase name="shouldReturnRandomUncolouredVertexWhenGraphUncoloured()[839]" classname="uk.me.robcook.gcp.domain.SaturationDegreeStrategyTests" time="0.0"/>
  <testcase name="shouldReturnRandomUncolouredVertexWhenGraphUncoloured()[840]" classname="uk.me.robcook.gcp.domain.SaturationDegreeStrategyTests" time="0.0"/>
  <testcase name="shouldReturnRandomUncolouredVertexWhenGraphUncoloured()[841]" classname="uk.me.robcook.gcp.domain.SaturationDegreeStrategyTests" time="0.0"/>
  <testcase name="shouldReturnRandomUncolouredVertexWhenGraphUncoloured()[842]" classname="uk.me.robcook.gcp.domain.SaturationDegreeStrategyTests" time="0.0"/>
  <testcase name="shouldReturnRandomUncolouredVertexWhenGraphUncoloured()[843]" classname="uk.me.robcook.gcp.domain.SaturationDegreeStrategyTests" time="0.001"/>
  <testcase name="shouldReturnRandomUncolouredVertexWhenGraphUncoloured()[844]" classname="uk.me.robcook.gcp.domain.SaturationDegreeStrategyTests" time="0.0"/>
  <testcase name="shouldReturnRandomUncolouredVertexWhenGraphUncoloured()[845]" classname="uk.me.robcook.gcp.domain.SaturationDegreeStrategyTests" time="0.0"/>
  <testcase name="shouldReturnRandomUncolouredVertexWhenGraphUncoloured()[846]" classname="uk.me.robcook.gcp.domain.SaturationDegreeStrategyTests" time="0.0"/>
  <testcase name="shouldReturnRandomUncolouredVertexWhenGraphUncoloured()[847]" classname="uk.me.robcook.gcp.domain.SaturationDegreeStrategyTests" time="0.0"/>
  <testcase name="shouldReturnRandomUncolouredVertexWhenGraphUncoloured()[848]" classname="uk.me.robcook.gcp.domain.SaturationDegreeStrategyTests" time="0.0"/>
  <testcase name="shouldReturnRandomUncolouredVertexWhenGraphUncoloured()[849]" classname="uk.me.robcook.gcp.domain.SaturationDegreeStrategyTests" time="0.0"/>
  <testcase name="shouldReturnRandomUncolouredVertexWhenGraphUncoloured()[850]" classname="uk.me.robcook.gcp.domain.SaturationDegreeStrategyTests" time="0.0"/>
  <testcase name="shouldReturnRandomUncolouredVertexWhenGraphUncoloured()[851]" classname="uk.me.robcook.gcp.domain.SaturationDegreeStrategyTests" time="0.0"/>
  <testcase name="shouldReturnRandomUncolouredVertexWhenGraphUncoloured()[852]" classname="uk.me.robcook.gcp.domain.SaturationDegreeStrategyTests" time="0.0"/>
  <testcase name="shouldReturnRandomUncolouredVertexWhenGraphUncoloured()[853]" classname="uk.me.robcook.gcp.domain.SaturationDegreeStrategyTests" time="0.0"/>
  <testcase name="shouldReturnRandomUncolouredVertexWhenGraphUncoloured()[854]" classname="uk.me.robcook.gcp.domain.SaturationDegreeStrategyTests" time="0.001"/>
  <testcase name="shouldReturnRandomUncolouredVertexWhenGraphUncoloured()[855]" classname="uk.me.robcook.gcp.domain.SaturationDegreeStrategyTests" time="0.0"/>
  <testcase name="shouldReturnRandomUncolouredVertexWhenGraphUncoloured()[856]" classname="uk.me.robcook.gcp.domain.SaturationDegreeStrategyTests" time="0.0"/>
  <testcase name="shouldReturnRandomUncolouredVertexWhenGraphUncoloured()[857]" classname="uk.me.robcook.gcp.domain.SaturationDegreeStrategyTests" time="0.0"/>
  <testcase name="shouldReturnRandomUncolouredVertexWhenGraphUncoloured()[858]" classname="uk.me.robcook.gcp.domain.SaturationDegreeStrategyTests" time="0.0"/>
  <testcase name="shouldReturnRandomUncolouredVertexWhenGraphUncoloured()[859]" classname="uk.me.robcook.gcp.domain.SaturationDegreeStrategyTests" time="0.0"/>
  <testcase name="shouldReturnRandomUncolouredVertexWhenGraphUncoloured()[860]" classname="uk.me.robcook.gcp.domain.SaturationDegreeStrategyTests" time="0.0"/>
  <testcase name="shouldReturnRandomUncolouredVertexWhenGraphUncoloured()[861]" classname="uk.me.robcook.gcp.domain.SaturationDegreeStrategyTests" time="0.0"/>
  <testcase name="shouldReturnRandomUncolouredVertexWhenGraphUncoloured()[862]" classname="uk.me.robcook.gcp.domain.SaturationDegreeStrategyTests" time="0.0"/>
  <testcase name="shouldReturnRandomUncolouredVertexWhenGraphUncoloured()[863]" classname="uk.me.robcook.gcp.domain.SaturationDegreeStrategyTests" time="0.0"/>
  <testcase name="shouldReturnRandomUncolouredVertexWhenGraphUncoloured()[864]" classname="uk.me.robcook.gcp.domain.SaturationDegreeStrategyTests" time="0.0"/>
  <testcase name="shouldReturnRandomUncolouredVertexWhenGraphUncoloured()[865]" classname="uk.me.robcook.gcp.domain.SaturationDegreeStrategyTests" time="0.0"/>
  <testcase name="shouldReturnRandomUncolouredVertexWhenGraphUncoloured()[866]" classname="uk.me.robcook.gcp.domain.SaturationDegreeStrategyTests" time="0.0"/>
  <testcase name="shouldReturnRandomUncolouredVertexWhenGraphUncoloured()[867]" classname="uk.me.robcook.gcp.domain.SaturationDegreeStrategyTests" time="0.001"/>
  <testcase name="shouldReturnRandomUncolouredVertexWhenGraphUncoloured()[868]" classname="uk.me.robcook.gcp.domain.SaturationDegreeStrategyTests" time="0.0"/>
  <testcase name="shouldReturnRandomUncolouredVertexWhenGraphUncoloured()[869]" classname="uk.me.robcook.gcp.domain.SaturationDegreeStrategyTests" time="0.0"/>
  <testcase name="shouldReturnRandomUncolouredVertexWhenGraphUncoloured()[870]" classname="uk.me.robcook.gcp.domain.SaturationDegreeStrategyTests" time="0.0"/>
  <testcase name="shouldReturnRandomUncolouredVertexWhenGraphUncoloured()[871]" classname="uk.me.robcook.gcp.domain.SaturationDegreeStrategyTests" time="0.0"/>
  <testcase name="shouldReturnRandomUncolouredVertexWhenGraphUncoloured()[872]" classname="uk.me.robcook.gcp.domain.SaturationDegreeStrategyTests" time="0.0"/>
  <testcase name="shouldReturnRandomUncolouredVertexWhenGraphUncoloured()[873]" classname="uk.me.robcook.gcp.domain.SaturationDegreeStrategyTests" time="0.0"/>
  <testcase name="shouldReturnRandomUncolouredVertexWhenGraphUncoloured()[874]" classname="uk.me.robcook.gcp.domain.SaturationDegreeStrategyTests" time="0.0"/>
  <testcase name="shouldReturnRandomUncolouredVertexWhenGraphUncoloured()[875]" classname="uk.me.robcook.gcp.domain.SaturationDegreeStrategyTests" time="0.001"/>
  <testcase name="shouldReturnRandomUncolouredVertexWhenGraphUncoloured()[876]" classname="uk.me.robcook.gcp.domain.SaturationDegreeStrategyTests" time="0.0"/>
  <testcase name="shouldReturnRandomUncolouredVertexWhenGraphUncoloured()[877]" classname="uk.me.robcook.gcp.domain.SaturationDegreeStrategyTests" time="0.0"/>
  <testcase name="shouldReturnRandomUncolouredVertexWhenGraphUncoloured()[878]" classname="uk.me.robcook.gcp.domain.SaturationDegreeStrategyTests" time="0.0"/>
  <testcase name="shouldReturnRandomUncolouredVertexWhenGraphUncoloured()[879]" classname="uk.me.robcook.gcp.domain.SaturationDegreeStrategyTests" time="0.0"/>
  <testcase name="shouldReturnRandomUncolouredVertexWhenGraphUncoloured()[880]" classname="uk.me.robcook.gcp.domain.SaturationDegreeStrategyTests" time="0.001"/>
  <testcase name="shouldReturnRandomUncolouredVertexWhenGraphUncoloured()[881]" classname="uk.me.robcook.gcp.domain.SaturationDegreeStrategyTests" time="0.0"/>
  <testcase name="shouldReturnRandomUncolouredVertexWhenGraphUncoloured()[882]" classname="uk.me.robcook.gcp.domain.SaturationDegreeStrategyTests" time="0.0"/>
  <testcase name="shouldReturnRandomUncolouredVertexWhenGraphUncoloured()[883]" classname="uk.me.robcook.gcp.domain.SaturationDegreeStrategyTests" time="0.0"/>
  <testcase name="shouldReturnRandomUncolouredVertexWhenGraphUncoloured()[884]" classname="uk.me.robcook.gcp.domain.SaturationDegreeStrategyTests" time="0.0"/>
  <testcase name="shouldReturnRandomUncolouredVertexWhenGraphUncoloured()[885]" classname="uk.me.robcook.gcp.domain.SaturationDegreeStrategyTests" time="0.001"/>
  <testcase name="shouldReturnRandomUncolouredVertexWhenGraphUncoloured()[886]" classname="uk.me.robcook.gcp.domain.SaturationDegreeStrategyTests" time="0.0"/>
  <testcase name="shouldReturnRandomUncolouredVertexWhenGraphUncoloured()[887]" classname="uk.me.robcook.gcp.domain.SaturationDegreeStrategyTests" time="0.0"/>
  <testcase name="shouldReturnRandomUncolouredVertexWhenGraphUncoloured()[888]" classname="uk.me.robcook.gcp.domain.SaturationDegreeStrategyTests" time="0.0"/>
  <testcase name="shouldReturnRandomUncolouredVertexWhenGraphUncoloured()[889]" classname="uk.me.robcook.gcp.domain.SaturationDegreeStrategyTests" time="0.0"/>
  <testcase name="shouldReturnRandomUncolouredVertexWhenGraphUncoloured()[890]" classname="uk.me.robcook.gcp.domain.SaturationDegreeStrategyTests" time="0.001"/>
  <testcase name="shouldReturnRandomUncolouredVertexWhenGraphUncoloured()[891]" classname="uk.me.robcook.gcp.domain.SaturationDegreeStrategyTests" time="0.001"/>
  <testcase name="shouldReturnRandomUncolouredVertexWhenGraphUncoloured()[892]" classname="uk.me.robcook.gcp.domain.SaturationDegreeStrategyTests" time="0.0"/>
  <testcase name="shouldReturnRandomUncolouredVertexWhenGraphUncoloured()[893]" classname="uk.me.robcook.gcp.domain.SaturationDegreeStrategyTests" time="0.0"/>
  <testcase name="shouldReturnRandomUncolouredVertexWhenGraphUncoloured()[894]" classname="uk.me.robcook.gcp.domain.SaturationDegreeStrategyTests" time="0.0"/>
  <testcase name="shouldReturnRandomUncolouredVertexWhenGraphUncoloured()[895]" classname="uk.me.robcook.gcp.domain.SaturationDegreeStrategyTests" time="0.0"/>
  <testcase name="shouldReturnRandomUncolouredVertexWhenGraphUncoloured()[896]" classname="uk.me.robcook.gcp.domain.SaturationDegreeStrategyTests" time="0.0"/>
  <testcase name="shouldReturnRandomUncolouredVertexWhenGraphUncoloured()[897]" classname="uk.me.robcook.gcp.domain.SaturationDegreeStrategyTests" time="0.0"/>
  <testcase name="shouldReturnRandomUncolouredVertexWhenGraphUncoloured()[898]" classname="uk.me.robcook.gcp.domain.SaturationDegreeStrategyTests" time="0.0"/>
  <testcase name="shouldReturnRandomUncolouredVertexWhenGraphUncoloured()[899]" classname="uk.me.robcook.gcp.domain.SaturationDegreeStrategyTests" time="0.001"/>
  <testcase name="shouldReturnRandomUncolouredVertexWhenGraphUncoloured()[900]" classname="uk.me.robcook.gcp.domain.SaturationDegreeStrategyTests" time="0.0"/>
  <testcase name="shouldReturnRandomUncolouredVertexWhenGraphUncoloured()[901]" classname="uk.me.robcook.gcp.domain.SaturationDegreeStrategyTests" time="0.0"/>
  <testcase name="shouldReturnRandomUncolouredVertexWhenGraphUncoloured()[902]" classname="uk.me.robcook.gcp.domain.SaturationDegreeStrategyTests" time="0.0"/>
  <testcase name="shouldReturnRandomUncolouredVertexWhenGraphUncoloured()[903]" classname="uk.me.robcook.gcp.domain.SaturationDegreeStrategyTests" time="0.0"/>
  <testcase name="shouldReturnRandomUncolouredVertexWhenGraphUncoloured()[904]" classname="uk.me.robcook.gcp.domain.SaturationDegreeStrategyTests" time="0.0"/>
  <testcase name="shouldReturnRandomUncolouredVertexWhenGraphUncoloured()[905]" classname="uk.me.robcook.gcp.domain.SaturationDegreeStrategyTests" time="0.0"/>
  <testcase name="shouldReturnRandomUncolouredVertexWhenGraphUncoloured()[906]" classname="uk.me.robcook.gcp.domain.SaturationDegreeStrategyTests" time="0.001"/>
  <testcase name="shouldReturnRandomUncolouredVertexWhenGraphUncoloured()[907]" classname="uk.me.robcook.gcp.domain.SaturationDegreeStrategyTests" time="0.0"/>
  <testcase name="shouldReturnRandomUncolouredVertexWhenGraphUncoloured()[908]" classname="uk.me.robcook.gcp.domain.SaturationDegreeStrategyTests" time="0.0"/>
  <testcase name="shouldReturnRandomUncolouredVertexWhenGraphUncoloured()[909]" classname="uk.me.robcook.gcp.domain.SaturationDegreeStrategyTests" time="0.0"/>
  <testcase name="shouldReturnRandomUncolouredVertexWhenGraphUncoloured()[910]" classname="uk.me.robcook.gcp.domain.SaturationDegreeStrategyTests" time="0.0"/>
  <testcase name="shouldReturnRandomUncolouredVertexWhenGraphUncoloured()[911]" classname="uk.me.robcook.gcp.domain.SaturationDegreeStrategyTests" time="0.0"/>
  <testcase name="shouldReturnRandomUncolouredVertexWhenGraphUncoloured()[912]" classname="uk.me.robcook.gcp.domain.SaturationDegreeStrategyTests" time="0.0"/>
  <testcase name="shouldReturnRandomUncolouredVertexWhenGraphUncoloured()[913]" classname="uk.me.robcook.gcp.domain.SaturationDegreeStrategyTests" time="0.0"/>
  <testcase name="shouldReturnRandomUncolouredVertexWhenGraphUncoloured()[914]" classname="uk.me.robcook.gcp.domain.SaturationDegreeStrategyTests" time="0.0"/>
  <testcase name="shouldReturnRandomUncolouredVertexWhenGraphUncoloured()[915]" classname="uk.me.robcook.gcp.domain.SaturationDegreeStrategyTests" time="0.0"/>
  <testcase name="shouldReturnRandomUncolouredVertexWhenGraphUncoloured()[916]" classname="uk.me.robcook.gcp.domain.SaturationDegreeStrategyTests" time="0.0"/>
  <testcase name="shouldReturnRandomUncolouredVertexWhenGraphUncoloured()[917]" classname="uk.me.robcook.gcp.domain.SaturationDegreeStrategyTests" time="0.0"/>
  <testcase name="shouldReturnRandomUncolouredVertexWhenGraphUncoloured()[918]" classname="uk.me.robcook.gcp.domain.SaturationDegreeStrategyTests" time="0.0"/>
  <testcase name="shouldReturnRandomUncolouredVertexWhenGraphUncoloured()[919]" classname="uk.me.robcook.gcp.domain.SaturationDegreeStrategyTests" time="0.0"/>
  <testcase name="shouldReturnRandomUncolouredVertexWhenGraphUncoloured()[920]" classname="uk.me.robcook.gcp.domain.SaturationDegreeStrategyTests" time="0.0"/>
  <testcase name="shouldReturnRandomUncolouredVertexWhenGraphUncoloured()[921]" classname="uk.me.robcook.gcp.domain.SaturationDegreeStrategyTests" time="0.0"/>
  <testcase name="shouldReturnRandomUncolouredVertexWhenGraphUncoloured()[922]" classname="uk.me.robcook.gcp.domain.SaturationDegreeStrategyTests" time="0.0"/>
  <testcase name="shouldReturnRandomUncolouredVertexWhenGraphUncoloured()[923]" classname="uk.me.robcook.gcp.domain.SaturationDegreeStrategyTests" time="0.0"/>
  <testcase name="shouldReturnRandomUncolouredVertexWhenGraphUncoloured()[924]" classname="uk.me.robcook.gcp.domain.SaturationDegreeStrategyTests" time="0.0"/>
  <testcase name="shouldReturnRandomUncolouredVertexWhenGraphUncoloured()[925]" classname="uk.me.robcook.gcp.domain.SaturationDegreeStrategyTests" time="0.0"/>
  <testcase name="shouldReturnRandomUncolouredVertexWhenGraphUncoloured()[926]" classname="uk.me.robcook.gcp.domain.SaturationDegreeStrategyTests" time="0.0"/>
  <testcase name="shouldReturnRandomUncolouredVertexWhenGraphUncoloured()[927]" classname="uk.me.robcook.gcp.domain.SaturationDegreeStrategyTests" time="0.0"/>
  <testcase name="shouldReturnRandomUncolouredVertexWhenGraphUncoloured()[928]" classname="uk.me.robcook.gcp.domain.SaturationDegreeStrategyTests" time="0.0"/>
  <testcase name="shouldReturnRandomUncolouredVertexWhenGraphUncoloured()[929]" classname="uk.me.robcook.gcp.domain.SaturationDegreeStrategyTests" time="0.0"/>
  <testcase name="shouldReturnRandomUncolouredVertexWhenGraphUncoloured()[930]" classname="uk.me.robcook.gcp.domain.SaturationDegreeStrategyTests" time="0.0"/>
  <testcase name="shouldReturnRandomUncolouredVertexWhenGraphUncoloured()[931]" classname="uk.me.robcook.gcp.domain.SaturationDegreeStrategyTests" time="0.0"/>
  <testcase name="shouldReturnRandomUncolouredVertexWhenGraphUncoloured()[932]" classname="uk.me.robcook.gcp.domain.SaturationDegreeStrategyTests" time="0.0"/>
  <testcase name="shouldReturnRandomUncolouredVertexWhenGraphUncoloured()[933]" classname="uk.me.robcook.gcp.domain.SaturationDegreeStrategyTests" time="0.001"/>
  <testcase name="shouldReturnRandomUncolouredVertexWhenGraphUncoloured()[934]" classname="uk.me.robcook.gcp.domain.SaturationDegreeStrategyTests" time="0.0"/>
  <testcase name="shouldReturnRandomUncolouredVertexWhenGraphUncoloured()[935]" classname="uk.me.robcook.gcp.domain.SaturationDegreeStrategyTests" time="0.0"/>
  <testcase name="shouldReturnRandomUncolouredVertexWhenGraphUncoloured()[936]" classname="uk.me.robcook.gcp.domain.SaturationDegreeStrategyTests" time="0.0"/>
  <testcase name="shouldReturnRandomUncolouredVertexWhenGraphUncoloured()[937]" classname="uk.me.robcook.gcp.domain.SaturationDegreeStrategyTests" time="0.0"/>
  <testcase name="shouldReturnRandomUncolouredVertexWhenGraphUncoloured()[938]" classname="uk.me.robcook.gcp.domain.SaturationDegreeStrategyTests" time="0.001"/>
  <testcase name="shouldReturnRandomUncolouredVertexWhenGraphUncoloured()[939]" classname="uk.me.robcook.gcp.domain.SaturationDegreeStrategyTests" time="0.0"/>
  <testcase name="shouldReturnRandomUncolouredVertexWhenGraphUncoloured()[940]" classname="uk.me.robcook.gcp.domain.SaturationDegreeStrategyTests" time="0.0"/>
  <testcase name="shouldReturnRandomUncolouredVertexWhenGraphUncoloured()[941]" classname="uk.me.robcook.gcp.domain.SaturationDegreeStrategyTests" time="0.0"/>
  <testcase name="shouldReturnRandomUncolouredVertexWhenGraphUncoloured()[942]" classname="uk.me.robcook.gcp.domain.SaturationDegreeStrategyTests" time="0.0"/>
  <testcase name="shouldReturnRandomUncolouredVertexWhenGraphUncoloured()[943]" classname="uk.me.robcook.gcp.domain.SaturationDegreeStrategyTests" time="0.001"/>
  <testcase name="shouldReturnRandomUncolouredVertexWhenGraphUncoloured()[944]" classname="uk.me.robcook.gcp.domain.SaturationDegreeStrategyTests" time="0.0"/>
  <testcase name="shouldReturnRandomUncolouredVertexWhenGraphUncoloured()[945]" classname="uk.me.robcook.gcp.domain.SaturationDegreeStrategyTests" time="0.0"/>
  <testcase name="shouldReturnRandomUncolouredVertexWhenGraphUncoloured()[946]" classname="uk.me.robcook.gcp.domain.SaturationDegreeStrategyTests" time="0.0"/>
  <testcase name="shouldReturnRandomUncolouredVertexWhenGraphUncoloured()[947]" classname="uk.me.robcook.gcp.domain.SaturationDegreeStrategyTests" time="0.0"/>
  <testcase name="shouldReturnRandomUncolouredVertexWhenGraphUncoloured()[948]" classname="uk.me.robcook.gcp.domain.SaturationDegreeStrategyTests" time="0.0"/>
  <testcase name="shouldReturnRandomUncolouredVertexWhenGraphUncoloured()[949]" classname="uk.me.robcook.gcp.domain.SaturationDegreeStrategyTests" time="0.0"/>
  <testcase name="shouldReturnRandomUncolouredVertexWhenGraphUncoloured()[950]" classname="uk.me.robcook.gcp.domain.SaturationDegreeStrategyTests" time="0.0"/>
  <testcase name="shouldReturnRandomUncolouredVertexWhenGraphUncoloured()[951]" classname="uk.me.robcook.gcp.domain.SaturationDegreeStrategyTests" time="0.0"/>
  <testcase name="shouldReturnRandomUncolouredVertexWhenGraphUncoloured()[952]" classname="uk.me.robcook.gcp.domain.SaturationDegreeStrategyTests" time="0.0"/>
  <testcase name="shouldReturnRandomUncolouredVertexWhenGraphUncoloured()[953]" classname="uk.me.robcook.gcp.domain.SaturationDegreeStrategyTests" time="0.0"/>
  <testcase name="shouldReturnRandomUncolouredVertexWhenGraphUncoloured()[954]" classname="uk.me.robcook.gcp.domain.SaturationDegreeStrategyTests" time="0.001"/>
  <testcase name="shouldReturnRandomUncolouredVertexWhenGraphUncoloured()[955]" classname="uk.me.robcook.gcp.domain.SaturationDegreeStrategyTests" time="0.0"/>
  <testcase name="shouldReturnRandomUncolouredVertexWhenGraphUncoloured()[956]" classname="uk.me.robcook.gcp.domain.SaturationDegreeStrategyTests" time="0.0"/>
  <testcase name="shouldReturnRandomUncolouredVertexWhenGraphUncoloured()[957]" classname="uk.me.robcook.gcp.domain.SaturationDegreeStrategyTests" time="0.0"/>
  <testcase name="shouldReturnRandomUncolouredVertexWhenGraphUncoloured()[958]" classname="uk.me.robcook.gcp.domain.SaturationDegreeStrategyTests" time="0.0"/>
  <testcase name="shouldReturnRandomUncolouredVertexWhenGraphUncoloured()[959]" classname="uk.me.robcook.gcp.domain.SaturationDegreeStrategyTests" time="0.0"/>
  <testcase name="shouldReturnRandomUncolouredVertexWhenGraphUncoloured()[960]" classname="uk.me.robcook.gcp.domain.SaturationDegreeStrategyTests" time="0.0"/>
  <testcase name="shouldReturnRandomUncolouredVertexWhenGraphUncoloured()[961]" classname="uk.me.robcook.gcp.domain.SaturationDegreeStrategyTests" time="0.0"/>
  <testcase name="shouldReturnRandomUncolouredVertexWhenGraphUncoloured()[962]" classname="uk.me.robcook.gcp.domain.SaturationDegreeStrategyTests" time="0.0"/>
  <testcase name="shouldReturnRandomUncolouredVertexWhenGraphUncoloured()[963]" classname="uk.me.robcook.gcp.domain.SaturationDegreeStrategyTests" time="0.0"/>
  <testcase name="shouldReturnRandomUncolouredVertexWhenGraphUncoloured()[964]" classname="uk.me.robcook.gcp.domain.SaturationDegreeStrategyTests" time="0.0"/>
  <testcase name="shouldReturnRandomUncolouredVertexWhenGraphUncoloured()[965]" classname="uk.me.robcook.gcp.domain.SaturationDegreeStrategyTests" time="0.001"/>
  <testcase name="shouldReturnRandomUncolouredVertexWhenGraphUncoloured()[966]" classname="uk.me.robcook.gcp.domain.SaturationDegreeStrategyTests" time="0.0"/>
  <testcase name="shouldReturnRandomUncolouredVertexWhenGraphUncoloured()[967]" classname="uk.me.robcook.gcp.domain.SaturationDegreeStrategyTests" time="0.0"/>
  <testcase name="shouldReturnRandomUncolouredVertexWhenGraphUncoloured()[968]" classname="uk.me.robcook.gcp.domain.SaturationDegreeStrategyTests" time="0.0"/>
  <testcase name="shouldReturnRandomUncolouredVertexWhenGraphUncoloured()[969]" classname="uk.me.robcook.gcp.domain.SaturationDegreeStrategyTests" time="0.0"/>
  <testcase name="shouldReturnRandomUncolouredVertexWhenGraphUncoloured()[970]" classname="uk.me.robcook.gcp.domain.SaturationDegreeStrategyTests" time="0.0"/>
  <testcase name="shouldReturnRandomUncolouredVertexWhenGraphUncoloured()[971]" classname="uk.me.robcook.gcp.domain.SaturationDegreeStrategyTests" time="0.0"/>
  <testcase name="shouldReturnRandomUncolouredVertexWhenGraphUncoloured()[972]" classname="uk.me.robcook.gcp.domain.SaturationDegreeStrategyTests" time="0.0"/>
  <testcase name="shouldReturnRandomUncolouredVertexWhenGraphUncoloured()[973]" classname="uk.me.robcook.gcp.domain.SaturationDegreeStrategyTests" time="0.0"/>
  <testcase name="shouldReturnRandomUncolouredVertexWhenGraphUncoloured()[974]" classname="uk.me.robcook.gcp.domain.SaturationDegreeStrategyTests" time="0.0"/>
  <testcase name="shouldReturnRandomUncolouredVertexWhenGraphUncoloured()[975]" classname="uk.me.robcook.gcp.domain.SaturationDegreeStrategyTests" time="0.0"/>
  <testcase name="shouldReturnRandomUncolouredVertexWhenGraphUncoloured()[976]" classname="uk.me.robcook.gcp.domain.SaturationDegreeStrategyTests" time="0.0"/>
  <testcase name="shouldReturnRandomUncolouredVertexWhenGraphUncoloured()[977]" classname="uk.me.robcook.gcp.domain.SaturationDegreeStrategyTests" time="0.0"/>
  <testcase name="shouldReturnRandomUncolouredVertexWhenGraphUncoloured()[978]" classname="uk.me.robcook.gcp.domain.SaturationDegreeStrategyTests" time="0.0"/>
  <testcase name="shouldReturnRandomUncolouredVertexWhenGraphUncoloured()[979]" classname="uk.me.robcook.gcp.domain.SaturationDegreeStrategyTests" time="0.0"/>
  <testcase name="shouldReturnRandomUncolouredVertexWhenGraphUncoloured()[980]" classname="uk.me.robcook.gcp.domain.SaturationDegreeStrategyTests" time="0.0"/>
  <testcase name="shouldReturnRandomUncolouredVertexWhenGraphUncoloured()[981]" classname="uk.me.robcook.gcp.domain.SaturationDegreeStrategyTests" time="0.0"/>
  <testcase name="shouldReturnRandomUncolouredVertexWhenGraphUncoloured()[982]" classname="uk.me.robcook.gcp.domain.SaturationDegreeStrategyTests" time="0.0"/>
  <testcase name="shouldReturnRandomUncolouredVertexWhenGraphUncoloured()[983]" classname="uk.me.robcook.gcp.domain.SaturationDegreeStrategyTests" time="0.0"/>
  <testcase name="shouldReturnRandomUncolouredVertexWhenGraphUncoloured()[984]" classname="uk.me.robcook.gcp.domain.SaturationDegreeStrategyTests" time="0.0"/>
  <testcase name="shouldReturnRandomUncolouredVertexWhenGraphUncoloured()[985]" classname="uk.me.robcook.gcp.domain.SaturationDegreeStrategyTests" time="0.0"/>
  <testcase name="shouldReturnRandomUncolouredVertexWhenGraphUncoloured()[986]" classname="uk.me.robcook.gcp.domain.SaturationDegreeStrategyTests" time="0.0"/>
  <testcase name="shouldReturnRandomUncolouredVertexWhenGraphUncoloured()[987]" classname="uk.me.robcook.gcp.domain.SaturationDegreeStrategyTests" time="0.0"/>
  <testcase name="shouldReturnRandomUncolouredVertexWhenGraphUncoloured()[988]" classname="uk.me.robcook.gcp.domain.SaturationDegreeStrategyTests" time="0.0"/>
  <testcase name="shouldReturnRandomUncolouredVertexWhenGraphUncoloured()[989]" classname="uk.me.robcook.gcp.domain.SaturationDegreeStrategyTests" time="0.0"/>
  <testcase name="shouldReturnRandomUncolouredVertexWhenGraphUncoloured()[990]" classname="uk.me.robcook.gcp.domain.SaturationDegreeStrategyTests" time="0.0"/>
  <testcase name="shouldReturnRandomUncolouredVertexWhenGraphUncoloured()[991]" classname="uk.me.robcook.gcp.domain.SaturationDegreeStrategyTests" time="0.0"/>
  <testcase name="shouldReturnRandomUncolouredVertexWhenGraphUncoloured()[992]" classname="uk.me.robcook.gcp.domain.SaturationDegreeStrategyTests" time="0.0"/>
  <testcase name="shouldReturnRandomUncolouredVertexWhenGraphUncoloured()[993]" classname="uk.me.robcook.gcp.domain.SaturationDegreeStrategyTests" time="0.0"/>
  <testcase name="shouldReturnRandomUncolouredVertexWhenGraphUncoloured()[994]" classname="uk.me.robcook.gcp.domain.SaturationDegreeStrategyTests" time="0.001"/>
  <testcase name="shouldReturnRandomUncolouredVertexWhenGraphUncoloured()[995]" classname="uk.me.robcook.gcp.domain.SaturationDegreeStrategyTests" time="0.0"/>
  <testcase name="shouldReturnRandomUncolouredVertexWhenGraphUncoloured()[996]" classname="uk.me.robcook.gcp.domain.SaturationDegreeStrategyTests" time="0.0"/>
  <testcase name="shouldReturnRandomUncolouredVertexWhenGraphUncoloured()[997]" classname="uk.me.robcook.gcp.domain.SaturationDegreeStrategyTests" time="0.0"/>
  <testcase name="shouldReturnRandomUncolouredVertexWhenGraphUncoloured()[998]" classname="uk.me.robcook.gcp.domain.SaturationDegreeStrategyTests" time="0.0"/>
  <testcase name="shouldReturnRandomUncolouredVertexWhenGraphUncoloured()[999]" classname="uk.me.robcook.gcp.domain.SaturationDegreeStrategyTests" time="0.0"/>
  <testcase name="shouldReturnRandomUncolouredVertexWhenGraphUncoloured()[1000]" classname="uk.me.robcook.gcp.domain.SaturationDegreeStrategyTests" time="0.0"/>
  <testcase name="shouldReturnOnlyUncolouredVertexWhenAllVerticesBarOneColoured" classname="uk.me.robcook.gcp.domain.SaturationDegreeStrategyTests" time="0.001"/>
</testsuite>